2018-07-09 09:28:59 [INFO] [org.springframework.data.repository.config.RepositoryConfigurationDelegate:163] - Multiple Spring Data modules found, entering strict repository configuration mode! 
2018-07-09 09:29:01 [INFO] [org.apache.juli.logging.DirectJDKLog:180] - Initializing ProtocolHandler ["http-nio-8080"] 
2018-07-09 09:29:01 [INFO] [org.apache.juli.logging.DirectJDKLog:180] - Starting service [Tomcat] 
2018-07-09 09:29:01 [INFO] [org.apache.juli.logging.DirectJDKLog:180] - Starting Servlet Engine: Apache Tomcat/8.5.29 
2018-07-09 09:29:01 [INFO] [org.apache.juli.logging.DirectJDKLog:180] - The APR based Apache Tomcat Native library which allows optimal performance in production environments was not found on the java.library.path: [F:\Program Files\Java\jdk1.8.0_65\bin;C:\Windows\Sun\Java\bin;C:\Windows\system32;C:\Windows;F:/Program Files/Java/bin/server;F:/Program Files/Java/bin;F:/Program Files/Java/lib/amd64;C:\Program Files (x86)\NVIDIA Corporation\PhysX\Common;C:\Program Files (x86)\Intel\iCLS Client\;C:\Program Files\Intel\iCLS Client\;C:\ProgramData\Oracle\Java\javapath;C:\Windows\system32;C:\Windows;C:\Windows\System32\Wbem;C:\Windows\System32\WindowsPowerShell\v1.0\;F:\Program Files\nodejs\;C:\Program Files\Intel\Intel(R) Management Engine Components\DAL;C:\Program Files\Intel\Intel(R) Management Engine Components\IPT;C:\Program Files (x86)\Intel\Intel(R) Management Engine Components\DAL;C:\Program Files (x86)\Intel\Intel(R) Management Engine Components\IPT;C:\Program Files (x86)\Intel\OpenCL SDK\2.0\bin\x86;C:\Program Files (x86)\Intel\OpenCL SDK\2.0\bin\x64;F:\Program Files\TortoiseGit\bin;F:\Program Files (x86)\MySQL\MySQL Server 5.5\bin;F:\Program Files\TortoiseSVN\bin;f:\Program Files\Git\cmd;C:\Users\chenjia\AppData\Roaming\npm;F:\Python27;D:\apache-maven-3.2.5\bin;D:\spring-2.0.1.RELEASE\bin;F:\Program Files\gradle-4.8\bin;;D:\开发\eclipse;;.] 
2018-07-09 09:29:02 [INFO] [org.apache.juli.logging.DirectJDKLog:180] - Initializing Spring embedded WebApplicationContext 
2018-07-09 09:29:03 [WARN] [com.netflix.config.sources.URLConfigurationSource:121] - No URLs will be polled as dynamic configuration sources. 
2018-07-09 09:29:03 [INFO] [com.netflix.config.sources.URLConfigurationSource:122] - To enable URLs as dynamic configuration sources, define System property archaius.configurationSource.additionalUrls or make config.properties available on classpath. 
2018-07-09 09:29:03 [WARN] [com.netflix.config.sources.URLConfigurationSource:121] - No URLs will be polled as dynamic configuration sources. 
2018-07-09 09:29:03 [INFO] [com.netflix.config.sources.URLConfigurationSource:122] - To enable URLs as dynamic configuration sources, define System property archaius.configurationSource.additionalUrls or make config.properties available on classpath. 
2018-07-09 09:29:03 [DEBUG] [org.hibernate.validator.internal.engine.resolver.TraversableResolvers:60] - Cannot find javax.persistence.Persistence on classpath. Assuming non JPA 2 environment. All properties will per default be traversable. 
2018-07-09 09:29:03 [DEBUG] [org.hibernate.validator.messageinterpolation.ResourceBundleMessageInterpolator:89] - Loaded expression factory via original TCCL 
2018-07-09 09:29:03 [DEBUG] [org.hibernate.validator.internal.engine.resolver.TraversableResolvers:60] - Cannot find javax.persistence.Persistence on classpath. Assuming non JPA 2 environment. All properties will per default be traversable. 
2018-07-09 09:29:03 [DEBUG] [org.hibernate.validator.internal.engine.ConfigurationImpl:148] - Setting custom MessageInterpolator of type org.springframework.validation.beanvalidation.LocaleContextMessageInterpolator 
2018-07-09 09:29:03 [DEBUG] [org.hibernate.validator.internal.engine.ConfigurationImpl:180] - Setting custom ConstraintValidatorFactory of type org.springframework.validation.beanvalidation.SpringConstraintValidatorFactory 
2018-07-09 09:29:03 [DEBUG] [org.hibernate.validator.internal.engine.ConfigurationImpl:194] - Setting custom ParameterNameProvider of type org.springframework.validation.beanvalidation.LocalValidatorFactoryBean$1 
2018-07-09 09:29:03 [DEBUG] [org.hibernate.validator.internal.xml.ValidationXmlParser:133] - Trying to load META-INF/validation.xml for XML based Validator configuration. 
2018-07-09 09:29:03 [DEBUG] [org.hibernate.validator.internal.xml.ResourceLoaderHelper:53] - Trying to load META-INF/validation.xml via user class loader 
2018-07-09 09:29:03 [DEBUG] [org.hibernate.validator.internal.xml.ResourceLoaderHelper:60] - Trying to load META-INF/validation.xml via TCCL 
2018-07-09 09:29:03 [DEBUG] [org.hibernate.validator.internal.xml.ResourceLoaderHelper:66] - Trying to load META-INF/validation.xml via Hibernate Validator's class loader 
2018-07-09 09:29:03 [DEBUG] [org.hibernate.validator.internal.xml.ValidationXmlParser:140] - No META-INF/validation.xml found. Using annotation based configuration only. 
2018-07-09 09:29:03 [DEBUG] [org.hibernate.validator.internal.engine.ValidatorFactoryImpl:578] - HV000234: Using org.springframework.validation.beanvalidation.LocaleContextMessageInterpolator as ValidatorFactory-scoped message interpolator. 
2018-07-09 09:29:03 [DEBUG] [org.hibernate.validator.internal.engine.ValidatorFactoryImpl:579] - HV000234: Using org.hibernate.validator.internal.engine.resolver.TraverseAllTraversableResolver as ValidatorFactory-scoped traversable resolver. 
2018-07-09 09:29:03 [DEBUG] [org.hibernate.validator.internal.engine.ValidatorFactoryImpl:580] - HV000234: Using org.hibernate.validator.internal.util.ExecutableParameterNameProvider as ValidatorFactory-scoped parameter name provider. 
2018-07-09 09:29:03 [DEBUG] [org.hibernate.validator.internal.engine.ValidatorFactoryImpl:581] - HV000234: Using org.hibernate.validator.internal.engine.DefaultClockProvider as ValidatorFactory-scoped clock provider. 
2018-07-09 09:29:03 [DEBUG] [org.hibernate.validator.internal.engine.ValidatorFactoryImpl:582] - HV000234: Using org.hibernate.validator.internal.engine.scripting.DefaultScriptEvaluatorFactory as ValidatorFactory-scoped script evaluator factory. 
2018-07-09 09:29:07 [INFO] [com.netflix.discovery.DiscoveryClient:349] - Initializing Eureka in region us-east-1 
2018-07-09 09:29:07 [INFO] [com.netflix.discovery.provider.DiscoveryJerseyProvider:70] - Using JSON encoding codec LegacyJacksonJson 
2018-07-09 09:29:07 [INFO] [com.netflix.discovery.provider.DiscoveryJerseyProvider:71] - Using JSON decoding codec LegacyJacksonJson 
2018-07-09 09:29:07 [INFO] [com.netflix.discovery.provider.DiscoveryJerseyProvider:80] - Using XML encoding codec XStreamXml 
2018-07-09 09:29:07 [INFO] [com.netflix.discovery.provider.DiscoveryJerseyProvider:81] - Using XML decoding codec XStreamXml 
2018-07-09 09:29:07 [INFO] [com.netflix.discovery.shared.resolver.aws.ConfigClusterResolver:43] - Resolving eureka endpoints via configuration 
2018-07-09 09:29:07 [DEBUG] [com.netflix.discovery.endpoint.EndpointUtils:240] - The availability zone for the given region us-east-1 are [defaultZone] 
2018-07-09 09:29:07 [DEBUG] [com.netflix.discovery.shared.resolver.aws.ConfigClusterResolver:89] - Config resolved to [AwsEndpoint{ serviceUrl='http://localhost:8100/eureka/', region='us-east-1', zone='defaultZone'}] 
2018-07-09 09:29:07 [DEBUG] [com.netflix.discovery.shared.resolver.aws.ZoneAffinityClusterResolver:66] - Local zone=defaultZone; resolved to: [AwsEndpoint{ serviceUrl='http://localhost:8100/eureka/', region='us-east-1', zone='defaultZone'}] 
2018-07-09 09:29:07 [INFO] [com.netflix.discovery.DiscoveryClient:958] - Disable delta property : false 
2018-07-09 09:29:07 [INFO] [com.netflix.discovery.DiscoveryClient:959] - Single vip registry refresh property : null 
2018-07-09 09:29:07 [INFO] [com.netflix.discovery.DiscoveryClient:960] - Force full registry fetch : false 
2018-07-09 09:29:07 [INFO] [com.netflix.discovery.DiscoveryClient:961] - Application is null : false 
2018-07-09 09:29:07 [INFO] [com.netflix.discovery.DiscoveryClient:962] - Registered Applications size is zero : true 
2018-07-09 09:29:07 [INFO] [com.netflix.discovery.DiscoveryClient:964] - Application version is -1: true 
2018-07-09 09:29:07 [INFO] [com.netflix.discovery.DiscoveryClient:1047] - Getting all instance registry info from the eureka server 
2018-07-09 09:29:07 [DEBUG] [com.netflix.discovery.shared.transport.decorator.SessionedEurekaHttpClient:67] - Ending a session and starting anew 
2018-07-09 09:29:07 [DEBUG] [com.netflix.discovery.shared.transport.jersey.AbstractJerseyEurekaHttpClient:42] - Created client for url: http://localhost:8100/eureka/ 
2018-07-09 09:29:08 [DEBUG] [com.netflix.discovery.util.DeserializerStringCache:122] - clearing global-level cache with size 1 
2018-07-09 09:29:08 [DEBUG] [com.netflix.discovery.util.DeserializerStringCache:126] - clearing app-level serialization cache with size 9 
2018-07-09 09:29:08 [DEBUG] [com.netflix.discovery.shared.transport.jersey.AbstractJerseyEurekaHttpClient:206] - Jersey HTTP GET http://localhost:8100/eureka//apps/?; statusCode=200 
2018-07-09 09:29:08 [DEBUG] [com.netflix.discovery.shared.transport.decorator.RedirectingEurekaHttpClient:121] - Pinning to endpoint null 
2018-07-09 09:29:08 [INFO] [com.netflix.discovery.DiscoveryClient:1056] - The response status is 200 
2018-07-09 09:29:08 [DEBUG] [com.netflix.discovery.DiscoveryClient:1062] - Got full registry with apps hashcode UP_1_ 
2018-07-09 09:29:08 [DEBUG] [com.netflix.discovery.DiscoveryClient:1126] - The total number of all instances in the client now is 1 
2018-07-09 09:29:08 [INFO] [com.netflix.discovery.DiscoveryClient:1264] - Starting heartbeat executor: renew interval is: 30 
2018-07-09 09:29:08 [INFO] [com.netflix.discovery.InstanceInfoReplicator:60] - InstanceInfoReplicator onDemand update allowed rate per min is 4 
2018-07-09 09:29:08 [INFO] [com.netflix.discovery.DiscoveryClient:449] - Discovery Client initialized at timestamp 1531099748254 with initial instances count: 1 
2018-07-09 09:29:08 [INFO] [com.netflix.discovery.DiscoveryClient$3:1299] - Saw local status change event StatusChangeEvent [timestamp=1531099748261, current=UP, previous=STARTING] 
2018-07-09 09:29:08 [DEBUG] [com.netflix.discovery.InstanceInfoReplicator$1:93] - Executing on-demand update of local InstanceInfo 
2018-07-09 09:29:08 [DEBUG] [com.netflix.discovery.InstanceInfoReplicator$1:97] - Canceling the latest scheduled update, it will be rescheduled at the end of on demand update 
2018-07-09 09:29:08 [INFO] [com.netflix.discovery.DiscoveryClient:826] - DiscoveryClient_LXT-CONSUMER/chenjia-PC:lxt-consumer:8080: registering service... 
2018-07-09 09:29:08 [DEBUG] [com.netflix.discovery.shared.transport.decorator.SessionedEurekaHttpClient:67] - Ending a session and starting anew 
2018-07-09 09:29:08 [DEBUG] [com.netflix.discovery.shared.transport.jersey.AbstractJerseyEurekaHttpClient:42] - Created client for url: http://localhost:8100/eureka/ 
2018-07-09 09:29:08 [INFO] [org.apache.juli.logging.DirectJDKLog:180] - Starting ProtocolHandler ["http-nio-8080"] 
2018-07-09 09:29:08 [INFO] [org.apache.juli.logging.DirectJDKLog:180] - Using a shared selector for servlet write/read 
2018-07-09 09:29:08 [DEBUG] [com.netflix.discovery.shared.transport.jersey.AbstractJerseyEurekaHttpClient:60] - Jersey HTTP POST http://localhost:8100/eureka//apps/LXT-CONSUMER with instance chenjia-PC:lxt-consumer:8080; statusCode=204 
2018-07-09 09:29:08 [DEBUG] [com.netflix.discovery.shared.transport.decorator.RedirectingEurekaHttpClient:121] - Pinning to endpoint null 
2018-07-09 09:29:08 [INFO] [com.netflix.discovery.DiscoveryClient:835] - DiscoveryClient_LXT-CONSUMER/chenjia-PC:lxt-consumer:8080 - registration status: 204 
2018-07-09 09:29:38 [DEBUG] [com.netflix.discovery.util.DeserializerStringCache:122] - clearing global-level cache with size 1 
2018-07-09 09:29:38 [DEBUG] [com.netflix.discovery.util.DeserializerStringCache:126] - clearing app-level serialization cache with size 16 
2018-07-09 09:29:38 [DEBUG] [com.netflix.discovery.shared.transport.jersey.AbstractJerseyEurekaHttpClient:206] - Jersey HTTP GET http://localhost:8100/eureka//apps/delta?; statusCode=200 
2018-07-09 09:29:38 [DEBUG] [com.netflix.discovery.DiscoveryClient:1095] - Got delta update with apps hashcode UP_2_ 
2018-07-09 09:29:38 [DEBUG] [com.netflix.discovery.DiscoveryClient:1208] - Added instance chenjia-PC:lxt-manage:8200 to the existing apps in region null 
2018-07-09 09:29:38 [DEBUG] [com.netflix.discovery.DiscoveryClient:1208] - Added instance chenjia-PC:lxt-consumer:8080 to the existing apps in region null 
2018-07-09 09:29:38 [DEBUG] [com.netflix.discovery.DiscoveryClient:1229] - The total number of instances fetched by the delta processor : 2 
2018-07-09 09:29:38 [DEBUG] [com.netflix.discovery.DiscoveryClient:1126] - The total number of all instances in the client now is 2 
2018-07-09 09:29:38 [DEBUG] [com.netflix.discovery.DiscoveryClient:1489] - Completed cache refresh task for discovery. All Apps hash code is Local region apps hashcode: UP_2_, is fetching remote regions? false  
2018-07-09 09:29:38 [DEBUG] [com.netflix.discovery.shared.transport.jersey.AbstractJerseyEurekaHttpClient:110] - Jersey HTTP PUT http://localhost:8100/eureka//apps/LXT-CONSUMER/chenjia-PC:lxt-consumer:8080; statusCode=200 
2018-07-09 09:29:38 [DEBUG] [com.netflix.discovery.DiscoveryClient:847] - DiscoveryClient_LXT-CONSUMER/chenjia-PC:lxt-consumer:8080 - Heartbeat status: 200 
2018-07-09 09:30:03 [INFO] [org.apache.juli.logging.DirectJDKLog:180] - Initializing Spring FrameworkServlet 'dispatcherServlet' 
2018-07-09 09:30:08 [DEBUG] [com.netflix.loadbalancer.ZoneAffinityServerListFilter:83] - ZoneAffinity is set to true 
2018-07-09 09:30:08 [DEBUG] [com.netflix.loadbalancer.ZoneAffinityServerListFilter:93] - activeReqeustsPerServerThreshold: 0.6 
2018-07-09 09:30:08 [DEBUG] [com.netflix.loadbalancer.ZoneAffinityServerListFilter:95] - blackOutServerPercentageThreshold: 0.8 
2018-07-09 09:30:08 [DEBUG] [com.netflix.loadbalancer.ZoneAffinityServerListFilter:97] - availableServersThreshold: 2 
2018-07-09 09:30:08 [INFO] [com.netflix.config.ChainedDynamicProperty$ChainLink:115] - Flipping property: lxt-manage.ribbon.ActiveConnectionsLimit to use NEXT property: niws.loadbalancer.availabilityFilteringRule.activeConnectionsLimit = 2147483647 
2018-07-09 09:30:08 [DEBUG] [com.netflix.loadbalancer.BaseLoadBalancer:319] - LoadBalancer [lxt-manage]:  pingIntervalSeconds set to 30 
2018-07-09 09:30:08 [DEBUG] [com.netflix.loadbalancer.BaseLoadBalancer:337] - LoadBalancer [lxt-manage]: maxTotalPingTime set to 2 
2018-07-09 09:30:08 [INFO] [com.netflix.util.concurrent.ShutdownEnabledTimer:58] - Shutdown hook installed for: NFLoadBalancer-PingTimer-lxt-manage 
2018-07-09 09:30:08 [DEBUG] [com.netflix.loadbalancer.BaseLoadBalancer$SerialPingStrategy:884] - LoadBalancer:  PingTask executing [0] servers configured 
2018-07-09 09:30:08 [DEBUG] [com.netflix.discovery.util.DeserializerStringCache:122] - clearing global-level cache with size 1 
2018-07-09 09:30:08 [DEBUG] [com.netflix.discovery.util.DeserializerStringCache:126] - clearing app-level serialization cache with size 16 
2018-07-09 09:30:08 [DEBUG] [com.netflix.discovery.shared.transport.jersey.AbstractJerseyEurekaHttpClient:206] - Jersey HTTP GET http://localhost:8100/eureka//apps/delta?; statusCode=200 
2018-07-09 09:30:08 [DEBUG] [com.netflix.discovery.DiscoveryClient:1095] - Got delta update with apps hashcode UP_2_ 
2018-07-09 09:30:08 [DEBUG] [com.netflix.discovery.DiscoveryClient:1208] - Added instance chenjia-PC:lxt-manage:8200 to the existing apps in region null 
2018-07-09 09:30:08 [DEBUG] [com.netflix.discovery.DiscoveryClient:1208] - Added instance chenjia-PC:lxt-consumer:8080 to the existing apps in region null 
2018-07-09 09:30:08 [DEBUG] [com.netflix.discovery.DiscoveryClient:1229] - The total number of instances fetched by the delta processor : 2 
2018-07-09 09:30:08 [DEBUG] [com.netflix.discovery.DiscoveryClient:1126] - The total number of all instances in the client now is 2 
2018-07-09 09:30:08 [DEBUG] [com.netflix.discovery.DiscoveryClient:1489] - Completed cache refresh task for discovery. All Apps hash code is Local region apps hashcode: UP_2_, is fetching remote regions? false  
2018-07-09 09:30:08 [INFO] [com.netflix.loadbalancer.BaseLoadBalancer:192] - Client: lxt-manage instantiated a LoadBalancer: DynamicServerListLoadBalancer:{NFLoadBalancer:name=lxt-manage,current list of Servers=[],Load balancer stats=Zone stats: {},Server stats: []}ServerList:null 
2018-07-09 09:30:08 [DEBUG] [com.netflix.discovery.shared.transport.jersey.AbstractJerseyEurekaHttpClient:110] - Jersey HTTP PUT http://localhost:8100/eureka//apps/LXT-CONSUMER/chenjia-PC:lxt-consumer:8080; statusCode=200 
2018-07-09 09:30:08 [DEBUG] [com.netflix.discovery.DiscoveryClient:847] - DiscoveryClient_LXT-CONSUMER/chenjia-PC:lxt-consumer:8080 - Heartbeat status: 200 
2018-07-09 09:30:08 [INFO] [com.netflix.loadbalancer.DynamicServerListLoadBalancer:222] - Using serverListUpdater PollingServerListUpdater 
2018-07-09 09:30:08 [DEBUG] [com.netflix.loadbalancer.DynamicServerListLoadBalancer:241] - List of Servers for lxt-manage obtained from Discovery client: [chenjia-PC:8200] 
2018-07-09 09:30:08 [DEBUG] [com.netflix.loadbalancer.ZoneAffinityServerListFilter:114] - Determining if zone affinity should be enabled with given server list: [chenjia-PC:8200] 
2018-07-09 09:30:08 [DEBUG] [com.netflix.loadbalancer.ZoneAffinityServerListFilter:122] - zoneAffinity is overriden. blackOutServerPercentage: 0.0, activeReqeustsPerServer: 0.0, availableServers: 1 
2018-07-09 09:30:08 [DEBUG] [com.netflix.loadbalancer.DynamicServerListLoadBalancer:246] - Filtered List of Servers for lxt-manage obtained from Discovery client: [chenjia-PC:8200] 
2018-07-09 09:30:08 [DEBUG] [com.netflix.loadbalancer.BaseLoadBalancer:472] - LoadBalancer [lxt-manage]: clearing server list (SET op) 
2018-07-09 09:30:08 [DEBUG] [com.netflix.loadbalancer.BaseLoadBalancer:488] - LoadBalancer [lxt-manage]:  addServer [chenjia-PC:8200] 
2018-07-09 09:30:08 [DEBUG] [com.netflix.loadbalancer.DynamicServerListLoadBalancer:179] - Setting server list for zones: {defaultzone=[chenjia-PC:8200]} 
2018-07-09 09:30:08 [INFO] [com.netflix.config.ChainedDynamicProperty$ChainLink:115] - Flipping property: lxt-manage.ribbon.ActiveConnectionsLimit to use NEXT property: niws.loadbalancer.availabilityFilteringRule.activeConnectionsLimit = 2147483647 
2018-07-09 09:30:08 [DEBUG] [com.netflix.loadbalancer.BaseLoadBalancer:147] - LoadBalancer [lxt-manage_defaultzone]:  initialized 
2018-07-09 09:30:08 [DEBUG] [com.netflix.loadbalancer.BaseLoadBalancer:472] - LoadBalancer [lxt-manage_defaultzone]: clearing server list (SET op) 
2018-07-09 09:30:08 [DEBUG] [com.netflix.loadbalancer.BaseLoadBalancer:488] - LoadBalancer [lxt-manage_defaultzone]:  addServer [chenjia-PC:8200] 
2018-07-09 09:30:08 [DEBUG] [com.netflix.loadbalancer.BaseLoadBalancer:811] - LoadBalancer [lxt-manage]:  forceQuickPing invoking 
2018-07-09 09:30:08 [DEBUG] [com.netflix.loadbalancer.BaseLoadBalancer$SerialPingStrategy:884] - LoadBalancer:  PingTask executing [1] servers configured 
2018-07-09 09:30:08 [INFO] [com.netflix.loadbalancer.DynamicServerListLoadBalancer:150] - DynamicServerListLoadBalancer for client lxt-manage initialized: DynamicServerListLoadBalancer:{NFLoadBalancer:name=lxt-manage,current list of Servers=[chenjia-PC:8200],Load balancer stats=Zone stats: {defaultzone=[Zone:defaultzone;	Instance count:1;	Active connections count: 0;	Circuit breaker tripped count: 0;	Active connections per server: 0.0;]
},Server stats: [[Server:chenjia-PC:8200;	Zone:defaultZone;	Total Requests:0;	Successive connection failure:0;	Total blackout seconds:0;	Last connection made:Thu Jan 01 08:00:00 CST 1970;	First connection made: Thu Jan 01 08:00:00 CST 1970;	Active Connections:0;	total failure count in last (1000) msecs:0;	average resp time:0.0;	90 percentile resp time:0.0;	95 percentile resp time:0.0;	min resp time:0.0;	max resp time:0.0;	stddev resp time:0.0]
]}ServerList:org.springframework.cloud.netflix.ribbon.eureka.DomainExtractingServerList@43ee26f3 
2018-07-09 09:30:08 [DEBUG] [com.netflix.loadbalancer.ZoneAwareLoadBalancer:112] - Zone aware logic disabled or there is only one zone 
2018-07-09 09:30:09 [DEBUG] [com.netflix.loadbalancer.DynamicServerListLoadBalancer:241] - List of Servers for lxt-manage obtained from Discovery client: [chenjia-PC:8200] 
2018-07-09 09:30:09 [DEBUG] [com.netflix.loadbalancer.ZoneAffinityServerListFilter:114] - Determining if zone affinity should be enabled with given server list: [chenjia-PC:8200] 
2018-07-09 09:30:09 [DEBUG] [com.netflix.loadbalancer.ZoneAffinityServerListFilter:122] - zoneAffinity is overriden. blackOutServerPercentage: 0.0, activeReqeustsPerServer: 1.0, availableServers: 1 
2018-07-09 09:30:09 [DEBUG] [com.netflix.loadbalancer.DynamicServerListLoadBalancer:246] - Filtered List of Servers for lxt-manage obtained from Discovery client: [chenjia-PC:8200] 
2018-07-09 09:30:09 [DEBUG] [com.netflix.loadbalancer.BaseLoadBalancer:472] - LoadBalancer [lxt-manage]: clearing server list (SET op) 
2018-07-09 09:30:09 [DEBUG] [com.netflix.loadbalancer.BaseLoadBalancer:488] - LoadBalancer [lxt-manage]:  addServer [chenjia-PC:8200] 
2018-07-09 09:30:09 [DEBUG] [com.netflix.loadbalancer.DynamicServerListLoadBalancer:179] - Setting server list for zones: {defaultzone=[chenjia-PC:8200]} 
2018-07-09 09:30:09 [INFO] [com.netflix.config.ChainedDynamicProperty$ChainLink:115] - Flipping property: lxt-manage.ribbon.ActiveConnectionsLimit to use NEXT property: niws.loadbalancer.availabilityFilteringRule.activeConnectionsLimit = 2147483647 
2018-07-09 09:30:09 [DEBUG] [com.netflix.loadbalancer.BaseLoadBalancer:147] - LoadBalancer [lxt-manage_defaultzone]:  initialized 
2018-07-09 09:30:09 [DEBUG] [com.netflix.loadbalancer.BaseLoadBalancer:472] - LoadBalancer [lxt-manage_defaultzone]: clearing server list (SET op) 
2018-07-09 09:30:09 [DEBUG] [com.netflix.loadbalancer.BaseLoadBalancer:488] - LoadBalancer [lxt-manage_defaultzone]:  addServer [chenjia-PC:8200] 
2018-07-09 09:30:09 [DEBUG] [com.netflix.loadbalancer.BaseLoadBalancer:811] - LoadBalancer [lxt-manage]:  forceQuickPing invoking 
2018-07-09 09:30:09 [DEBUG] [com.netflix.loadbalancer.BaseLoadBalancer$SerialPingStrategy:884] - LoadBalancer:  PingTask executing [1] servers configured 
2018-07-09 09:30:38 [DEBUG] [com.netflix.loadbalancer.BaseLoadBalancer$SerialPingStrategy:884] - LoadBalancer:  PingTask executing [1] servers configured 
2018-07-09 09:30:38 [DEBUG] [com.netflix.discovery.util.DeserializerStringCache:122] - clearing global-level cache with size 1 
2018-07-09 09:30:38 [DEBUG] [com.netflix.discovery.util.DeserializerStringCache:126] - clearing app-level serialization cache with size 16 
2018-07-09 09:30:38 [DEBUG] [com.netflix.discovery.shared.transport.jersey.AbstractJerseyEurekaHttpClient:206] - Jersey HTTP GET http://localhost:8100/eureka//apps/delta?; statusCode=200 
2018-07-09 09:30:38 [DEBUG] [com.netflix.discovery.DiscoveryClient:1095] - Got delta update with apps hashcode UP_2_ 
2018-07-09 09:30:38 [DEBUG] [com.netflix.discovery.DiscoveryClient:1208] - Added instance chenjia-PC:lxt-manage:8200 to the existing apps in region null 
2018-07-09 09:30:38 [DEBUG] [com.netflix.discovery.DiscoveryClient:1208] - Added instance chenjia-PC:lxt-consumer:8080 to the existing apps in region null 
2018-07-09 09:30:38 [DEBUG] [com.netflix.discovery.DiscoveryClient:1229] - The total number of instances fetched by the delta processor : 2 
2018-07-09 09:30:38 [DEBUG] [com.netflix.discovery.DiscoveryClient:1126] - The total number of all instances in the client now is 2 
2018-07-09 09:30:38 [DEBUG] [com.netflix.discovery.DiscoveryClient:1489] - Completed cache refresh task for discovery. All Apps hash code is Local region apps hashcode: UP_2_, is fetching remote regions? false  
2018-07-09 09:30:38 [DEBUG] [com.netflix.discovery.shared.transport.jersey.AbstractJerseyEurekaHttpClient:110] - Jersey HTTP PUT http://localhost:8100/eureka//apps/LXT-CONSUMER/chenjia-PC:lxt-consumer:8080; statusCode=200 
2018-07-09 09:30:38 [DEBUG] [com.netflix.discovery.DiscoveryClient:847] - DiscoveryClient_LXT-CONSUMER/chenjia-PC:lxt-consumer:8080 - Heartbeat status: 200 
2018-07-09 09:30:39 [DEBUG] [com.netflix.loadbalancer.DynamicServerListLoadBalancer:241] - List of Servers for lxt-manage obtained from Discovery client: [chenjia-PC:8200] 
2018-07-09 09:30:39 [DEBUG] [com.netflix.loadbalancer.ZoneAffinityServerListFilter:114] - Determining if zone affinity should be enabled with given server list: [chenjia-PC:8200] 
2018-07-09 09:30:39 [DEBUG] [com.netflix.loadbalancer.ZoneAffinityServerListFilter:122] - zoneAffinity is overriden. blackOutServerPercentage: 0.0, activeReqeustsPerServer: 0.0, availableServers: 1 
2018-07-09 09:30:39 [DEBUG] [com.netflix.loadbalancer.DynamicServerListLoadBalancer:246] - Filtered List of Servers for lxt-manage obtained from Discovery client: [chenjia-PC:8200] 
2018-07-09 09:30:39 [DEBUG] [com.netflix.loadbalancer.BaseLoadBalancer:472] - LoadBalancer [lxt-manage]: clearing server list (SET op) 
2018-07-09 09:30:39 [DEBUG] [com.netflix.loadbalancer.BaseLoadBalancer:488] - LoadBalancer [lxt-manage]:  addServer [chenjia-PC:8200] 
2018-07-09 09:30:39 [DEBUG] [com.netflix.loadbalancer.DynamicServerListLoadBalancer:179] - Setting server list for zones: {defaultzone=[chenjia-PC:8200]} 
2018-07-09 09:30:39 [DEBUG] [com.netflix.loadbalancer.BaseLoadBalancer:472] - LoadBalancer [lxt-manage_defaultzone]: clearing server list (SET op) 
2018-07-09 09:30:39 [DEBUG] [com.netflix.loadbalancer.BaseLoadBalancer:488] - LoadBalancer [lxt-manage_defaultzone]:  addServer [chenjia-PC:8200] 
2018-07-09 09:30:39 [DEBUG] [com.netflix.loadbalancer.BaseLoadBalancer:811] - LoadBalancer [lxt-manage]:  forceQuickPing invoking 
2018-07-09 09:30:39 [DEBUG] [com.netflix.loadbalancer.BaseLoadBalancer$SerialPingStrategy:884] - LoadBalancer:  PingTask executing [1] servers configured 
2018-07-09 09:30:40 [DEBUG] [com.netflix.loadbalancer.ZoneAwareLoadBalancer:112] - Zone aware logic disabled or there is only one zone 
2018-07-09 09:30:49 [DEBUG] [com.netflix.loadbalancer.ZoneAwareLoadBalancer:112] - Zone aware logic disabled or there is only one zone 
2018-07-09 09:30:50 [DEBUG] [com.netflix.loadbalancer.ZoneAwareLoadBalancer:112] - Zone aware logic disabled or there is only one zone 
2018-07-09 09:30:51 [DEBUG] [com.netflix.loadbalancer.ZoneAwareLoadBalancer:112] - Zone aware logic disabled or there is only one zone 
2018-07-09 09:30:54 [DEBUG] [com.netflix.loadbalancer.ZoneAwareLoadBalancer:112] - Zone aware logic disabled or there is only one zone 
2018-07-09 09:31:02 [DEBUG] [com.netflix.loadbalancer.ZoneAwareLoadBalancer:112] - Zone aware logic disabled or there is only one zone 
2018-07-09 09:31:07 [DEBUG] [com.netflix.loadbalancer.ZoneAwareLoadBalancer:112] - Zone aware logic disabled or there is only one zone 
2018-07-09 09:31:08 [DEBUG] [com.netflix.loadbalancer.BaseLoadBalancer$SerialPingStrategy:884] - LoadBalancer:  PingTask executing [1] servers configured 
2018-07-09 09:31:08 [DEBUG] [com.netflix.discovery.util.DeserializerStringCache:122] - clearing global-level cache with size 1 
2018-07-09 09:31:08 [DEBUG] [com.netflix.discovery.util.DeserializerStringCache:126] - clearing app-level serialization cache with size 16 
2018-07-09 09:31:08 [DEBUG] [com.netflix.discovery.shared.transport.jersey.AbstractJerseyEurekaHttpClient:206] - Jersey HTTP GET http://localhost:8100/eureka//apps/delta?; statusCode=200 
2018-07-09 09:31:08 [DEBUG] [com.netflix.discovery.DiscoveryClient:1095] - Got delta update with apps hashcode UP_2_ 
2018-07-09 09:31:08 [DEBUG] [com.netflix.discovery.DiscoveryClient:1208] - Added instance chenjia-PC:lxt-manage:8200 to the existing apps in region null 
2018-07-09 09:31:08 [DEBUG] [com.netflix.discovery.DiscoveryClient:1208] - Added instance chenjia-PC:lxt-consumer:8080 to the existing apps in region null 
2018-07-09 09:31:08 [DEBUG] [com.netflix.discovery.DiscoveryClient:1229] - The total number of instances fetched by the delta processor : 2 
2018-07-09 09:31:08 [DEBUG] [com.netflix.discovery.DiscoveryClient:1126] - The total number of all instances in the client now is 2 
2018-07-09 09:31:08 [DEBUG] [com.netflix.discovery.DiscoveryClient:1489] - Completed cache refresh task for discovery. All Apps hash code is Local region apps hashcode: UP_2_, is fetching remote regions? false  
2018-07-09 09:31:08 [DEBUG] [com.netflix.discovery.shared.transport.jersey.AbstractJerseyEurekaHttpClient:110] - Jersey HTTP PUT http://localhost:8100/eureka//apps/LXT-CONSUMER/chenjia-PC:lxt-consumer:8080; statusCode=200 
2018-07-09 09:31:08 [DEBUG] [com.netflix.discovery.DiscoveryClient:847] - DiscoveryClient_LXT-CONSUMER/chenjia-PC:lxt-consumer:8080 - Heartbeat status: 200 
2018-07-09 09:31:08 [DEBUG] [com.netflix.loadbalancer.ZoneAwareLoadBalancer:112] - Zone aware logic disabled or there is only one zone 
2018-07-09 09:31:09 [DEBUG] [com.netflix.loadbalancer.DynamicServerListLoadBalancer:241] - List of Servers for lxt-manage obtained from Discovery client: [chenjia-PC:8200] 
2018-07-09 09:31:09 [DEBUG] [com.netflix.loadbalancer.ZoneAffinityServerListFilter:114] - Determining if zone affinity should be enabled with given server list: [chenjia-PC:8200] 
2018-07-09 09:31:09 [DEBUG] [com.netflix.loadbalancer.ZoneAffinityServerListFilter:122] - zoneAffinity is overriden. blackOutServerPercentage: 0.0, activeReqeustsPerServer: 0.0, availableServers: 1 
2018-07-09 09:31:09 [DEBUG] [com.netflix.loadbalancer.DynamicServerListLoadBalancer:246] - Filtered List of Servers for lxt-manage obtained from Discovery client: [chenjia-PC:8200] 
2018-07-09 09:31:09 [DEBUG] [com.netflix.loadbalancer.BaseLoadBalancer:472] - LoadBalancer [lxt-manage]: clearing server list (SET op) 
2018-07-09 09:31:09 [DEBUG] [com.netflix.loadbalancer.BaseLoadBalancer:488] - LoadBalancer [lxt-manage]:  addServer [chenjia-PC:8200] 
2018-07-09 09:31:09 [DEBUG] [com.netflix.loadbalancer.DynamicServerListLoadBalancer:179] - Setting server list for zones: {defaultzone=[chenjia-PC:8200]} 
2018-07-09 09:31:09 [DEBUG] [com.netflix.loadbalancer.BaseLoadBalancer:472] - LoadBalancer [lxt-manage_defaultzone]: clearing server list (SET op) 
2018-07-09 09:31:09 [DEBUG] [com.netflix.loadbalancer.BaseLoadBalancer:488] - LoadBalancer [lxt-manage_defaultzone]:  addServer [chenjia-PC:8200] 
2018-07-09 09:31:09 [DEBUG] [com.netflix.loadbalancer.BaseLoadBalancer:811] - LoadBalancer [lxt-manage]:  forceQuickPing invoking 
2018-07-09 09:31:09 [DEBUG] [com.netflix.loadbalancer.BaseLoadBalancer$SerialPingStrategy:884] - LoadBalancer:  PingTask executing [1] servers configured 
2018-07-09 09:31:10 [DEBUG] [com.netflix.loadbalancer.ZoneAwareLoadBalancer:112] - Zone aware logic disabled or there is only one zone 
2018-07-09 09:31:12 [DEBUG] [com.netflix.loadbalancer.ZoneAwareLoadBalancer:112] - Zone aware logic disabled or there is only one zone 
2018-07-09 09:31:14 [DEBUG] [com.netflix.loadbalancer.ZoneAwareLoadBalancer:112] - Zone aware logic disabled or there is only one zone 
2018-07-09 09:31:15 [DEBUG] [com.netflix.loadbalancer.ZoneAwareLoadBalancer:112] - Zone aware logic disabled or there is only one zone 
2018-07-09 09:31:22 [DEBUG] [com.netflix.loadbalancer.ZoneAwareLoadBalancer:112] - Zone aware logic disabled or there is only one zone 
2018-07-09 09:31:38 [DEBUG] [com.netflix.loadbalancer.BaseLoadBalancer$SerialPingStrategy:884] - LoadBalancer:  PingTask executing [1] servers configured 
2018-07-09 09:31:38 [DEBUG] [com.netflix.discovery.util.DeserializerStringCache:122] - clearing global-level cache with size 1 
2018-07-09 09:31:38 [DEBUG] [com.netflix.discovery.util.DeserializerStringCache:126] - clearing app-level serialization cache with size 16 
2018-07-09 09:31:38 [DEBUG] [com.netflix.discovery.shared.transport.jersey.AbstractJerseyEurekaHttpClient:206] - Jersey HTTP GET http://localhost:8100/eureka//apps/delta?; statusCode=200 
2018-07-09 09:31:38 [DEBUG] [com.netflix.discovery.DiscoveryClient:1095] - Got delta update with apps hashcode UP_2_ 
2018-07-09 09:31:38 [DEBUG] [com.netflix.discovery.DiscoveryClient:1208] - Added instance chenjia-PC:lxt-manage:8200 to the existing apps in region null 
2018-07-09 09:31:38 [DEBUG] [com.netflix.discovery.DiscoveryClient:1208] - Added instance chenjia-PC:lxt-consumer:8080 to the existing apps in region null 
2018-07-09 09:31:38 [DEBUG] [com.netflix.discovery.DiscoveryClient:1229] - The total number of instances fetched by the delta processor : 2 
2018-07-09 09:31:38 [DEBUG] [com.netflix.discovery.DiscoveryClient:1126] - The total number of all instances in the client now is 2 
2018-07-09 09:31:38 [DEBUG] [com.netflix.discovery.DiscoveryClient:1489] - Completed cache refresh task for discovery. All Apps hash code is Local region apps hashcode: UP_2_, is fetching remote regions? false  
2018-07-09 09:31:38 [DEBUG] [com.netflix.discovery.shared.transport.jersey.AbstractJerseyEurekaHttpClient:110] - Jersey HTTP PUT http://localhost:8100/eureka//apps/LXT-CONSUMER/chenjia-PC:lxt-consumer:8080; statusCode=200 
2018-07-09 09:31:38 [DEBUG] [com.netflix.discovery.DiscoveryClient:847] - DiscoveryClient_LXT-CONSUMER/chenjia-PC:lxt-consumer:8080 - Heartbeat status: 200 
2018-07-09 09:31:39 [DEBUG] [com.netflix.loadbalancer.DynamicServerListLoadBalancer:241] - List of Servers for lxt-manage obtained from Discovery client: [chenjia-PC:8200] 
2018-07-09 09:31:39 [DEBUG] [com.netflix.loadbalancer.ZoneAffinityServerListFilter:114] - Determining if zone affinity should be enabled with given server list: [chenjia-PC:8200] 
2018-07-09 09:31:39 [DEBUG] [com.netflix.loadbalancer.ZoneAffinityServerListFilter:122] - zoneAffinity is overriden. blackOutServerPercentage: 0.0, activeReqeustsPerServer: 0.0, availableServers: 1 
2018-07-09 09:31:39 [DEBUG] [com.netflix.loadbalancer.DynamicServerListLoadBalancer:246] - Filtered List of Servers for lxt-manage obtained from Discovery client: [chenjia-PC:8200] 
2018-07-09 09:31:39 [DEBUG] [com.netflix.loadbalancer.BaseLoadBalancer:472] - LoadBalancer [lxt-manage]: clearing server list (SET op) 
2018-07-09 09:31:39 [DEBUG] [com.netflix.loadbalancer.BaseLoadBalancer:488] - LoadBalancer [lxt-manage]:  addServer [chenjia-PC:8200] 
2018-07-09 09:31:39 [DEBUG] [com.netflix.loadbalancer.DynamicServerListLoadBalancer:179] - Setting server list for zones: {defaultzone=[chenjia-PC:8200]} 
2018-07-09 09:31:39 [DEBUG] [com.netflix.loadbalancer.BaseLoadBalancer:472] - LoadBalancer [lxt-manage_defaultzone]: clearing server list (SET op) 
2018-07-09 09:31:39 [DEBUG] [com.netflix.loadbalancer.BaseLoadBalancer:488] - LoadBalancer [lxt-manage_defaultzone]:  addServer [chenjia-PC:8200] 
2018-07-09 09:31:39 [DEBUG] [com.netflix.loadbalancer.BaseLoadBalancer:811] - LoadBalancer [lxt-manage]:  forceQuickPing invoking 
2018-07-09 09:31:39 [DEBUG] [com.netflix.loadbalancer.BaseLoadBalancer$SerialPingStrategy:884] - LoadBalancer:  PingTask executing [1] servers configured 
2018-07-09 09:32:08 [DEBUG] [com.netflix.loadbalancer.BaseLoadBalancer$SerialPingStrategy:884] - LoadBalancer:  PingTask executing [1] servers configured 
2018-07-09 09:32:08 [DEBUG] [com.netflix.discovery.util.DeserializerStringCache:122] - clearing global-level cache with size 1 
2018-07-09 09:32:08 [DEBUG] [com.netflix.discovery.util.DeserializerStringCache:126] - clearing app-level serialization cache with size 16 
2018-07-09 09:32:08 [DEBUG] [com.netflix.discovery.shared.transport.jersey.AbstractJerseyEurekaHttpClient:206] - Jersey HTTP GET http://localhost:8100/eureka//apps/delta?; statusCode=200 
2018-07-09 09:32:08 [DEBUG] [com.netflix.discovery.DiscoveryClient:1095] - Got delta update with apps hashcode UP_2_ 
2018-07-09 09:32:08 [DEBUG] [com.netflix.discovery.DiscoveryClient:1208] - Added instance chenjia-PC:lxt-manage:8200 to the existing apps in region null 
2018-07-09 09:32:08 [DEBUG] [com.netflix.discovery.DiscoveryClient:1208] - Added instance chenjia-PC:lxt-consumer:8080 to the existing apps in region null 
2018-07-09 09:32:08 [DEBUG] [com.netflix.discovery.DiscoveryClient:1229] - The total number of instances fetched by the delta processor : 2 
2018-07-09 09:32:08 [DEBUG] [com.netflix.discovery.DiscoveryClient:1126] - The total number of all instances in the client now is 2 
2018-07-09 09:32:08 [DEBUG] [com.netflix.discovery.DiscoveryClient:1489] - Completed cache refresh task for discovery. All Apps hash code is Local region apps hashcode: UP_2_, is fetching remote regions? false  
2018-07-09 09:32:08 [DEBUG] [com.netflix.discovery.shared.transport.jersey.AbstractJerseyEurekaHttpClient:110] - Jersey HTTP PUT http://localhost:8100/eureka//apps/LXT-CONSUMER/chenjia-PC:lxt-consumer:8080; statusCode=200 
2018-07-09 09:32:08 [DEBUG] [com.netflix.discovery.DiscoveryClient:847] - DiscoveryClient_LXT-CONSUMER/chenjia-PC:lxt-consumer:8080 - Heartbeat status: 200 
2018-07-09 09:32:09 [DEBUG] [com.netflix.loadbalancer.DynamicServerListLoadBalancer:241] - List of Servers for lxt-manage obtained from Discovery client: [chenjia-PC:8200] 
2018-07-09 09:32:09 [DEBUG] [com.netflix.loadbalancer.ZoneAffinityServerListFilter:114] - Determining if zone affinity should be enabled with given server list: [chenjia-PC:8200] 
2018-07-09 09:32:09 [DEBUG] [com.netflix.loadbalancer.ZoneAffinityServerListFilter:122] - zoneAffinity is overriden. blackOutServerPercentage: 0.0, activeReqeustsPerServer: 0.0, availableServers: 1 
2018-07-09 09:32:09 [DEBUG] [com.netflix.loadbalancer.DynamicServerListLoadBalancer:246] - Filtered List of Servers for lxt-manage obtained from Discovery client: [chenjia-PC:8200] 
2018-07-09 09:32:09 [DEBUG] [com.netflix.loadbalancer.BaseLoadBalancer:472] - LoadBalancer [lxt-manage]: clearing server list (SET op) 
2018-07-09 09:32:09 [DEBUG] [com.netflix.loadbalancer.BaseLoadBalancer:488] - LoadBalancer [lxt-manage]:  addServer [chenjia-PC:8200] 
2018-07-09 09:32:09 [DEBUG] [com.netflix.loadbalancer.DynamicServerListLoadBalancer:179] - Setting server list for zones: {defaultzone=[chenjia-PC:8200]} 
2018-07-09 09:32:09 [DEBUG] [com.netflix.loadbalancer.BaseLoadBalancer:472] - LoadBalancer [lxt-manage_defaultzone]: clearing server list (SET op) 
2018-07-09 09:32:09 [DEBUG] [com.netflix.loadbalancer.BaseLoadBalancer:488] - LoadBalancer [lxt-manage_defaultzone]:  addServer [chenjia-PC:8200] 
2018-07-09 09:32:09 [DEBUG] [com.netflix.loadbalancer.BaseLoadBalancer:811] - LoadBalancer [lxt-manage]:  forceQuickPing invoking 
2018-07-09 09:32:09 [DEBUG] [com.netflix.loadbalancer.BaseLoadBalancer$SerialPingStrategy:884] - LoadBalancer:  PingTask executing [1] servers configured 
2018-07-09 09:32:38 [DEBUG] [com.netflix.loadbalancer.BaseLoadBalancer$SerialPingStrategy:884] - LoadBalancer:  PingTask executing [1] servers configured 
2018-07-09 09:32:38 [DEBUG] [com.netflix.discovery.util.DeserializerStringCache:122] - clearing global-level cache with size 0 
2018-07-09 09:32:38 [DEBUG] [com.netflix.discovery.util.DeserializerStringCache:126] - clearing app-level serialization cache with size 0 
2018-07-09 09:32:38 [DEBUG] [com.netflix.discovery.shared.transport.jersey.AbstractJerseyEurekaHttpClient:206] - Jersey HTTP GET http://localhost:8100/eureka//apps/delta?; statusCode=200 
2018-07-09 09:32:38 [DEBUG] [com.netflix.discovery.DiscoveryClient:1095] - Got delta update with apps hashcode UP_2_ 
2018-07-09 09:32:38 [DEBUG] [com.netflix.discovery.DiscoveryClient:1229] - The total number of instances fetched by the delta processor : 0 
2018-07-09 09:32:38 [DEBUG] [com.netflix.discovery.DiscoveryClient:1126] - The total number of all instances in the client now is 2 
2018-07-09 09:32:38 [DEBUG] [com.netflix.discovery.DiscoveryClient:1489] - Completed cache refresh task for discovery. All Apps hash code is Local region apps hashcode: UP_2_, is fetching remote regions? false  
2018-07-09 09:32:38 [DEBUG] [com.netflix.discovery.shared.transport.jersey.AbstractJerseyEurekaHttpClient:110] - Jersey HTTP PUT http://localhost:8100/eureka//apps/LXT-CONSUMER/chenjia-PC:lxt-consumer:8080; statusCode=200 
2018-07-09 09:32:38 [DEBUG] [com.netflix.discovery.DiscoveryClient:847] - DiscoveryClient_LXT-CONSUMER/chenjia-PC:lxt-consumer:8080 - Heartbeat status: 200 
2018-07-09 09:32:39 [DEBUG] [com.netflix.loadbalancer.DynamicServerListLoadBalancer:241] - List of Servers for lxt-manage obtained from Discovery client: [chenjia-PC:8200] 
2018-07-09 09:32:39 [DEBUG] [com.netflix.loadbalancer.ZoneAffinityServerListFilter:114] - Determining if zone affinity should be enabled with given server list: [chenjia-PC:8200] 
2018-07-09 09:32:39 [DEBUG] [com.netflix.loadbalancer.ZoneAffinityServerListFilter:122] - zoneAffinity is overriden. blackOutServerPercentage: 0.0, activeReqeustsPerServer: 0.0, availableServers: 1 
2018-07-09 09:32:39 [DEBUG] [com.netflix.loadbalancer.DynamicServerListLoadBalancer:246] - Filtered List of Servers for lxt-manage obtained from Discovery client: [chenjia-PC:8200] 
2018-07-09 09:32:39 [DEBUG] [com.netflix.loadbalancer.BaseLoadBalancer:472] - LoadBalancer [lxt-manage]: clearing server list (SET op) 
2018-07-09 09:32:39 [DEBUG] [com.netflix.loadbalancer.BaseLoadBalancer:488] - LoadBalancer [lxt-manage]:  addServer [chenjia-PC:8200] 
2018-07-09 09:32:39 [DEBUG] [com.netflix.loadbalancer.DynamicServerListLoadBalancer:179] - Setting server list for zones: {defaultzone=[chenjia-PC:8200]} 
2018-07-09 09:32:39 [DEBUG] [com.netflix.loadbalancer.BaseLoadBalancer:472] - LoadBalancer [lxt-manage_defaultzone]: clearing server list (SET op) 
2018-07-09 09:32:39 [DEBUG] [com.netflix.loadbalancer.BaseLoadBalancer:488] - LoadBalancer [lxt-manage_defaultzone]:  addServer [chenjia-PC:8200] 
2018-07-09 09:32:39 [DEBUG] [com.netflix.loadbalancer.BaseLoadBalancer:811] - LoadBalancer [lxt-manage]:  forceQuickPing invoking 
2018-07-09 09:32:39 [DEBUG] [com.netflix.loadbalancer.BaseLoadBalancer$SerialPingStrategy:884] - LoadBalancer:  PingTask executing [1] servers configured 
2018-07-09 09:33:08 [DEBUG] [com.netflix.loadbalancer.BaseLoadBalancer$SerialPingStrategy:884] - LoadBalancer:  PingTask executing [1] servers configured 
2018-07-09 09:33:08 [DEBUG] [com.netflix.discovery.util.DeserializerStringCache:122] - clearing global-level cache with size 0 
2018-07-09 09:33:08 [DEBUG] [com.netflix.discovery.util.DeserializerStringCache:126] - clearing app-level serialization cache with size 0 
2018-07-09 09:33:08 [DEBUG] [com.netflix.discovery.shared.transport.jersey.AbstractJerseyEurekaHttpClient:206] - Jersey HTTP GET http://localhost:8100/eureka//apps/delta?; statusCode=200 
2018-07-09 09:33:08 [DEBUG] [com.netflix.discovery.DiscoveryClient:1095] - Got delta update with apps hashcode UP_2_ 
2018-07-09 09:33:08 [DEBUG] [com.netflix.discovery.DiscoveryClient:1229] - The total number of instances fetched by the delta processor : 0 
2018-07-09 09:33:08 [DEBUG] [com.netflix.discovery.DiscoveryClient:1126] - The total number of all instances in the client now is 2 
2018-07-09 09:33:08 [DEBUG] [com.netflix.discovery.DiscoveryClient:1489] - Completed cache refresh task for discovery. All Apps hash code is Local region apps hashcode: UP_2_, is fetching remote regions? false  
2018-07-09 09:33:08 [DEBUG] [com.netflix.discovery.shared.transport.jersey.AbstractJerseyEurekaHttpClient:110] - Jersey HTTP PUT http://localhost:8100/eureka//apps/LXT-CONSUMER/chenjia-PC:lxt-consumer:8080; statusCode=200 
2018-07-09 09:33:08 [DEBUG] [com.netflix.discovery.DiscoveryClient:847] - DiscoveryClient_LXT-CONSUMER/chenjia-PC:lxt-consumer:8080 - Heartbeat status: 200 
2018-07-09 09:33:09 [DEBUG] [com.netflix.loadbalancer.DynamicServerListLoadBalancer:241] - List of Servers for lxt-manage obtained from Discovery client: [chenjia-PC:8200] 
2018-07-09 09:33:09 [DEBUG] [com.netflix.loadbalancer.ZoneAffinityServerListFilter:114] - Determining if zone affinity should be enabled with given server list: [chenjia-PC:8200] 
2018-07-09 09:33:09 [DEBUG] [com.netflix.loadbalancer.ZoneAffinityServerListFilter:122] - zoneAffinity is overriden. blackOutServerPercentage: 0.0, activeReqeustsPerServer: 0.0, availableServers: 1 
2018-07-09 09:33:09 [DEBUG] [com.netflix.loadbalancer.DynamicServerListLoadBalancer:246] - Filtered List of Servers for lxt-manage obtained from Discovery client: [chenjia-PC:8200] 
2018-07-09 09:33:09 [DEBUG] [com.netflix.loadbalancer.BaseLoadBalancer:472] - LoadBalancer [lxt-manage]: clearing server list (SET op) 
2018-07-09 09:33:09 [DEBUG] [com.netflix.loadbalancer.BaseLoadBalancer:488] - LoadBalancer [lxt-manage]:  addServer [chenjia-PC:8200] 
2018-07-09 09:33:09 [DEBUG] [com.netflix.loadbalancer.DynamicServerListLoadBalancer:179] - Setting server list for zones: {defaultzone=[chenjia-PC:8200]} 
2018-07-09 09:33:09 [DEBUG] [com.netflix.loadbalancer.BaseLoadBalancer:472] - LoadBalancer [lxt-manage_defaultzone]: clearing server list (SET op) 
2018-07-09 09:33:09 [DEBUG] [com.netflix.loadbalancer.BaseLoadBalancer:488] - LoadBalancer [lxt-manage_defaultzone]:  addServer [chenjia-PC:8200] 
2018-07-09 09:33:09 [DEBUG] [com.netflix.loadbalancer.BaseLoadBalancer:811] - LoadBalancer [lxt-manage]:  forceQuickPing invoking 
2018-07-09 09:33:09 [DEBUG] [com.netflix.loadbalancer.BaseLoadBalancer$SerialPingStrategy:884] - LoadBalancer:  PingTask executing [1] servers configured 
2018-07-09 09:33:38 [DEBUG] [com.netflix.loadbalancer.BaseLoadBalancer$SerialPingStrategy:884] - LoadBalancer:  PingTask executing [1] servers configured 
2018-07-09 09:33:38 [DEBUG] [com.netflix.discovery.util.DeserializerStringCache:122] - clearing global-level cache with size 1 
2018-07-09 09:33:38 [DEBUG] [com.netflix.discovery.util.DeserializerStringCache:126] - clearing app-level serialization cache with size 9 
2018-07-09 09:33:38 [DEBUG] [com.netflix.discovery.shared.transport.jersey.AbstractJerseyEurekaHttpClient:206] - Jersey HTTP GET http://localhost:8100/eureka//apps/delta?; statusCode=200 
2018-07-09 09:33:38 [DEBUG] [com.netflix.discovery.DiscoveryClient:1095] - Got delta update with apps hashcode UP_2_ 
2018-07-09 09:33:38 [DEBUG] [com.netflix.discovery.DiscoveryClient:1208] - Added instance chenjia-PC:lxt-manage:8200 to the existing apps in region null 
2018-07-09 09:33:38 [DEBUG] [com.netflix.discovery.DiscoveryClient:1229] - The total number of instances fetched by the delta processor : 1 
2018-07-09 09:33:38 [DEBUG] [com.netflix.discovery.DiscoveryClient:1126] - The total number of all instances in the client now is 2 
2018-07-09 09:33:38 [DEBUG] [com.netflix.discovery.DiscoveryClient:1489] - Completed cache refresh task for discovery. All Apps hash code is Local region apps hashcode: UP_2_, is fetching remote regions? false  
2018-07-09 09:33:38 [DEBUG] [com.netflix.discovery.shared.transport.jersey.AbstractJerseyEurekaHttpClient:110] - Jersey HTTP PUT http://localhost:8100/eureka//apps/LXT-CONSUMER/chenjia-PC:lxt-consumer:8080; statusCode=200 
2018-07-09 09:33:38 [DEBUG] [com.netflix.discovery.DiscoveryClient:847] - DiscoveryClient_LXT-CONSUMER/chenjia-PC:lxt-consumer:8080 - Heartbeat status: 200 
2018-07-09 09:33:39 [DEBUG] [com.netflix.loadbalancer.DynamicServerListLoadBalancer:241] - List of Servers for lxt-manage obtained from Discovery client: [chenjia-PC:8200] 
2018-07-09 09:33:39 [DEBUG] [com.netflix.loadbalancer.ZoneAffinityServerListFilter:114] - Determining if zone affinity should be enabled with given server list: [chenjia-PC:8200] 
2018-07-09 09:33:39 [DEBUG] [com.netflix.loadbalancer.ZoneAffinityServerListFilter:122] - zoneAffinity is overriden. blackOutServerPercentage: 0.0, activeReqeustsPerServer: 0.0, availableServers: 1 
2018-07-09 09:33:39 [DEBUG] [com.netflix.loadbalancer.DynamicServerListLoadBalancer:246] - Filtered List of Servers for lxt-manage obtained from Discovery client: [chenjia-PC:8200] 
2018-07-09 09:33:39 [DEBUG] [com.netflix.loadbalancer.BaseLoadBalancer:472] - LoadBalancer [lxt-manage]: clearing server list (SET op) 
2018-07-09 09:33:39 [DEBUG] [com.netflix.loadbalancer.BaseLoadBalancer:488] - LoadBalancer [lxt-manage]:  addServer [chenjia-PC:8200] 
2018-07-09 09:33:39 [DEBUG] [com.netflix.loadbalancer.DynamicServerListLoadBalancer:179] - Setting server list for zones: {defaultzone=[chenjia-PC:8200]} 
2018-07-09 09:33:39 [DEBUG] [com.netflix.loadbalancer.BaseLoadBalancer:472] - LoadBalancer [lxt-manage_defaultzone]: clearing server list (SET op) 
2018-07-09 09:33:39 [DEBUG] [com.netflix.loadbalancer.BaseLoadBalancer:488] - LoadBalancer [lxt-manage_defaultzone]:  addServer [chenjia-PC:8200] 
2018-07-09 09:33:39 [DEBUG] [com.netflix.loadbalancer.BaseLoadBalancer:811] - LoadBalancer [lxt-manage]:  forceQuickPing invoking 
2018-07-09 09:33:39 [DEBUG] [com.netflix.loadbalancer.BaseLoadBalancer$SerialPingStrategy:884] - LoadBalancer:  PingTask executing [1] servers configured 
2018-07-09 09:34:07 [INFO] [com.netflix.discovery.shared.resolver.aws.ConfigClusterResolver:43] - Resolving eureka endpoints via configuration 
2018-07-09 09:34:07 [DEBUG] [com.netflix.discovery.endpoint.EndpointUtils:240] - The availability zone for the given region us-east-1 are [defaultZone] 
2018-07-09 09:34:07 [DEBUG] [com.netflix.discovery.shared.resolver.aws.ConfigClusterResolver:89] - Config resolved to [AwsEndpoint{ serviceUrl='http://localhost:8100/eureka/', region='us-east-1', zone='defaultZone'}] 
2018-07-09 09:34:07 [DEBUG] [com.netflix.discovery.shared.resolver.aws.ZoneAffinityClusterResolver:66] - Local zone=defaultZone; resolved to: [AwsEndpoint{ serviceUrl='http://localhost:8100/eureka/', region='us-east-1', zone='defaultZone'}] 
2018-07-09 09:34:07 [DEBUG] [com.netflix.discovery.shared.resolver.AsyncResolver$1:214] - Resolved to [AwsEndpoint{ serviceUrl='http://localhost:8100/eureka/', region='us-east-1', zone='defaultZone'}] 
2018-07-09 09:34:08 [DEBUG] [com.netflix.loadbalancer.BaseLoadBalancer$SerialPingStrategy:884] - LoadBalancer:  PingTask executing [1] servers configured 
2018-07-09 09:34:08 [DEBUG] [com.netflix.discovery.util.DeserializerStringCache:122] - clearing global-level cache with size 1 
2018-07-09 09:34:08 [DEBUG] [com.netflix.discovery.util.DeserializerStringCache:126] - clearing app-level serialization cache with size 9 
2018-07-09 09:34:08 [DEBUG] [com.netflix.discovery.shared.transport.jersey.AbstractJerseyEurekaHttpClient:206] - Jersey HTTP GET http://localhost:8100/eureka//apps/delta?; statusCode=200 
2018-07-09 09:34:08 [DEBUG] [com.netflix.discovery.DiscoveryClient:1095] - Got delta update with apps hashcode UP_2_ 
2018-07-09 09:34:08 [DEBUG] [com.netflix.discovery.DiscoveryClient:1208] - Added instance chenjia-PC:lxt-manage:8200 to the existing apps in region null 
2018-07-09 09:34:08 [DEBUG] [com.netflix.discovery.DiscoveryClient:1229] - The total number of instances fetched by the delta processor : 1 
2018-07-09 09:34:08 [DEBUG] [com.netflix.discovery.DiscoveryClient:1126] - The total number of all instances in the client now is 2 
2018-07-09 09:34:08 [DEBUG] [com.netflix.discovery.DiscoveryClient:1489] - Completed cache refresh task for discovery. All Apps hash code is Local region apps hashcode: UP_2_, is fetching remote regions? false  
2018-07-09 09:34:08 [DEBUG] [com.netflix.discovery.shared.transport.jersey.AbstractJerseyEurekaHttpClient:110] - Jersey HTTP PUT http://localhost:8100/eureka//apps/LXT-CONSUMER/chenjia-PC:lxt-consumer:8080; statusCode=200 
2018-07-09 09:34:08 [DEBUG] [com.netflix.discovery.DiscoveryClient:847] - DiscoveryClient_LXT-CONSUMER/chenjia-PC:lxt-consumer:8080 - Heartbeat status: 200 
2018-07-09 09:34:09 [DEBUG] [com.netflix.loadbalancer.DynamicServerListLoadBalancer:241] - List of Servers for lxt-manage obtained from Discovery client: [chenjia-PC:8200] 
2018-07-09 09:34:09 [DEBUG] [com.netflix.loadbalancer.ZoneAffinityServerListFilter:114] - Determining if zone affinity should be enabled with given server list: [chenjia-PC:8200] 
2018-07-09 09:34:09 [DEBUG] [com.netflix.loadbalancer.ZoneAffinityServerListFilter:122] - zoneAffinity is overriden. blackOutServerPercentage: 0.0, activeReqeustsPerServer: 0.0, availableServers: 1 
2018-07-09 09:34:09 [DEBUG] [com.netflix.loadbalancer.DynamicServerListLoadBalancer:246] - Filtered List of Servers for lxt-manage obtained from Discovery client: [chenjia-PC:8200] 
2018-07-09 09:34:09 [DEBUG] [com.netflix.loadbalancer.BaseLoadBalancer:472] - LoadBalancer [lxt-manage]: clearing server list (SET op) 
2018-07-09 09:34:09 [DEBUG] [com.netflix.loadbalancer.BaseLoadBalancer:488] - LoadBalancer [lxt-manage]:  addServer [chenjia-PC:8200] 
2018-07-09 09:34:09 [DEBUG] [com.netflix.loadbalancer.DynamicServerListLoadBalancer:179] - Setting server list for zones: {defaultzone=[chenjia-PC:8200]} 
2018-07-09 09:34:09 [DEBUG] [com.netflix.loadbalancer.BaseLoadBalancer:472] - LoadBalancer [lxt-manage_defaultzone]: clearing server list (SET op) 
2018-07-09 09:34:09 [DEBUG] [com.netflix.loadbalancer.BaseLoadBalancer:488] - LoadBalancer [lxt-manage_defaultzone]:  addServer [chenjia-PC:8200] 
2018-07-09 09:34:09 [DEBUG] [com.netflix.loadbalancer.BaseLoadBalancer:811] - LoadBalancer [lxt-manage]:  forceQuickPing invoking 
2018-07-09 09:34:09 [DEBUG] [com.netflix.loadbalancer.BaseLoadBalancer$SerialPingStrategy:884] - LoadBalancer:  PingTask executing [1] servers configured 
