2018-12-01 16:41:22.915  INFO 94634 --- [           main] s.c.a.AnnotationConfigApplicationContext : Refreshing org.springframework.context.annotation.AnnotationConfigApplicationContext@7e0babb1: startup date [Sat Dec 01 16:41:22 CST 2018]; root of context hierarchy
2018-12-01 16:41:23.773  INFO 94634 --- [           main] f.a.AutowiredAnnotationBeanPostProcessor : JSR-330 'javax.inject.Inject' annotation found and supported for autowiring
2018-12-01 16:41:23.869  INFO 94634 --- [           main] trationDelegate$BeanPostProcessorChecker : Bean 'configurationPropertiesRebinderAutoConfiguration' of type [org.springframework.cloud.autoconfigure.ConfigurationPropertiesRebinderAutoConfiguration$$EnhancerBySpringCGLIB$$f2ba497d] is not eligible for getting processed by all BeanPostProcessors (for example: not eligible for auto-proxying)

  .   ____          _            __ _ _
 /\\ / ___'_ __ _ _(_)_ __  __ _ \ \ \ \
( ( )\___ | '_ | '_| | '_ \/ _` | \ \ \ \
 \\/  ___)| |_)| | | | | || (_| |  ) ) ) )
  '  |____| .__|_| |_|_| |_\__, | / / / /
 =========|_|==============|___/=/_/_/_/
 :: Spring Boot ::        (v2.0.1.RELEASE)

2018-12-01 16:41:24.524  INFO 94634 --- [           main] c.c.c.ConfigServicePropertySourceLocator : Fetching config from server at : http://localhost:8900/lxt-config
2018-12-01 16:41:30.201  WARN 94634 --- [           main] c.c.c.ConfigServicePropertySourceLocator : Could not locate PropertySource: label not found
2018-12-01 16:41:30.204  INFO 94634 --- [           main] com.lxt.ms.ChatApplication               : The following profiles are active: dev
2018-12-01 16:41:30.247  INFO 94634 --- [           main] ConfigServletWebServerApplicationContext : Refreshing org.springframework.boot.web.servlet.context.AnnotationConfigServletWebServerApplicationContext@4232c52b: startup date [Sat Dec 01 16:41:30 CST 2018]; parent: org.springframework.context.annotation.AnnotationConfigApplicationContext@7e0babb1
2018-12-01 16:41:31.662  INFO 94634 --- [           main] o.s.b.f.xml.XmlBeanDefinitionReader      : Loading XML bean definitions from class path resource [dwr-spring-config.xml]
2018-12-01 16:41:31.832  INFO 94634 --- [           main] o.d.s.DwrClassPathBeanDefinitionScanner  : Dwr classpath scanning detected candidate bean [com.lxt.ms.chat.server.ChatServer#0]. Remoting using ChatServer
2018-12-01 16:41:32.512  INFO 94634 --- [           main] .s.d.r.c.RepositoryConfigurationDelegate : Multiple Spring Data modules found, entering strict repository configuration mode!
2018-12-01 16:41:33.469  INFO 94634 --- [           main] o.s.cloud.context.scope.GenericScope     : BeanFactory id=966cefdb-f855-3e60-a99f-6ff49d50d1e1
2018-12-01 16:41:33.521  INFO 94634 --- [           main] o.d.spring.DwrAnnotationPostProcessor    : Could not infer class for [org.springframework.cache.config.internalCacheAdvisor]. Is it a factory bean? Omitting bean from annotation processing
2018-12-01 16:41:33.521  INFO 94634 --- [           main] o.d.spring.DwrAnnotationPostProcessor    : Could not infer class for [cacheOperationSource]. Is it a factory bean? Omitting bean from annotation processing
2018-12-01 16:41:33.523  INFO 94634 --- [           main] o.d.spring.DwrAnnotationPostProcessor    : Could not infer class for [cacheInterceptor]. Is it a factory bean? Omitting bean from annotation processing
2018-12-01 16:41:33.524  INFO 94634 --- [           main] o.d.spring.DwrAnnotationPostProcessor    : Could not infer class for [servletRegistrationBean]. Is it a factory bean? Omitting bean from annotation processing
2018-12-01 16:41:33.525  INFO 94634 --- [           main] o.d.spring.DwrAnnotationPostProcessor    : Detected candidate bean [com.lxt.ms.chat.server.ChatServer#0]. Remoting using ChatServer
2018-12-01 16:41:33.525  INFO 94634 --- [           main] o.d.s.namespace.CreatorParserHelper      : [ChatServer] remote bean definition already detected. Invalid mixed use of <dwr:annotation-config /> and <dwr:annotation-scan />? Re-scanned package?
2018-12-01 16:41:33.525  INFO 94634 --- [           main] o.d.spring.DwrAnnotationPostProcessor    : Could not infer class for [hystrixCommandAspect]. Is it a factory bean? Omitting bean from annotation processing
2018-12-01 16:41:33.525  INFO 94634 --- [           main] o.d.spring.DwrAnnotationPostProcessor    : Could not infer class for [hystrixShutdownHook]. Is it a factory bean? Omitting bean from annotation processing
2018-12-01 16:41:33.525  INFO 94634 --- [           main] o.d.spring.DwrAnnotationPostProcessor    : Could not infer class for [hystrixFeature]. Is it a factory bean? Omitting bean from annotation processing
2018-12-01 16:41:33.526  INFO 94634 --- [           main] o.d.spring.DwrAnnotationPostProcessor    : Could not infer class for [websocketContainerCustomizer]. Is it a factory bean? Omitting bean from annotation processing
2018-12-01 16:41:33.528  INFO 94634 --- [           main] o.d.spring.DwrAnnotationPostProcessor    : Could not infer class for [tomcatServletWebServerFactory]. Is it a factory bean? Omitting bean from annotation processing
2018-12-01 16:41:33.529  INFO 94634 --- [           main] o.d.spring.DwrAnnotationPostProcessor    : Could not infer class for [servletWebServerFactoryCustomizer]. Is it a factory bean? Omitting bean from annotation processing
2018-12-01 16:41:33.529  INFO 94634 --- [           main] o.d.spring.DwrAnnotationPostProcessor    : Could not infer class for [tomcatServletWebServerFactoryCustomizer]. Is it a factory bean? Omitting bean from annotation processing
2018-12-01 16:41:33.529  INFO 94634 --- [           main] o.d.spring.DwrAnnotationPostProcessor    : Could not infer class for [dispatcherServlet]. Is it a factory bean? Omitting bean from annotation processing
2018-12-01 16:41:33.530  INFO 94634 --- [           main] o.d.spring.DwrAnnotationPostProcessor    : Could not infer class for [dispatcherServletRegistration]. Is it a factory bean? Omitting bean from annotation processing
2018-12-01 16:41:33.532  INFO 94634 --- [           main] o.d.spring.DwrAnnotationPostProcessor    : Could not infer class for [archaiusEndpoint]. Is it a factory bean? Omitting bean from annotation processing
2018-12-01 16:41:33.533  INFO 94634 --- [           main] o.d.spring.DwrAnnotationPostProcessor    : Could not infer class for [error]. Is it a factory bean? Omitting bean from annotation processing
2018-12-01 16:41:33.533  INFO 94634 --- [           main] o.d.spring.DwrAnnotationPostProcessor    : Could not infer class for [beanNameViewResolver]. Is it a factory bean? Omitting bean from annotation processing
2018-12-01 16:41:33.533  INFO 94634 --- [           main] o.d.spring.DwrAnnotationPostProcessor    : Could not infer class for [conventionErrorViewResolver]. Is it a factory bean? Omitting bean from annotation processing
2018-12-01 16:41:33.534  INFO 94634 --- [           main] o.d.spring.DwrAnnotationPostProcessor    : Could not infer class for [errorAttributes]. Is it a factory bean? Omitting bean from annotation processing
2018-12-01 16:41:33.534  INFO 94634 --- [           main] o.d.spring.DwrAnnotationPostProcessor    : Could not infer class for [basicErrorController]. Is it a factory bean? Omitting bean from annotation processing
2018-12-01 16:41:33.534  INFO 94634 --- [           main] o.d.spring.DwrAnnotationPostProcessor    : Could not infer class for [errorPageCustomizer]. Is it a factory bean? Omitting bean from annotation processing
2018-12-01 16:41:33.534  INFO 94634 --- [           main] o.d.spring.DwrAnnotationPostProcessor    : Could not infer class for [faviconHandlerMapping]. Is it a factory bean? Omitting bean from annotation processing
2018-12-01 16:41:33.534  INFO 94634 --- [           main] o.d.spring.DwrAnnotationPostProcessor    : Could not infer class for [faviconRequestHandler]. Is it a factory bean? Omitting bean from annotation processing
2018-12-01 16:41:33.534  INFO 94634 --- [           main] o.d.spring.DwrAnnotationPostProcessor    : Could not infer class for [requestMappingHandlerAdapter]. Is it a factory bean? Omitting bean from annotation processing
2018-12-01 16:41:33.535  INFO 94634 --- [           main] o.d.spring.DwrAnnotationPostProcessor    : Could not infer class for [requestMappingHandlerMapping]. Is it a factory bean? Omitting bean from annotation processing
2018-12-01 16:41:33.535  INFO 94634 --- [           main] o.d.spring.DwrAnnotationPostProcessor    : Could not infer class for [mvcConversionService]. Is it a factory bean? Omitting bean from annotation processing
2018-12-01 16:41:33.535  INFO 94634 --- [           main] o.d.spring.DwrAnnotationPostProcessor    : Could not infer class for [mvcValidator]. Is it a factory bean? Omitting bean from annotation processing
2018-12-01 16:41:33.536  INFO 94634 --- [           main] o.d.spring.DwrAnnotationPostProcessor    : Could not infer class for [mvcContentNegotiationManager]. Is it a factory bean? Omitting bean from annotation processing
2018-12-01 16:41:33.536  INFO 94634 --- [           main] o.d.spring.DwrAnnotationPostProcessor    : Could not infer class for [mvcPathMatcher]. Is it a factory bean? Omitting bean from annotation processing
2018-12-01 16:41:33.536  INFO 94634 --- [           main] o.d.spring.DwrAnnotationPostProcessor    : Could not infer class for [mvcUrlPathHelper]. Is it a factory bean? Omitting bean from annotation processing
2018-12-01 16:41:33.536  INFO 94634 --- [           main] o.d.spring.DwrAnnotationPostProcessor    : Could not infer class for [viewControllerHandlerMapping]. Is it a factory bean? Omitting bean from annotation processing
2018-12-01 16:41:33.537  INFO 94634 --- [           main] o.d.spring.DwrAnnotationPostProcessor    : Could not infer class for [beanNameHandlerMapping]. Is it a factory bean? Omitting bean from annotation processing
2018-12-01 16:41:33.537  INFO 94634 --- [           main] o.d.spring.DwrAnnotationPostProcessor    : Could not infer class for [resourceHandlerMapping]. Is it a factory bean? Omitting bean from annotation processing
2018-12-01 16:41:33.537  INFO 94634 --- [           main] o.d.spring.DwrAnnotationPostProcessor    : Could not infer class for [mvcResourceUrlProvider]. Is it a factory bean? Omitting bean from annotation processing
2018-12-01 16:41:33.537  INFO 94634 --- [           main] o.d.spring.DwrAnnotationPostProcessor    : Could not infer class for [defaultServletHandlerMapping]. Is it a factory bean? Omitting bean from annotation processing
2018-12-01 16:41:33.538  INFO 94634 --- [           main] o.d.spring.DwrAnnotationPostProcessor    : Could not infer class for [mvcUriComponentsContributor]. Is it a factory bean? Omitting bean from annotation processing
2018-12-01 16:41:33.538  INFO 94634 --- [           main] o.d.spring.DwrAnnotationPostProcessor    : Could not infer class for [httpRequestHandlerAdapter]. Is it a factory bean? Omitting bean from annotation processing
2018-12-01 16:41:33.539  INFO 94634 --- [           main] o.d.spring.DwrAnnotationPostProcessor    : Could not infer class for [simpleControllerHandlerAdapter]. Is it a factory bean? Omitting bean from annotation processing
2018-12-01 16:41:33.539  INFO 94634 --- [           main] o.d.spring.DwrAnnotationPostProcessor    : Could not infer class for [handlerExceptionResolver]. Is it a factory bean? Omitting bean from annotation processing
2018-12-01 16:41:33.539  INFO 94634 --- [           main] o.d.spring.DwrAnnotationPostProcessor    : Could not infer class for [mvcViewResolver]. Is it a factory bean? Omitting bean from annotation processing
2018-12-01 16:41:33.539  INFO 94634 --- [           main] o.d.spring.DwrAnnotationPostProcessor    : Could not infer class for [mvcHandlerMappingIntrospector]. Is it a factory bean? Omitting bean from annotation processing
2018-12-01 16:41:33.540  INFO 94634 --- [           main] o.d.spring.DwrAnnotationPostProcessor    : Could not infer class for [defaultViewResolver]. Is it a factory bean? Omitting bean from annotation processing
2018-12-01 16:41:33.549  INFO 94634 --- [           main] o.d.spring.DwrAnnotationPostProcessor    : Could not infer class for [viewResolver]. Is it a factory bean? Omitting bean from annotation processing
2018-12-01 16:41:33.556  INFO 94634 --- [           main] o.d.spring.DwrAnnotationPostProcessor    : Could not infer class for [welcomePageHandlerMapping]. Is it a factory bean? Omitting bean from annotation processing
2018-12-01 16:41:33.557  INFO 94634 --- [           main] o.d.spring.DwrAnnotationPostProcessor    : Could not infer class for [hiddenHttpMethodFilter]. Is it a factory bean? Omitting bean from annotation processing
2018-12-01 16:41:33.557  INFO 94634 --- [           main] o.d.spring.DwrAnnotationPostProcessor    : Could not infer class for [httpPutFormContentFilter]. Is it a factory bean? Omitting bean from annotation processing
2018-12-01 16:41:33.557  INFO 94634 --- [           main] o.d.spring.DwrAnnotationPostProcessor    : Could not infer class for [statViewServletRegistrationBean]. Is it a factory bean? Omitting bean from annotation processing
2018-12-01 16:41:33.557  INFO 94634 --- [           main] o.d.spring.DwrAnnotationPostProcessor    : Could not infer class for [webStatFilterRegistrationBean]. Is it a factory bean? Omitting bean from annotation processing
2018-12-01 16:41:33.557  INFO 94634 --- [           main] o.d.spring.DwrAnnotationPostProcessor    : Could not infer class for [statFilter]. Is it a factory bean? Omitting bean from annotation processing
2018-12-01 16:41:33.558  INFO 94634 --- [           main] o.d.spring.DwrAnnotationPostProcessor    : Could not infer class for [dataSource]. Is it a factory bean? Omitting bean from annotation processing
2018-12-01 16:41:33.558  INFO 94634 --- [           main] o.d.spring.DwrAnnotationPostProcessor    : Could not infer class for [hikariPoolDataSourceMetadataProvider]. Is it a factory bean? Omitting bean from annotation processing
2018-12-01 16:41:33.559  INFO 94634 --- [           main] o.d.spring.DwrAnnotationPostProcessor    : Could not infer class for [sqlSessionFactory]. Is it a factory bean? Omitting bean from annotation processing
2018-12-01 16:41:33.559  INFO 94634 --- [           main] o.d.spring.DwrAnnotationPostProcessor    : Could not infer class for [sqlSessionTemplate]. Is it a factory bean? Omitting bean from annotation processing
2018-12-01 16:41:33.560  INFO 94634 --- [           main] o.d.spring.DwrAnnotationPostProcessor    : Could not infer class for [auditEventRepository]. Is it a factory bean? Omitting bean from annotation processing
2018-12-01 16:41:33.560  INFO 94634 --- [           main] o.d.spring.DwrAnnotationPostProcessor    : Could not infer class for [auditListener]. Is it a factory bean? Omitting bean from annotation processing
2018-12-01 16:41:33.560  INFO 94634 --- [           main] o.d.spring.DwrAnnotationPostProcessor    : Could not infer class for [auditEventsEndpoint]. Is it a factory bean? Omitting bean from annotation processing
2018-12-01 16:41:33.561  INFO 94634 --- [           main] o.d.spring.DwrAnnotationPostProcessor    : Could not infer class for [beansEndpoint]. Is it a factory bean? Omitting bean from annotation processing
2018-12-01 16:41:33.562  INFO 94634 --- [           main] o.d.spring.DwrAnnotationPostProcessor    : Could not infer class for [diskSpaceHealthIndicator]. Is it a factory bean? Omitting bean from annotation processing
2018-12-01 16:41:33.562  INFO 94634 --- [           main] o.d.spring.DwrAnnotationPostProcessor    : Could not infer class for [diskSpaceHealthIndicatorProperties]. Is it a factory bean? Omitting bean from annotation processing
2018-12-01 16:41:33.563  INFO 94634 --- [           main] o.d.spring.DwrAnnotationPostProcessor    : Could not infer class for [redisConnectionFactory]. Is it a factory bean? Omitting bean from annotation processing
2018-12-01 16:41:33.564  INFO 94634 --- [           main] o.d.spring.DwrAnnotationPostProcessor    : Could not infer class for [redisTemplate]. Is it a factory bean? Omitting bean from annotation processing
2018-12-01 16:41:33.564  INFO 94634 --- [           main] o.d.spring.DwrAnnotationPostProcessor    : Could not infer class for [stringRedisTemplate]. Is it a factory bean? Omitting bean from annotation processing
2018-12-01 16:41:33.565  INFO 94634 --- [           main] o.d.spring.DwrAnnotationPostProcessor    : Could not infer class for [redisHealthIndicator]. Is it a factory bean? Omitting bean from annotation processing
2018-12-01 16:41:33.570  INFO 94634 --- [           main] o.d.spring.DwrAnnotationPostProcessor    : Could not infer class for [dbHealthIndicator]. Is it a factory bean? Omitting bean from annotation processing
2018-12-01 16:41:33.571  INFO 94634 --- [           main] o.d.spring.DwrAnnotationPostProcessor    : Could not infer class for [gsonBuilder]. Is it a factory bean? Omitting bean from annotation processing
2018-12-01 16:41:33.571  INFO 94634 --- [           main] o.d.spring.DwrAnnotationPostProcessor    : Could not infer class for [gson]. Is it a factory bean? Omitting bean from annotation processing
2018-12-01 16:41:33.571  INFO 94634 --- [           main] o.d.spring.DwrAnnotationPostProcessor    : Could not infer class for [standardGsonBuilderCustomizer]. Is it a factory bean? Omitting bean from annotation processing
2018-12-01 16:41:33.572  INFO 94634 --- [           main] o.d.spring.DwrAnnotationPostProcessor    : Could not infer class for [healthAggregator]. Is it a factory bean? Omitting bean from annotation processing
2018-12-01 16:41:33.572  INFO 94634 --- [           main] o.d.spring.DwrAnnotationPostProcessor    : Could not infer class for [healthEndpoint]. Is it a factory bean? Omitting bean from annotation processing
2018-12-01 16:41:33.572  INFO 94634 --- [           main] o.d.spring.DwrAnnotationPostProcessor    : Could not infer class for [healthEndpointWebExtension]. Is it a factory bean? Omitting bean from annotation processing
2018-12-01 16:41:33.572  INFO 94634 --- [           main] o.d.spring.DwrAnnotationPostProcessor    : Could not infer class for [createHealthStatusHttpMapper]. Is it a factory bean? Omitting bean from annotation processing
2018-12-01 16:41:33.573  INFO 94634 --- [           main] o.d.spring.DwrAnnotationPostProcessor    : Could not infer class for [healthWebEndpointResponseMapper]. Is it a factory bean? Omitting bean from annotation processing
2018-12-01 16:41:33.573  INFO 94634 --- [           main] o.d.spring.DwrAnnotationPostProcessor    : Could not infer class for [servletWebChildContextFactory]. Is it a factory bean? Omitting bean from annotation processing
2018-12-01 16:41:33.573  INFO 94634 --- [           main] o.d.spring.DwrAnnotationPostProcessor    : Could not infer class for [managementServletContext]. Is it a factory bean? Omitting bean from annotation processing
2018-12-01 16:41:33.574  INFO 94634 --- [           main] o.d.spring.DwrAnnotationPostProcessor    : Could not infer class for [conditionsReportEndpoint]. Is it a factory bean? Omitting bean from annotation processing
2018-12-01 16:41:33.574  INFO 94634 --- [           main] o.d.spring.DwrAnnotationPostProcessor    : Could not infer class for [configurationPropertiesReportEndpoint]. Is it a factory bean? Omitting bean from annotation processing
2018-12-01 16:41:33.575  INFO 94634 --- [           main] o.d.spring.DwrAnnotationPostProcessor    : Could not infer class for [endpointOperationParameterMapper]. Is it a factory bean? Omitting bean from annotation processing
2018-12-01 16:41:33.575  INFO 94634 --- [           main] o.d.spring.DwrAnnotationPostProcessor    : Could not infer class for [endpointCachingOperationInvokerAdvisor]. Is it a factory bean? Omitting bean from annotation processing
2018-12-01 16:41:33.575  INFO 94634 --- [           main] o.d.spring.DwrAnnotationPostProcessor    : Could not infer class for [mbeanExporter]. Is it a factory bean? Omitting bean from annotation processing
2018-12-01 16:41:33.576  INFO 94634 --- [           main] o.d.spring.DwrAnnotationPostProcessor    : Could not infer class for [objectNamingStrategy]. Is it a factory bean? Omitting bean from annotation processing
2018-12-01 16:41:33.576  INFO 94634 --- [           main] o.d.spring.DwrAnnotationPostProcessor    : Could not infer class for [mbeanServer]. Is it a factory bean? Omitting bean from annotation processing
2018-12-01 16:41:33.576  INFO 94634 --- [           main] o.d.spring.DwrAnnotationPostProcessor    : Could not infer class for [jmxAnnotationEndpointDiscoverer]. Is it a factory bean? Omitting bean from annotation processing
2018-12-01 16:41:33.576  INFO 94634 --- [           main] o.d.spring.DwrAnnotationPostProcessor    : Could not infer class for [jmxMBeanExporter]. Is it a factory bean? Omitting bean from annotation processing
2018-12-01 16:41:33.577  INFO 94634 --- [           main] o.d.spring.DwrAnnotationPostProcessor    : Could not infer class for [jmxIncludeExcludePropertyEndpointFilter]. Is it a factory bean? Omitting bean from annotation processing
2018-12-01 16:41:33.577  INFO 94634 --- [           main] o.d.spring.DwrAnnotationPostProcessor    : Could not infer class for [servletEndpointDiscoverer]. Is it a factory bean? Omitting bean from annotation processing
2018-12-01 16:41:33.577  INFO 94634 --- [           main] o.d.spring.DwrAnnotationPostProcessor    : Could not infer class for [webEndpointPathMapper]. Is it a factory bean? Omitting bean from annotation processing
2018-12-01 16:41:33.578  INFO 94634 --- [           main] o.d.spring.DwrAnnotationPostProcessor    : Could not infer class for [endpointMediaTypes]. Is it a factory bean? Omitting bean from annotation processing
2018-12-01 16:41:33.578  INFO 94634 --- [           main] o.d.spring.DwrAnnotationPostProcessor    : Could not infer class for [webEndpointDiscoverer]. Is it a factory bean? Omitting bean from annotation processing
2018-12-01 16:41:33.579  INFO 94634 --- [           main] o.d.spring.DwrAnnotationPostProcessor    : Could not infer class for [controllerEndpointDiscoverer]. Is it a factory bean? Omitting bean from annotation processing
2018-12-01 16:41:33.580  INFO 94634 --- [           main] o.d.spring.DwrAnnotationPostProcessor    : Could not infer class for [pathMappedEndpoints]. Is it a factory bean? Omitting bean from annotation processing
2018-12-01 16:41:33.580  INFO 94634 --- [           main] o.d.spring.DwrAnnotationPostProcessor    : Could not infer class for [webExposeExcludePropertyEndpointFilter]. Is it a factory bean? Omitting bean from annotation processing
2018-12-01 16:41:33.580  INFO 94634 --- [           main] o.d.spring.DwrAnnotationPostProcessor    : Could not infer class for [controllerExposeExcludePropertyEndpointFilter]. Is it a factory bean? Omitting bean from annotation processing
2018-12-01 16:41:33.581  INFO 94634 --- [           main] o.d.spring.DwrAnnotationPostProcessor    : Could not infer class for [environmentManager]. Is it a factory bean? Omitting bean from annotation processing
2018-12-01 16:41:33.582  INFO 94634 --- [           main] o.d.spring.DwrAnnotationPostProcessor    : Could not infer class for [environmentEndpoint]. Is it a factory bean? Omitting bean from annotation processing
2018-12-01 16:41:33.583  INFO 94634 --- [           main] o.d.spring.DwrAnnotationPostProcessor    : Could not infer class for [environmentEndpointWebExtension]. Is it a factory bean? Omitting bean from annotation processing
2018-12-01 16:41:33.583  INFO 94634 --- [           main] o.d.spring.DwrAnnotationPostProcessor    : Could not infer class for [envInfoContributor]. Is it a factory bean? Omitting bean from annotation processing
2018-12-01 16:41:33.584  INFO 94634 --- [           main] o.d.spring.DwrAnnotationPostProcessor    : Could not infer class for [infoEndpoint]. Is it a factory bean? Omitting bean from annotation processing
2018-12-01 16:41:33.584  INFO 94634 --- [           main] o.d.spring.DwrAnnotationPostProcessor    : Could not infer class for [loggersEndpoint]. Is it a factory bean? Omitting bean from annotation processing
2018-12-01 16:41:33.585  INFO 94634 --- [           main] o.d.spring.DwrAnnotationPostProcessor    : Could not infer class for [heapDumpWebEndpoint]. Is it a factory bean? Omitting bean from annotation processing
2018-12-01 16:41:33.586  INFO 94634 --- [           main] o.d.spring.DwrAnnotationPostProcessor    : Could not infer class for [dumpEndpoint]. Is it a factory bean? Omitting bean from annotation processing
2018-12-01 16:41:33.586  INFO 94634 --- [           main] o.d.spring.DwrAnnotationPostProcessor    : Could not infer class for [logbackMetrics]. Is it a factory bean? Omitting bean from annotation processing
2018-12-01 16:41:33.587  INFO 94634 --- [           main] o.d.spring.DwrAnnotationPostProcessor    : Could not infer class for [uptimeMetrics]. Is it a factory bean? Omitting bean from annotation processing
2018-12-01 16:41:33.594  INFO 94634 --- [           main] o.d.spring.DwrAnnotationPostProcessor    : Could not infer class for [processorMetrics]. Is it a factory bean? Omitting bean from annotation processing
2018-12-01 16:41:33.594  INFO 94634 --- [           main] o.d.spring.DwrAnnotationPostProcessor    : Could not infer class for [fileDescriptorMetrics]. Is it a factory bean? Omitting bean from annotation processing
2018-12-01 16:41:33.595  INFO 94634 --- [           main] o.d.spring.DwrAnnotationPostProcessor    : Could not infer class for [jvmGcMetrics]. Is it a factory bean? Omitting bean from annotation processing
2018-12-01 16:41:33.595  INFO 94634 --- [           main] o.d.spring.DwrAnnotationPostProcessor    : Could not infer class for [jvmMemoryMetrics]. Is it a factory bean? Omitting bean from annotation processing
2018-12-01 16:41:33.595  INFO 94634 --- [           main] o.d.spring.DwrAnnotationPostProcessor    : Could not infer class for [jvmThreadMetrics]. Is it a factory bean? Omitting bean from annotation processing
2018-12-01 16:41:33.595  INFO 94634 --- [           main] o.d.spring.DwrAnnotationPostProcessor    : Could not infer class for [classLoaderMetrics]. Is it a factory bean? Omitting bean from annotation processing
2018-12-01 16:41:33.596  INFO 94634 --- [           main] o.d.spring.DwrAnnotationPostProcessor    : Could not infer class for [micrometerClock]. Is it a factory bean? Omitting bean from annotation processing
2018-12-01 16:41:33.597  INFO 94634 --- [           main] o.d.spring.DwrAnnotationPostProcessor    : Could not infer class for [propertiesMeterFilter]. Is it a factory bean? Omitting bean from annotation processing
2018-12-01 16:41:33.599  INFO 94634 --- [           main] o.d.spring.DwrAnnotationPostProcessor    : Could not infer class for [simpleMeterRegistry]. Is it a factory bean? Omitting bean from annotation processing
2018-12-01 16:41:33.599  INFO 94634 --- [           main] o.d.spring.DwrAnnotationPostProcessor    : Could not infer class for [simpleConfig]. Is it a factory bean? Omitting bean from annotation processing
2018-12-01 16:41:33.600  INFO 94634 --- [           main] o.d.spring.DwrAnnotationPostProcessor    : Could not infer class for [metricsEndpoint]. Is it a factory bean? Omitting bean from annotation processing
2018-12-01 16:41:33.600  INFO 94634 --- [           main] o.d.spring.DwrAnnotationPostProcessor    : Could not infer class for [cacheManager]. Is it a factory bean? Omitting bean from annotation processing
2018-12-01 16:41:33.600  INFO 94634 --- [           main] o.d.spring.DwrAnnotationPostProcessor    : Could not infer class for [cacheManagerCustomizers]. Is it a factory bean? Omitting bean from annotation processing
2018-12-01 16:41:33.601  INFO 94634 --- [           main] o.d.spring.DwrAnnotationPostProcessor    : Could not infer class for [cacheAutoConfigurationValidator]. Is it a factory bean? Omitting bean from annotation processing
2018-12-01 16:41:33.601  INFO 94634 --- [           main] o.d.spring.DwrAnnotationPostProcessor    : Could not infer class for [standardJacksonObjectMapperBuilderCustomizer]. Is it a factory bean? Omitting bean from annotation processing
2018-12-01 16:41:33.602  INFO 94634 --- [           main] o.d.spring.DwrAnnotationPostProcessor    : Could not infer class for [jacksonObjectMapperBuilder]. Is it a factory bean? Omitting bean from annotation processing
2018-12-01 16:41:33.602  INFO 94634 --- [           main] o.d.spring.DwrAnnotationPostProcessor    : Could not infer class for [parameterNamesModule]. Is it a factory bean? Omitting bean from annotation processing
2018-12-01 16:41:33.604  INFO 94634 --- [           main] o.d.spring.DwrAnnotationPostProcessor    : Could not infer class for [jacksonObjectMapper]. Is it a factory bean? Omitting bean from annotation processing
2018-12-01 16:41:33.605  INFO 94634 --- [           main] o.d.spring.DwrAnnotationPostProcessor    : Could not infer class for [jsonComponentModule]. Is it a factory bean? Omitting bean from annotation processing
2018-12-01 16:41:33.605  INFO 94634 --- [           main] o.d.spring.DwrAnnotationPostProcessor    : Could not infer class for [stringHttpMessageConverter]. Is it a factory bean? Omitting bean from annotation processing
2018-12-01 16:41:33.606  INFO 94634 --- [           main] o.d.spring.DwrAnnotationPostProcessor    : Could not infer class for [mappingJackson2HttpMessageConverter]. Is it a factory bean? Omitting bean from annotation processing
2018-12-01 16:41:33.606  INFO 94634 --- [           main] o.d.spring.DwrAnnotationPostProcessor    : Could not infer class for [messageConverters]. Is it a factory bean? Omitting bean from annotation processing
2018-12-01 16:41:33.606  INFO 94634 --- [           main] o.d.spring.DwrAnnotationPostProcessor    : Could not infer class for [restTemplateBuilder]. Is it a factory bean? Omitting bean from annotation processing
2018-12-01 16:41:33.607  INFO 94634 --- [           main] o.d.spring.DwrAnnotationPostProcessor    : Could not infer class for [restTemplateTagConfigurer]. Is it a factory bean? Omitting bean from annotation processing
2018-12-01 16:41:33.607  INFO 94634 --- [           main] o.d.spring.DwrAnnotationPostProcessor    : Could not infer class for [metricsRestTemplateCustomizer]. Is it a factory bean? Omitting bean from annotation processing
2018-12-01 16:41:33.607  INFO 94634 --- [           main] o.d.spring.DwrAnnotationPostProcessor    : Could not infer class for [metricsWebClientUriTagFilter]. Is it a factory bean? Omitting bean from annotation processing
2018-12-01 16:41:33.607  INFO 94634 --- [           main] o.d.spring.DwrAnnotationPostProcessor    : Could not infer class for [webMvcTagsProvider]. Is it a factory bean? Omitting bean from annotation processing
2018-12-01 16:41:33.608  INFO 94634 --- [           main] o.d.spring.DwrAnnotationPostProcessor    : Could not infer class for [webMvcMetricsFilter]. Is it a factory bean? Omitting bean from annotation processing
2018-12-01 16:41:33.608  INFO 94634 --- [           main] o.d.spring.DwrAnnotationPostProcessor    : Could not infer class for [tomcatMetrics]. Is it a factory bean? Omitting bean from annotation processing
2018-12-01 16:41:33.608  INFO 94634 --- [           main] o.d.spring.DwrAnnotationPostProcessor    : Could not infer class for [contextCapturingServletTomcatCustomizer]. Is it a factory bean? Omitting bean from annotation processing
2018-12-01 16:41:33.608  INFO 94634 --- [           main] o.d.spring.DwrAnnotationPostProcessor    : Could not infer class for [scheduledTasksEndpoint]. Is it a factory bean? Omitting bean from annotation processing
2018-12-01 16:41:33.608  INFO 94634 --- [           main] o.d.spring.DwrAnnotationPostProcessor    : Could not infer class for [httpTraceFilter]. Is it a factory bean? Omitting bean from annotation processing
2018-12-01 16:41:33.609  INFO 94634 --- [           main] o.d.spring.DwrAnnotationPostProcessor    : Could not infer class for [traceRepository]. Is it a factory bean? Omitting bean from annotation processing
2018-12-01 16:41:33.609  INFO 94634 --- [           main] o.d.spring.DwrAnnotationPostProcessor    : Could not infer class for [httpExchangeTracer]. Is it a factory bean? Omitting bean from annotation processing
2018-12-01 16:41:33.609  INFO 94634 --- [           main] o.d.spring.DwrAnnotationPostProcessor    : Could not infer class for [httpTraceEndpoint]. Is it a factory bean? Omitting bean from annotation processing
2018-12-01 16:41:33.610  INFO 94634 --- [           main] o.d.spring.DwrAnnotationPostProcessor    : Could not infer class for [dispatcherServletMappingDescriptionProvider]. Is it a factory bean? Omitting bean from annotation processing
2018-12-01 16:41:33.610  INFO 94634 --- [           main] o.d.spring.DwrAnnotationPostProcessor    : Could not infer class for [servletMappingDescriptionProvider]. Is it a factory bean? Omitting bean from annotation processing
2018-12-01 16:41:33.610  INFO 94634 --- [           main] o.d.spring.DwrAnnotationPostProcessor    : Could not infer class for [filterMappingDescriptionProvider]. Is it a factory bean? Omitting bean from annotation processing
2018-12-01 16:41:33.611  INFO 94634 --- [           main] o.d.spring.DwrAnnotationPostProcessor    : Could not infer class for [mappingsEndpoint]. Is it a factory bean? Omitting bean from annotation processing
2018-12-01 16:41:33.614  INFO 94634 --- [           main] o.d.spring.DwrAnnotationPostProcessor    : Could not infer class for [pageableResolver]. Is it a factory bean? Omitting bean from annotation processing
2018-12-01 16:41:33.615  INFO 94634 --- [           main] o.d.spring.DwrAnnotationPostProcessor    : Could not infer class for [sortResolver]. Is it a factory bean? Omitting bean from annotation processing
2018-12-01 16:41:33.615  INFO 94634 --- [           main] o.d.spring.DwrAnnotationPostProcessor    : Could not infer class for [jacksonGeoModule]. Is it a factory bean? Omitting bean from annotation processing
2018-12-01 16:41:33.616  INFO 94634 --- [           main] o.d.spring.DwrAnnotationPostProcessor    : Could not infer class for [pageableCustomizer]. Is it a factory bean? Omitting bean from annotation processing
2018-12-01 16:41:33.617  INFO 94634 --- [           main] o.d.spring.DwrAnnotationPostProcessor    : Could not infer class for [sortCustomizer]. Is it a factory bean? Omitting bean from annotation processing
2018-12-01 16:41:33.617  INFO 94634 --- [           main] o.d.spring.DwrAnnotationPostProcessor    : Could not infer class for [jacksonCodecCustomizer]. Is it a factory bean? Omitting bean from annotation processing
2018-12-01 16:41:33.618  INFO 94634 --- [           main] o.d.spring.DwrAnnotationPostProcessor    : Could not infer class for [jdbcTemplate]. Is it a factory bean? Omitting bean from annotation processing
2018-12-01 16:41:33.618  INFO 94634 --- [           main] o.d.spring.DwrAnnotationPostProcessor    : Could not infer class for [namedParameterJdbcTemplate]. Is it a factory bean? Omitting bean from annotation processing
2018-12-01 16:41:33.619  INFO 94634 --- [           main] o.d.spring.DwrAnnotationPostProcessor    : Could not infer class for [contextRefresher]. Is it a factory bean? Omitting bean from annotation processing
2018-12-01 16:41:33.619  INFO 94634 --- [           main] o.d.spring.DwrAnnotationPostProcessor    : Could not infer class for [refreshEventListener]. Is it a factory bean? Omitting bean from annotation processing
2018-12-01 16:41:33.619  INFO 94634 --- [           main] o.d.spring.DwrAnnotationPostProcessor    : Could not infer class for [transactionManager]. Is it a factory bean? Omitting bean from annotation processing
2018-12-01 16:41:33.620  INFO 94634 --- [           main] o.d.spring.DwrAnnotationPostProcessor    : Could not infer class for [org.springframework.transaction.config.internalTransactionAdvisor]. Is it a factory bean? Omitting bean from annotation processing
2018-12-01 16:41:33.620  INFO 94634 --- [           main] o.d.spring.DwrAnnotationPostProcessor    : Could not infer class for [transactionAttributeSource]. Is it a factory bean? Omitting bean from annotation processing
2018-12-01 16:41:33.620  INFO 94634 --- [           main] o.d.spring.DwrAnnotationPostProcessor    : Could not infer class for [transactionInterceptor]. Is it a factory bean? Omitting bean from annotation processing
2018-12-01 16:41:33.620  INFO 94634 --- [           main] o.d.spring.DwrAnnotationPostProcessor    : Could not infer class for [org.springframework.transaction.config.internalTransactionalEventListenerFactory]. Is it a factory bean? Omitting bean from annotation processing
2018-12-01 16:41:33.622  INFO 94634 --- [           main] o.d.spring.DwrAnnotationPostProcessor    : Could not infer class for [transactionTemplate]. Is it a factory bean? Omitting bean from annotation processing
2018-12-01 16:41:33.622  INFO 94634 --- [           main] o.d.spring.DwrAnnotationPostProcessor    : Could not infer class for [platformTransactionManagerCustomizers]. Is it a factory bean? Omitting bean from annotation processing
2018-12-01 16:41:33.622  INFO 94634 --- [           main] o.d.spring.DwrAnnotationPostProcessor    : Could not infer class for [tomcatWebServerFactoryCustomizer]. Is it a factory bean? Omitting bean from annotation processing
2018-12-01 16:41:33.623  INFO 94634 --- [           main] o.d.spring.DwrAnnotationPostProcessor    : Could not infer class for [characterEncodingFilter]. Is it a factory bean? Omitting bean from annotation processing
2018-12-01 16:41:33.623  INFO 94634 --- [           main] o.d.spring.DwrAnnotationPostProcessor    : Could not infer class for [localeCharsetMappingsCustomizer]. Is it a factory bean? Omitting bean from annotation processing
2018-12-01 16:41:33.624  INFO 94634 --- [           main] o.d.spring.DwrAnnotationPostProcessor    : Could not infer class for [multipartConfigElement]. Is it a factory bean? Omitting bean from annotation processing
2018-12-01 16:41:33.625  INFO 94634 --- [           main] o.d.spring.DwrAnnotationPostProcessor    : Could not infer class for [multipartResolver]. Is it a factory bean? Omitting bean from annotation processing
2018-12-01 16:41:33.625  INFO 94634 --- [           main] o.d.spring.DwrAnnotationPostProcessor    : Could not infer class for [configurationPropertiesBeans]. Is it a factory bean? Omitting bean from annotation processing
2018-12-01 16:41:33.625  INFO 94634 --- [           main] o.d.spring.DwrAnnotationPostProcessor    : Could not infer class for [configurationPropertiesRebinder]. Is it a factory bean? Omitting bean from annotation processing
2018-12-01 16:41:33.626  INFO 94634 --- [           main] o.d.spring.DwrAnnotationPostProcessor    : Could not infer class for [refreshEndpoint]. Is it a factory bean? Omitting bean from annotation processing
2018-12-01 16:41:33.626  INFO 94634 --- [           main] o.d.spring.DwrAnnotationPostProcessor    : Could not infer class for [refreshScopeHealthIndicator]. Is it a factory bean? Omitting bean from annotation processing
2018-12-01 16:41:33.626  INFO 94634 --- [           main] o.d.spring.DwrAnnotationPostProcessor    : Could not infer class for [eurekaDiscoverClientMarker]. Is it a factory bean? Omitting bean from annotation processing
2018-12-01 16:41:33.627  INFO 94634 --- [           main] o.d.spring.DwrAnnotationPostProcessor    : Could not infer class for [eurekaHealthIndicator]. Is it a factory bean? Omitting bean from annotation processing
2018-12-01 16:41:33.629  INFO 94634 --- [           main] o.d.spring.DwrAnnotationPostProcessor    : Could not infer class for [scopedTarget.eurekaClient]. Is it a factory bean? Omitting bean from annotation processing
2018-12-01 16:41:33.629  INFO 94634 --- [           main] o.d.spring.DwrAnnotationPostProcessor    : Could not infer class for [scopedTarget.eurekaApplicationInfoManager]. Is it a factory bean? Omitting bean from annotation processing
2018-12-01 16:41:33.630  INFO 94634 --- [           main] o.d.spring.DwrAnnotationPostProcessor    : Could not infer class for [discoveryClientOptionalArgs]. Is it a factory bean? Omitting bean from annotation processing
2018-12-01 16:41:33.632  INFO 94634 --- [           main] o.d.spring.DwrAnnotationPostProcessor    : Could not infer class for [eurekaFeature]. Is it a factory bean? Omitting bean from annotation processing
2018-12-01 16:41:33.632  INFO 94634 --- [           main] o.d.spring.DwrAnnotationPostProcessor    : Could not infer class for [eurekaClientConfigBean]. Is it a factory bean? Omitting bean from annotation processing
2018-12-01 16:41:33.632  INFO 94634 --- [           main] o.d.spring.DwrAnnotationPostProcessor    : Could not infer class for [serviceManagementMetadataProvider]. Is it a factory bean? Omitting bean from annotation processing
2018-12-01 16:41:33.632  INFO 94634 --- [           main] o.d.spring.DwrAnnotationPostProcessor    : Could not infer class for [eurekaInstanceConfigBean]. Is it a factory bean? Omitting bean from annotation processing
2018-12-01 16:41:33.633  INFO 94634 --- [           main] o.d.spring.DwrAnnotationPostProcessor    : Could not infer class for [discoveryClient]. Is it a factory bean? Omitting bean from annotation processing
2018-12-01 16:41:33.633  INFO 94634 --- [           main] o.d.spring.DwrAnnotationPostProcessor    : Could not infer class for [eurekaServiceRegistry]. Is it a factory bean? Omitting bean from annotation processing
2018-12-01 16:41:33.634  INFO 94634 --- [           main] o.d.spring.DwrAnnotationPostProcessor    : Could not infer class for [eurekaRegistration]. Is it a factory bean? Omitting bean from annotation processing
2018-12-01 16:41:33.635  INFO 94634 --- [           main] o.d.spring.DwrAnnotationPostProcessor    : Could not infer class for [eurekaAutoServiceRegistration]. Is it a factory bean? Omitting bean from annotation processing
2018-12-01 16:41:33.637  INFO 94634 --- [           main] o.d.spring.DwrAnnotationPostProcessor    : Could not infer class for [featuresEndpoint]. Is it a factory bean? Omitting bean from annotation processing
2018-12-01 16:41:33.638  INFO 94634 --- [           main] o.d.spring.DwrAnnotationPostProcessor    : Could not infer class for [discoveryClientHealthIndicator]. Is it a factory bean? Omitting bean from annotation processing
2018-12-01 16:41:33.638  INFO 94634 --- [           main] o.d.spring.DwrAnnotationPostProcessor    : Could not infer class for [discoveryCompositeHealthIndicator]. Is it a factory bean? Omitting bean from annotation processing
2018-12-01 16:41:33.639  INFO 94634 --- [           main] o.d.spring.DwrAnnotationPostProcessor    : Could not infer class for [commonsFeatures]. Is it a factory bean? Omitting bean from annotation processing
2018-12-01 16:41:33.639  INFO 94634 --- [           main] o.d.spring.DwrAnnotationPostProcessor    : Could not infer class for [compositeDiscoveryClient]. Is it a factory bean? Omitting bean from annotation processing
2018-12-01 16:41:33.639  INFO 94634 --- [           main] o.d.spring.DwrAnnotationPostProcessor    : Could not infer class for [simpleDiscoveryProperties]. Is it a factory bean? Omitting bean from annotation processing
2018-12-01 16:41:33.640  INFO 94634 --- [           main] o.d.spring.DwrAnnotationPostProcessor    : Could not infer class for [simpleDiscoveryClient]. Is it a factory bean? Omitting bean from annotation processing
2018-12-01 16:41:33.641  INFO 94634 --- [           main] o.d.spring.DwrAnnotationPostProcessor    : Could not infer class for [ribbonFeature]. Is it a factory bean? Omitting bean from annotation processing
2018-12-01 16:41:33.641  INFO 94634 --- [           main] o.d.spring.DwrAnnotationPostProcessor    : Could not infer class for [springClientFactory]. Is it a factory bean? Omitting bean from annotation processing
2018-12-01 16:41:33.642  INFO 94634 --- [           main] o.d.spring.DwrAnnotationPostProcessor    : Could not infer class for [loadBalancerClient]. Is it a factory bean? Omitting bean from annotation processing
2018-12-01 16:41:33.642  INFO 94634 --- [           main] o.d.spring.DwrAnnotationPostProcessor    : Could not infer class for [propertiesFactory]. Is it a factory bean? Omitting bean from annotation processing
2018-12-01 16:41:33.643  INFO 94634 --- [           main] o.d.spring.DwrAnnotationPostProcessor    : Could not infer class for [asyncLoadBalancerInterceptor]. Is it a factory bean? Omitting bean from annotation processing
2018-12-01 16:41:33.643  INFO 94634 --- [           main] o.d.spring.DwrAnnotationPostProcessor    : Could not infer class for [asyncRestTemplateCustomizer]. Is it a factory bean? Omitting bean from annotation processing
2018-12-01 16:41:33.643  INFO 94634 --- [           main] o.d.spring.DwrAnnotationPostProcessor    : Could not infer class for [loadBalancedAsyncRestTemplateInitializer]. Is it a factory bean? Omitting bean from annotation processing
2018-12-01 16:41:33.644  INFO 94634 --- [           main] o.d.spring.DwrAnnotationPostProcessor    : Could not infer class for [ribbonInterceptor]. Is it a factory bean? Omitting bean from annotation processing
2018-12-01 16:41:33.644  INFO 94634 --- [           main] o.d.spring.DwrAnnotationPostProcessor    : Could not infer class for [restTemplateCustomizer]. Is it a factory bean? Omitting bean from annotation processing
2018-12-01 16:41:33.644  INFO 94634 --- [           main] o.d.spring.DwrAnnotationPostProcessor    : Could not infer class for [loadBalancedRestTemplateInitializerDeprecated]. Is it a factory bean? Omitting bean from annotation processing
2018-12-01 16:41:33.645  INFO 94634 --- [           main] o.d.spring.DwrAnnotationPostProcessor    : Could not infer class for [loadBalancerRequestFactory]. Is it a factory bean? Omitting bean from annotation processing
2018-12-01 16:41:33.646  INFO 94634 --- [           main] o.d.spring.DwrAnnotationPostProcessor    : Could not infer class for [serviceRegistryEndpoint]. Is it a factory bean? Omitting bean from annotation processing
2018-12-01 16:41:33.646  INFO 94634 --- [           main] o.d.spring.DwrAnnotationPostProcessor    : Could not infer class for [connManFactory]. Is it a factory bean? Omitting bean from annotation processing
2018-12-01 16:41:33.647  INFO 94634 --- [           main] o.d.spring.DwrAnnotationPostProcessor    : Could not infer class for [apacheHttpClientBuilder]. Is it a factory bean? Omitting bean from annotation processing
2018-12-01 16:41:33.647  INFO 94634 --- [           main] o.d.spring.DwrAnnotationPostProcessor    : Could not infer class for [apacheHttpClientFactory]. Is it a factory bean? Omitting bean from annotation processing
2018-12-01 16:41:33.648  INFO 94634 --- [           main] o.d.spring.DwrAnnotationPostProcessor    : Could not infer class for [inetUtilsProperties]. Is it a factory bean? Omitting bean from annotation processing
2018-12-01 16:41:33.648  INFO 94634 --- [           main] o.d.spring.DwrAnnotationPostProcessor    : Could not infer class for [inetUtils]. Is it a factory bean? Omitting bean from annotation processing
2018-12-01 16:41:33.648  INFO 94634 --- [           main] o.d.spring.DwrAnnotationPostProcessor    : Could not infer class for [configServerHealthIndicator]. Is it a factory bean? Omitting bean from annotation processing
2018-12-01 16:41:33.648  INFO 94634 --- [           main] o.d.spring.DwrAnnotationPostProcessor    : Could not infer class for [configClientProperties]. Is it a factory bean? Omitting bean from annotation processing
2018-12-01 16:41:33.649  INFO 94634 --- [           main] o.d.spring.DwrAnnotationPostProcessor    : Could not infer class for [configClientHealthProperties]. Is it a factory bean? Omitting bean from annotation processing
2018-12-01 16:41:33.649  INFO 94634 --- [           main] o.d.spring.DwrAnnotationPostProcessor    : Could not infer class for [hystrixStreamEndpoint]. Is it a factory bean? Omitting bean from annotation processing
2018-12-01 16:41:33.649  INFO 94634 --- [           main] o.d.spring.DwrAnnotationPostProcessor    : Could not infer class for [hystrixStreamFeature]. Is it a factory bean? Omitting bean from annotation processing
2018-12-01 16:41:33.650  INFO 94634 --- [           main] o.d.spring.DwrAnnotationPostProcessor    : Could not infer class for [hystrixHealthIndicator]. Is it a factory bean? Omitting bean from annotation processing
2018-12-01 16:41:33.650  INFO 94634 --- [           main] o.d.spring.DwrAnnotationPostProcessor    : Could not infer class for [hystrixMetricsBinder]. Is it a factory bean? Omitting bean from annotation processing
2018-12-01 16:41:33.651  INFO 94634 --- [           main] o.d.spring.DwrAnnotationPostProcessor    : Could not infer class for [servletEndpointRegistrar]. Is it a factory bean? Omitting bean from annotation processing
2018-12-01 16:41:33.651  INFO 94634 --- [           main] o.d.spring.DwrAnnotationPostProcessor    : Could not infer class for [servletExposeExcludePropertyEndpointFilter]. Is it a factory bean? Omitting bean from annotation processing
2018-12-01 16:41:33.652  INFO 94634 --- [           main] o.d.spring.DwrAnnotationPostProcessor    : Could not infer class for [webEndpointServletHandlerMapping]. Is it a factory bean? Omitting bean from annotation processing
2018-12-01 16:41:33.652  INFO 94634 --- [           main] o.d.spring.DwrAnnotationPostProcessor    : Could not infer class for [controllerEndpointHandlerMapping]. Is it a factory bean? Omitting bean from annotation processing
2018-12-01 16:41:33.668  INFO 94634 --- [           main] f.a.AutowiredAnnotationBeanPostProcessor : JSR-330 'javax.inject.Inject' annotation found and supported for autowiring
2018-12-01 16:41:34.057  INFO 94634 --- [           main] trationDelegate$BeanPostProcessorChecker : Bean 'org.springframework.transaction.annotation.ProxyTransactionManagementConfiguration' of type [org.springframework.transaction.annotation.ProxyTransactionManagementConfiguration$$EnhancerBySpringCGLIB$$d6a04680] is not eligible for getting processed by all BeanPostProcessors (for example: not eligible for auto-proxying)
2018-12-01 16:41:34.653  INFO 94634 --- [           main] trationDelegate$BeanPostProcessorChecker : Bean 'org.springframework.cache.annotation.ProxyCachingConfiguration' of type [org.springframework.cache.annotation.ProxyCachingConfiguration$$EnhancerBySpringCGLIB$$1fb27c9e] is not eligible for getting processed by all BeanPostProcessors (for example: not eligible for auto-proxying)
2018-12-01 16:41:34.686  INFO 94634 --- [           main] trationDelegate$BeanPostProcessorChecker : Bean 'org.springframework.boot.autoconfigure.cache.CacheAutoConfiguration' of type [org.springframework.boot.autoconfigure.cache.CacheAutoConfiguration$$EnhancerBySpringCGLIB$$14264142] is not eligible for getting processed by all BeanPostProcessors (for example: not eligible for auto-proxying)
2018-12-01 16:41:34.705  INFO 94634 --- [           main] trationDelegate$BeanPostProcessorChecker : Bean 'org.springframework.boot.context.properties.ConversionServiceDeducer$Factory' of type [org.springframework.boot.context.properties.ConversionServiceDeducer$Factory] is not eligible for getting processed by all BeanPostProcessors (for example: not eligible for auto-proxying)
2018-12-01 16:41:34.708  INFO 94634 --- [           main] trationDelegate$BeanPostProcessorChecker : Bean 'spring.cache-org.springframework.boot.autoconfigure.cache.CacheProperties' of type [org.springframework.boot.autoconfigure.cache.CacheProperties] is not eligible for getting processed by all BeanPostProcessors (for example: not eligible for auto-proxying)
2018-12-01 16:41:34.725  INFO 94634 --- [           main] trationDelegate$BeanPostProcessorChecker : Bean 'cacheManagerCustomizers' of type [org.springframework.boot.autoconfigure.cache.CacheManagerCustomizers] is not eligible for getting processed by all BeanPostProcessors (for example: not eligible for auto-proxying)
2018-12-01 16:41:34.731  INFO 94634 --- [           main] trationDelegate$BeanPostProcessorChecker : Bean 'org.springframework.boot.autoconfigure.cache.RedisCacheConfiguration' of type [org.springframework.boot.autoconfigure.cache.RedisCacheConfiguration$$EnhancerBySpringCGLIB$$c4b7dd9c] is not eligible for getting processed by all BeanPostProcessors (for example: not eligible for auto-proxying)
2018-12-01 16:41:34.756  INFO 94634 --- [           main] trationDelegate$BeanPostProcessorChecker : Bean 'spring.redis-org.springframework.boot.autoconfigure.data.redis.RedisProperties' of type [org.springframework.boot.autoconfigure.data.redis.RedisProperties] is not eligible for getting processed by all BeanPostProcessors (for example: not eligible for auto-proxying)
2018-12-01 16:41:34.774  INFO 94634 --- [           main] trationDelegate$BeanPostProcessorChecker : Bean 'org.springframework.boot.autoconfigure.data.redis.JedisConnectionConfiguration' of type [org.springframework.boot.autoconfigure.data.redis.JedisConnectionConfiguration$$EnhancerBySpringCGLIB$$77dbf815] is not eligible for getting processed by all BeanPostProcessors (for example: not eligible for auto-proxying)
2018-12-01 16:41:35.041  INFO 94634 --- [           main] trationDelegate$BeanPostProcessorChecker : Bean 'redisConnectionFactory' of type [org.springframework.data.redis.connection.jedis.JedisConnectionFactory] is not eligible for getting processed by all BeanPostProcessors (for example: not eligible for auto-proxying)
2018-12-01 16:41:35.170  INFO 94634 --- [           main] trationDelegate$BeanPostProcessorChecker : Bean 'cacheManager' of type [org.springframework.data.redis.cache.RedisCacheManager] is not eligible for getting processed by all BeanPostProcessors (for example: not eligible for auto-proxying)
2018-12-01 16:41:35.174  INFO 94634 --- [           main] trationDelegate$BeanPostProcessorChecker : Bean 'cacheAutoConfigurationValidator' of type [org.springframework.boot.autoconfigure.cache.CacheAutoConfiguration$CacheManagerValidator] is not eligible for getting processed by all BeanPostProcessors (for example: not eligible for auto-proxying)
2018-12-01 16:41:35.257  INFO 94634 --- [           main] trationDelegate$BeanPostProcessorChecker : Bean 'org.springframework.cloud.autoconfigure.ConfigurationPropertiesRebinderAutoConfiguration' of type [org.springframework.cloud.autoconfigure.ConfigurationPropertiesRebinderAutoConfiguration$$EnhancerBySpringCGLIB$$f2ba497d] is not eligible for getting processed by all BeanPostProcessors (for example: not eligible for auto-proxying)
2018-12-01 16:41:35.992  INFO 94634 --- [           main] o.s.b.w.embedded.tomcat.TomcatWebServer  : Tomcat initialized with port(s): 8321 (http)
2018-12-01 16:41:36.041  INFO 94634 --- [           main] o.apache.catalina.core.StandardService   : Starting service [Tomcat]
2018-12-01 16:41:36.041  INFO 94634 --- [           main] org.apache.catalina.core.StandardEngine  : Starting Servlet Engine: Apache Tomcat/8.5.29
2018-12-01 16:41:36.067  INFO 94634 --- [ost-startStop-1] o.a.catalina.core.AprLifecycleListener   : The APR based Apache Tomcat Native library which allows optimal performance in production environments was not found on the java.library.path: [/Users/farben/Library/Java/Extensions:/Library/Java/Extensions:/Network/Library/Java/Extensions:/System/Library/Java/Extensions:/usr/lib/java:.]
2018-12-01 16:41:38.744  INFO 94634 --- [ost-startStop-1] o.a.c.c.C.[.[localhost].[/lxt-chat]      : Initializing Spring embedded WebApplicationContext
2018-12-01 16:41:38.745  INFO 94634 --- [ost-startStop-1] o.s.web.context.ContextLoader            : Root WebApplicationContext: initialization completed in 8498 ms
2018-12-01 16:41:39.646  WARN 94634 --- [ost-startStop-1] c.n.c.sources.URLConfigurationSource     : No URLs will be polled as dynamic configuration sources.
2018-12-01 16:41:39.646  INFO 94634 --- [ost-startStop-1] c.n.c.sources.URLConfigurationSource     : To enable URLs as dynamic configuration sources, define System property archaius.configurationSource.additionalUrls or make config.properties available on classpath.
2018-12-01 16:41:39.712  INFO 94634 --- [ost-startStop-1] c.netflix.config.DynamicPropertyFactory  : DynamicPropertyFactory is initialized with configuration sources: com.netflix.config.ConcurrentCompositeConfiguration@d9fd2dd
2018-12-01 16:41:40.412  INFO 94634 --- [ost-startStop-1] c.a.d.s.b.a.DruidDataSourceAutoConfigure : Init DruidDataSource
2018-12-01 16:41:40.972  INFO 94634 --- [ost-startStop-1] com.alibaba.druid.pool.DruidDataSource   : {dataSource-1} inited
2018-12-01 16:41:43.129  INFO 94634 --- [ost-startStop-1] o.s.b.w.servlet.ServletRegistrationBean  : Servlet dwrSpringServlet mapped to [/chatEngine/*]
2018-12-01 16:41:43.136  INFO 94634 --- [ost-startStop-1] o.s.b.w.servlet.ServletRegistrationBean  : Servlet dispatcherServlet mapped to [/]
2018-12-01 16:41:43.137  INFO 94634 --- [ost-startStop-1] o.s.b.w.servlet.ServletRegistrationBean  : Servlet statViewServlet mapped to [/druid/*]
2018-12-01 16:41:43.144  INFO 94634 --- [ost-startStop-1] o.s.b.w.servlet.FilterRegistrationBean   : Mapping filter: 'characterEncodingFilter' to: [/*]
2018-12-01 16:41:43.145  INFO 94634 --- [ost-startStop-1] o.s.b.w.servlet.FilterRegistrationBean   : Mapping filter: 'hiddenHttpMethodFilter' to: [/*]
2018-12-01 16:41:43.145  INFO 94634 --- [ost-startStop-1] o.s.b.w.servlet.FilterRegistrationBean   : Mapping filter: 'httpPutFormContentFilter' to: [/*]
2018-12-01 16:41:43.146  INFO 94634 --- [ost-startStop-1] o.s.b.w.servlet.FilterRegistrationBean   : Mapping filter: 'requestContextFilter' to: [/*]
2018-12-01 16:41:43.146  INFO 94634 --- [ost-startStop-1] o.s.b.w.servlet.FilterRegistrationBean   : Mapping filter: 'httpTraceFilter' to: [/*]
2018-12-01 16:41:43.147  INFO 94634 --- [ost-startStop-1] o.s.b.w.servlet.FilterRegistrationBean   : Mapping filter: 'webStatFilter' to urls: [/*]
2018-12-01 16:41:43.147  INFO 94634 --- [ost-startStop-1] o.s.b.w.servlet.FilterRegistrationBean   : Mapping filter: 'webMvcMetricsFilter' to: [/*]
2018-12-01 16:41:43.150  INFO 94634 --- [ost-startStop-1] o.s.b.a.e.web.ServletEndpointRegistrar   : Registered '/actuator/hystrix.stream' to hystrix.stream-actuator-endpoint
2018-12-01 16:41:43.412  WARN 94634 --- [           main] f.a.AutowiredAnnotationBeanPostProcessor : Autowired annotation is not supported on static fields: private static com.lxt.ms.chat.mapper.ChatRecordMapper com.lxt.ms.chat.server.ChatServer.chatRecordMapper
2018-12-01 16:41:44.532  WARN 94634 --- [           main] c.n.c.sources.URLConfigurationSource     : No URLs will be polled as dynamic configuration sources.
2018-12-01 16:41:44.532  INFO 94634 --- [           main] c.n.c.sources.URLConfigurationSource     : To enable URLs as dynamic configuration sources, define System property archaius.configurationSource.additionalUrls or make config.properties available on classpath.
2018-12-01 16:41:44.720  INFO 94634 --- [           main] o.s.w.s.handler.SimpleUrlHandlerMapping  : Mapped URL path [/**/favicon.ico] onto handler of type [class org.springframework.web.servlet.resource.ResourceHttpRequestHandler]
2018-12-01 16:41:45.204  INFO 94634 --- [           main] s.w.s.m.m.a.RequestMappingHandlerAdapter : Looking for @ControllerAdvice: org.springframework.boot.web.servlet.context.AnnotationConfigServletWebServerApplicationContext@4232c52b: startup date [Sat Dec 01 16:41:30 CST 2018]; parent: org.springframework.context.annotation.AnnotationConfigApplicationContext@7e0babb1
2018-12-01 16:41:45.709  INFO 94634 --- [           main] s.w.s.m.m.a.RequestMappingHandlerMapping : Mapped "{[/error]}" onto public org.springframework.http.ResponseEntity<java.util.Map<java.lang.String, java.lang.Object>> org.springframework.boot.autoconfigure.web.servlet.error.BasicErrorController.error(javax.servlet.http.HttpServletRequest)
2018-12-01 16:41:45.710  INFO 94634 --- [           main] s.w.s.m.m.a.RequestMappingHandlerMapping : Mapped "{[/error],produces=[text/html]}" onto public org.springframework.web.servlet.ModelAndView org.springframework.boot.autoconfigure.web.servlet.error.BasicErrorController.errorHtml(javax.servlet.http.HttpServletRequest,javax.servlet.http.HttpServletResponse)
2018-12-01 16:41:45.803  INFO 94634 --- [           main] o.s.w.s.handler.SimpleUrlHandlerMapping  : Mapped URL path [/webjars/**] onto handler of type [class org.springframework.web.servlet.resource.ResourceHttpRequestHandler]
2018-12-01 16:41:45.805  INFO 94634 --- [           main] o.s.w.s.handler.SimpleUrlHandlerMapping  : Mapped URL path [/**] onto handler of type [class org.springframework.web.servlet.resource.ResourceHttpRequestHandler]
2018-12-01 16:41:47.457  INFO 94634 --- [           main] o.s.b.a.e.web.EndpointLinksResolver      : Exposing 19 endpoint(s) beneath base path '/actuator'
2018-12-01 16:41:47.475  INFO 94634 --- [           main] s.b.a.e.w.s.WebMvcEndpointHandlerMapping : Mapped "{[/actuator/archaius],methods=[GET],produces=[application/vnd.spring-boot.actuator.v2+json || application/json]}" onto public java.lang.Object org.springframework.boot.actuate.endpoint.web.servlet.AbstractWebMvcEndpointHandlerMapping$OperationHandler.handle(javax.servlet.http.HttpServletRequest,java.util.Map<java.lang.String, java.lang.String>)
2018-12-01 16:41:47.479  INFO 94634 --- [           main] s.b.a.e.w.s.WebMvcEndpointHandlerMapping : Mapped "{[/actuator/auditevents],methods=[GET],produces=[application/vnd.spring-boot.actuator.v2+json || application/json]}" onto public java.lang.Object org.springframework.boot.actuate.endpoint.web.servlet.AbstractWebMvcEndpointHandlerMapping$OperationHandler.handle(javax.servlet.http.HttpServletRequest,java.util.Map<java.lang.String, java.lang.String>)
2018-12-01 16:41:47.482  INFO 94634 --- [           main] s.b.a.e.w.s.WebMvcEndpointHandlerMapping : Mapped "{[/actuator/beans],methods=[GET],produces=[application/vnd.spring-boot.actuator.v2+json || application/json]}" onto public java.lang.Object org.springframework.boot.actuate.endpoint.web.servlet.AbstractWebMvcEndpointHandlerMapping$OperationHandler.handle(javax.servlet.http.HttpServletRequest,java.util.Map<java.lang.String, java.lang.String>)
2018-12-01 16:41:47.483  INFO 94634 --- [           main] s.b.a.e.w.s.WebMvcEndpointHandlerMapping : Mapped "{[/actuator/health],methods=[GET],produces=[application/vnd.spring-boot.actuator.v2+json || application/json]}" onto public java.lang.Object org.springframework.boot.actuate.endpoint.web.servlet.AbstractWebMvcEndpointHandlerMapping$OperationHandler.handle(javax.servlet.http.HttpServletRequest,java.util.Map<java.lang.String, java.lang.String>)
2018-12-01 16:41:47.484  INFO 94634 --- [           main] s.b.a.e.w.s.WebMvcEndpointHandlerMapping : Mapped "{[/actuator/conditions],methods=[GET],produces=[application/vnd.spring-boot.actuator.v2+json || application/json]}" onto public java.lang.Object org.springframework.boot.actuate.endpoint.web.servlet.AbstractWebMvcEndpointHandlerMapping$OperationHandler.handle(javax.servlet.http.HttpServletRequest,java.util.Map<java.lang.String, java.lang.String>)
2018-12-01 16:41:47.484  INFO 94634 --- [           main] s.b.a.e.w.s.WebMvcEndpointHandlerMapping : Mapped "{[/actuator/configprops],methods=[GET],produces=[application/vnd.spring-boot.actuator.v2+json || application/json]}" onto public java.lang.Object org.springframework.boot.actuate.endpoint.web.servlet.AbstractWebMvcEndpointHandlerMapping$OperationHandler.handle(javax.servlet.http.HttpServletRequest,java.util.Map<java.lang.String, java.lang.String>)
2018-12-01 16:41:47.485  INFO 94634 --- [           main] s.b.a.e.w.s.WebMvcEndpointHandlerMapping : Mapped "{[/actuator/env],methods=[GET],produces=[application/vnd.spring-boot.actuator.v2+json || application/json]}" onto public java.lang.Object org.springframework.boot.actuate.endpoint.web.servlet.AbstractWebMvcEndpointHandlerMapping$OperationHandler.handle(javax.servlet.http.HttpServletRequest,java.util.Map<java.lang.String, java.lang.String>)
2018-12-01 16:41:47.485  INFO 94634 --- [           main] s.b.a.e.w.s.WebMvcEndpointHandlerMapping : Mapped "{[/actuator/env/{toMatch}],methods=[GET],produces=[application/vnd.spring-boot.actuator.v2+json || application/json]}" onto public java.lang.Object org.springframework.boot.actuate.endpoint.web.servlet.AbstractWebMvcEndpointHandlerMapping$OperationHandler.handle(javax.servlet.http.HttpServletRequest,java.util.Map<java.lang.String, java.lang.String>)
2018-12-01 16:41:47.486  INFO 94634 --- [           main] s.b.a.e.w.s.WebMvcEndpointHandlerMapping : Mapped "{[/actuator/env],methods=[POST],consumes=[application/vnd.spring-boot.actuator.v2+json || application/json],produces=[application/vnd.spring-boot.actuator.v2+json || application/json]}" onto public java.lang.Object org.springframework.boot.actuate.endpoint.web.servlet.AbstractWebMvcEndpointHandlerMapping$OperationHandler.handle(javax.servlet.http.HttpServletRequest,java.util.Map<java.lang.String, java.lang.String>)
2018-12-01 16:41:47.487  INFO 94634 --- [           main] s.b.a.e.w.s.WebMvcEndpointHandlerMapping : Mapped "{[/actuator/env],methods=[DELETE],produces=[application/vnd.spring-boot.actuator.v2+json || application/json]}" onto public java.lang.Object org.springframework.boot.actuate.endpoint.web.servlet.AbstractWebMvcEndpointHandlerMapping$OperationHandler.handle(javax.servlet.http.HttpServletRequest,java.util.Map<java.lang.String, java.lang.String>)
2018-12-01 16:41:47.488  INFO 94634 --- [           main] s.b.a.e.w.s.WebMvcEndpointHandlerMapping : Mapped "{[/actuator/info],methods=[GET],produces=[application/vnd.spring-boot.actuator.v2+json || application/json]}" onto public java.lang.Object org.springframework.boot.actuate.endpoint.web.servlet.AbstractWebMvcEndpointHandlerMapping$OperationHandler.handle(javax.servlet.http.HttpServletRequest,java.util.Map<java.lang.String, java.lang.String>)
2018-12-01 16:41:47.488  INFO 94634 --- [           main] s.b.a.e.w.s.WebMvcEndpointHandlerMapping : Mapped "{[/actuator/loggers],methods=[GET],produces=[application/vnd.spring-boot.actuator.v2+json || application/json]}" onto public java.lang.Object org.springframework.boot.actuate.endpoint.web.servlet.AbstractWebMvcEndpointHandlerMapping$OperationHandler.handle(javax.servlet.http.HttpServletRequest,java.util.Map<java.lang.String, java.lang.String>)
2018-12-01 16:41:47.489  INFO 94634 --- [           main] s.b.a.e.w.s.WebMvcEndpointHandlerMapping : Mapped "{[/actuator/loggers/{name}],methods=[GET],produces=[application/vnd.spring-boot.actuator.v2+json || application/json]}" onto public java.lang.Object org.springframework.boot.actuate.endpoint.web.servlet.AbstractWebMvcEndpointHandlerMapping$OperationHandler.handle(javax.servlet.http.HttpServletRequest,java.util.Map<java.lang.String, java.lang.String>)
2018-12-01 16:41:47.489  INFO 94634 --- [           main] s.b.a.e.w.s.WebMvcEndpointHandlerMapping : Mapped "{[/actuator/loggers/{name}],methods=[POST],consumes=[application/vnd.spring-boot.actuator.v2+json || application/json]}" onto public java.lang.Object org.springframework.boot.actuate.endpoint.web.servlet.AbstractWebMvcEndpointHandlerMapping$OperationHandler.handle(javax.servlet.http.HttpServletRequest,java.util.Map<java.lang.String, java.lang.String>)
2018-12-01 16:41:47.490  INFO 94634 --- [           main] s.b.a.e.w.s.WebMvcEndpointHandlerMapping : Mapped "{[/actuator/heapdump],methods=[GET],produces=[application/octet-stream]}" onto public java.lang.Object org.springframework.boot.actuate.endpoint.web.servlet.AbstractWebMvcEndpointHandlerMapping$OperationHandler.handle(javax.servlet.http.HttpServletRequest,java.util.Map<java.lang.String, java.lang.String>)
2018-12-01 16:41:47.490  INFO 94634 --- [           main] s.b.a.e.w.s.WebMvcEndpointHandlerMapping : Mapped "{[/actuator/threaddump],methods=[GET],produces=[application/vnd.spring-boot.actuator.v2+json || application/json]}" onto public java.lang.Object org.springframework.boot.actuate.endpoint.web.servlet.AbstractWebMvcEndpointHandlerMapping$OperationHandler.handle(javax.servlet.http.HttpServletRequest,java.util.Map<java.lang.String, java.lang.String>)
2018-12-01 16:41:47.490  INFO 94634 --- [           main] s.b.a.e.w.s.WebMvcEndpointHandlerMapping : Mapped "{[/actuator/metrics/{requiredMetricName}],methods=[GET],produces=[application/vnd.spring-boot.actuator.v2+json || application/json]}" onto public java.lang.Object org.springframework.boot.actuate.endpoint.web.servlet.AbstractWebMvcEndpointHandlerMapping$OperationHandler.handle(javax.servlet.http.HttpServletRequest,java.util.Map<java.lang.String, java.lang.String>)
2018-12-01 16:41:47.491  INFO 94634 --- [           main] s.b.a.e.w.s.WebMvcEndpointHandlerMapping : Mapped "{[/actuator/metrics],methods=[GET],produces=[application/vnd.spring-boot.actuator.v2+json || application/json]}" onto public java.lang.Object org.springframework.boot.actuate.endpoint.web.servlet.AbstractWebMvcEndpointHandlerMapping$OperationHandler.handle(javax.servlet.http.HttpServletRequest,java.util.Map<java.lang.String, java.lang.String>)
2018-12-01 16:41:47.491  INFO 94634 --- [           main] s.b.a.e.w.s.WebMvcEndpointHandlerMapping : Mapped "{[/actuator/scheduledtasks],methods=[GET],produces=[application/vnd.spring-boot.actuator.v2+json || application/json]}" onto public java.lang.Object org.springframework.boot.actuate.endpoint.web.servlet.AbstractWebMvcEndpointHandlerMapping$OperationHandler.handle(javax.servlet.http.HttpServletRequest,java.util.Map<java.lang.String, java.lang.String>)
2018-12-01 16:41:47.491  INFO 94634 --- [           main] s.b.a.e.w.s.WebMvcEndpointHandlerMapping : Mapped "{[/actuator/httptrace],methods=[GET],produces=[application/vnd.spring-boot.actuator.v2+json || application/json]}" onto public java.lang.Object org.springframework.boot.actuate.endpoint.web.servlet.AbstractWebMvcEndpointHandlerMapping$OperationHandler.handle(javax.servlet.http.HttpServletRequest,java.util.Map<java.lang.String, java.lang.String>)
2018-12-01 16:41:47.492  INFO 94634 --- [           main] s.b.a.e.w.s.WebMvcEndpointHandlerMapping : Mapped "{[/actuator/mappings],methods=[GET],produces=[application/vnd.spring-boot.actuator.v2+json || application/json]}" onto public java.lang.Object org.springframework.boot.actuate.endpoint.web.servlet.AbstractWebMvcEndpointHandlerMapping$OperationHandler.handle(javax.servlet.http.HttpServletRequest,java.util.Map<java.lang.String, java.lang.String>)
2018-12-01 16:41:47.492  INFO 94634 --- [           main] s.b.a.e.w.s.WebMvcEndpointHandlerMapping : Mapped "{[/actuator/refresh],methods=[POST],produces=[application/vnd.spring-boot.actuator.v2+json || application/json]}" onto public java.lang.Object org.springframework.boot.actuate.endpoint.web.servlet.AbstractWebMvcEndpointHandlerMapping$OperationHandler.handle(javax.servlet.http.HttpServletRequest,java.util.Map<java.lang.String, java.lang.String>)
2018-12-01 16:41:47.495  INFO 94634 --- [           main] s.b.a.e.w.s.WebMvcEndpointHandlerMapping : Mapped "{[/actuator/features],methods=[GET],produces=[application/vnd.spring-boot.actuator.v2+json || application/json]}" onto public java.lang.Object org.springframework.boot.actuate.endpoint.web.servlet.AbstractWebMvcEndpointHandlerMapping$OperationHandler.handle(javax.servlet.http.HttpServletRequest,java.util.Map<java.lang.String, java.lang.String>)
2018-12-01 16:41:47.495  INFO 94634 --- [           main] s.b.a.e.w.s.WebMvcEndpointHandlerMapping : Mapped "{[/actuator/service-registry],methods=[POST],consumes=[application/vnd.spring-boot.actuator.v2+json || application/json],produces=[application/vnd.spring-boot.actuator.v2+json || application/json]}" onto public java.lang.Object org.springframework.boot.actuate.endpoint.web.servlet.AbstractWebMvcEndpointHandlerMapping$OperationHandler.handle(javax.servlet.http.HttpServletRequest,java.util.Map<java.lang.String, java.lang.String>)
2018-12-01 16:41:47.496  INFO 94634 --- [           main] s.b.a.e.w.s.WebMvcEndpointHandlerMapping : Mapped "{[/actuator/service-registry],methods=[GET],produces=[application/vnd.spring-boot.actuator.v2+json || application/json]}" onto public java.lang.Object org.springframework.boot.actuate.endpoint.web.servlet.AbstractWebMvcEndpointHandlerMapping$OperationHandler.handle(javax.servlet.http.HttpServletRequest,java.util.Map<java.lang.String, java.lang.String>)
2018-12-01 16:41:47.498  INFO 94634 --- [           main] s.b.a.e.w.s.WebMvcEndpointHandlerMapping : Mapped "{[/actuator],methods=[GET],produces=[application/vnd.spring-boot.actuator.v2+json || application/json]}" onto protected java.util.Map<java.lang.String, java.util.Map<java.lang.String, org.springframework.boot.actuate.endpoint.web.Link>> org.springframework.boot.actuate.endpoint.web.servlet.WebMvcEndpointHandlerMapping.links(javax.servlet.http.HttpServletRequest,javax.servlet.http.HttpServletResponse)
2018-12-01 16:41:47.650  INFO 94634 --- [           main] o.s.j.e.a.AnnotationMBeanExporter        : Registering beans for JMX exposure on startup
2018-12-01 16:41:47.652  INFO 94634 --- [           main] o.s.j.e.a.AnnotationMBeanExporter        : Bean with name 'statFilter' has been autodetected for JMX exposure
2018-12-01 16:41:47.652  INFO 94634 --- [           main] o.s.j.e.a.AnnotationMBeanExporter        : Bean with name 'dataSource' has been autodetected for JMX exposure
2018-12-01 16:41:47.667  INFO 94634 --- [           main] o.s.j.e.a.AnnotationMBeanExporter        : Bean with name 'environmentManager' has been autodetected for JMX exposure
2018-12-01 16:41:47.668  INFO 94634 --- [           main] o.s.j.e.a.AnnotationMBeanExporter        : Bean with name 'refreshScope' has been autodetected for JMX exposure
2018-12-01 16:41:47.670  INFO 94634 --- [           main] o.s.j.e.a.AnnotationMBeanExporter        : Bean with name 'configurationPropertiesRebinder' has been autodetected for JMX exposure
2018-12-01 16:41:47.675  INFO 94634 --- [           main] o.s.j.e.a.AnnotationMBeanExporter        : Located managed bean 'environmentManager': registering with JMX server as MBean [org.springframework.cloud.context.environment:name=environmentManager,type=EnvironmentManager]
2018-12-01 16:41:47.693  INFO 94634 --- [           main] o.s.j.e.a.AnnotationMBeanExporter        : Located managed bean 'refreshScope': registering with JMX server as MBean [org.springframework.cloud.context.scope.refresh:name=refreshScope,type=RefreshScope]
2018-12-01 16:41:47.735  INFO 94634 --- [           main] o.s.j.e.a.AnnotationMBeanExporter        : Located managed bean 'configurationPropertiesRebinder': registering with JMX server as MBean [org.springframework.cloud.context.properties:name=configurationPropertiesRebinder,context=4232c52b,type=ConfigurationPropertiesRebinder]
2018-12-01 16:41:47.756  INFO 94634 --- [           main] o.s.j.e.a.AnnotationMBeanExporter        : Located MBean 'dataSource': registering with JMX server as MBean [com.alibaba.druid.spring.boot.autoconfigure:name=dataSource,type=DruidDataSourceWrapper]
2018-12-01 16:41:47.779  INFO 94634 --- [           main] o.s.j.e.a.AnnotationMBeanExporter        : Located MBean 'statFilter': registering with JMX server as MBean [com.alibaba.druid.filter.stat:name=statFilter,type=StatFilter]
2018-12-01 16:41:47.808  INFO 94634 --- [           main] o.s.c.support.DefaultLifecycleProcessor  : Starting beans in phase 0
2018-12-01 16:41:47.840  INFO 94634 --- [           main] o.s.c.n.eureka.InstanceInfoFactory       : Setting initial instance status as: STARTING
2018-12-01 16:41:47.993  INFO 94634 --- [           main] com.netflix.discovery.DiscoveryClient    : Initializing Eureka in region us-east-1
2018-12-01 16:41:48.421  INFO 94634 --- [           main] c.n.d.provider.DiscoveryJerseyProvider   : Using JSON encoding codec LegacyJacksonJson
2018-12-01 16:41:48.421  INFO 94634 --- [           main] c.n.d.provider.DiscoveryJerseyProvider   : Using JSON decoding codec LegacyJacksonJson
2018-12-01 16:41:48.837  INFO 94634 --- [           main] c.n.d.provider.DiscoveryJerseyProvider   : Using XML encoding codec XStreamXml
2018-12-01 16:41:48.837  INFO 94634 --- [           main] c.n.d.provider.DiscoveryJerseyProvider   : Using XML decoding codec XStreamXml
2018-12-01 16:41:49.422  INFO 94634 --- [           main] c.n.d.s.r.aws.ConfigClusterResolver      : Resolving eureka endpoints via configuration
2018-12-01 16:41:49.523  INFO 94634 --- [           main] com.netflix.discovery.DiscoveryClient    : Disable delta property : false
2018-12-01 16:41:49.523  INFO 94634 --- [           main] com.netflix.discovery.DiscoveryClient    : Single vip registry refresh property : null
2018-12-01 16:41:49.524  INFO 94634 --- [           main] com.netflix.discovery.DiscoveryClient    : Force full registry fetch : false
2018-12-01 16:41:49.524  INFO 94634 --- [           main] com.netflix.discovery.DiscoveryClient    : Application is null : false
2018-12-01 16:41:49.524  INFO 94634 --- [           main] com.netflix.discovery.DiscoveryClient    : Registered Applications size is zero : true
2018-12-01 16:41:49.528  INFO 94634 --- [           main] com.netflix.discovery.DiscoveryClient    : Application version is -1: true
2018-12-01 16:41:49.528  INFO 94634 --- [           main] com.netflix.discovery.DiscoveryClient    : Getting all instance registry info from the eureka server
2018-12-01 16:41:49.991  INFO 94634 --- [           main] com.netflix.discovery.DiscoveryClient    : The response status is 200
2018-12-01 16:41:49.997  INFO 94634 --- [           main] com.netflix.discovery.DiscoveryClient    : Starting heartbeat executor: renew interval is: 30
2018-12-01 16:41:50.003  INFO 94634 --- [           main] c.n.discovery.InstanceInfoReplicator     : InstanceInfoReplicator onDemand update allowed rate per min is 4
2018-12-01 16:41:50.015  INFO 94634 --- [           main] com.netflix.discovery.DiscoveryClient    : Discovery Client initialized at timestamp 1543653710009 with initial instances count: 2
2018-12-01 16:41:50.024  INFO 94634 --- [           main] o.s.c.n.e.s.EurekaServiceRegistry        : Registering application lxt-chat with eureka with status UP
2018-12-01 16:41:50.026  INFO 94634 --- [           main] com.netflix.discovery.DiscoveryClient    : Saw local status change event StatusChangeEvent [timestamp=1543653710026, current=UP, previous=STARTING]
2018-12-01 16:41:50.028  INFO 94634 --- [nfoReplicator-0] com.netflix.discovery.DiscoveryClient    : DiscoveryClient_LXT-CHAT/192.168.1.104:lxt-chat:8321: registering service...
2018-12-01 16:41:50.104  INFO 94634 --- [nfoReplicator-0] com.netflix.discovery.DiscoveryClient    : DiscoveryClient_LXT-CHAT/192.168.1.104:lxt-chat:8321 - registration status: 204
2018-12-01 16:41:50.255  INFO 94634 --- [           main] o.s.b.w.embedded.tomcat.TomcatWebServer  : Tomcat started on port(s): 8321 (http) with context path '/lxt-chat'
2018-12-01 16:41:50.264  INFO 94634 --- [           main] .s.c.n.e.s.EurekaAutoServiceRegistration : Updating port to 8321
2018-12-01 16:41:50.269  INFO 94634 --- [           main] com.lxt.ms.ChatApplication               : Started ChatApplication in 29.153 seconds (JVM running for 29.94)
2018-12-01 16:41:55.712  INFO 94634 --- [nio-8321-exec-1] org.directwebremoting.log.startup        : Starting: DwrSpringServlet v3.0.3-dev on Apache Tomcat/8.5.29 / JDK 1.8.0_181 from Oracle Corporation at /lxt-chat
2018-12-01 16:41:55.759 ERROR 94634 --- [nio-8321-exec-1] o.directwebremoting.servlet.DwrServlet   : init failed

java.lang.IllegalArgumentException: name
	at sun.misc.URLClassPath$Loader.getResource(URLClassPath.java:729) ~[na:1.8.0_181]
	at sun.misc.URLClassPath.getResource(URLClassPath.java:239) ~[na:1.8.0_181]
	at java.net.URLClassLoader$1.run(URLClassLoader.java:365) ~[na:1.8.0_181]
	at java.net.URLClassLoader$1.run(URLClassLoader.java:362) ~[na:1.8.0_181]
	at java.security.AccessController.doPrivileged(Native Method) ~[na:1.8.0_181]
	at java.net.URLClassLoader.findClass(URLClassLoader.java:361) ~[na:1.8.0_181]
	at java.lang.ClassLoader.loadClass(ClassLoader.java:424) ~[na:1.8.0_181]
	at org.springframework.boot.loader.LaunchedURLClassLoader.loadClass(LaunchedURLClassLoader.java:94) ~[lxt-chat-1.0-SNAPSHOT.war:1.0-SNAPSHOT]
	at java.lang.ClassLoader.loadClass(ClassLoader.java:357) ~[na:1.8.0_181]
	at java.lang.Class.forName0(Native Method) ~[na:1.8.0_181]
	at java.lang.Class.forName(Class.java:348) ~[na:1.8.0_181]
	at org.springframework.boot.web.embedded.tomcat.TomcatEmbeddedWebappClassLoader.loadFromParent(TomcatEmbeddedWebappClassLoader.java:112) ~[spring-boot-2.0.1.RELEASE.jar!/:2.0.1.RELEASE]
	at org.springframework.boot.web.embedded.tomcat.TomcatEmbeddedWebappClassLoader.doLoadClass(TomcatEmbeddedWebappClassLoader.java:85) ~[spring-boot-2.0.1.RELEASE.jar!/:2.0.1.RELEASE]
	at org.springframework.boot.web.embedded.tomcat.TomcatEmbeddedWebappClassLoader.loadClass(TomcatEmbeddedWebappClassLoader.java:68) ~[spring-boot-2.0.1.RELEASE.jar!/:2.0.1.RELEASE]
	at org.apache.catalina.loader.WebappClassLoaderBase.loadClass(WebappClassLoaderBase.java:1119) ~[tomcat-embed-core-8.5.29.jar!/:8.5.29]
	at org.springframework.util.ClassUtils.forName(ClassUtils.java:274) ~[spring-core-5.0.5.RELEASE.jar!/:5.0.5.RELEASE]
	at org.directwebremoting.spring.SpringContainer.addParameter(SpringContainer.java:63) ~[dwr-3.0.2-RELEASE.jar!/:na]
	at org.directwebremoting.impl.StartupUtil.setupDefaults(StartupUtil.java:565) ~[dwr-3.0.2-RELEASE.jar!/:na]
	at org.directwebremoting.impl.StartupUtil.setupDefaultContainer(StartupUtil.java:246) ~[dwr-3.0.2-RELEASE.jar!/:na]
	at org.directwebremoting.spring.DwrSpringServlet.createContainer(DwrSpringServlet.java:65) ~[dwr-3.0.2-RELEASE.jar!/:na]
	at org.directwebremoting.spring.DwrSpringServlet.createContainer(DwrSpringServlet.java:53) ~[dwr-3.0.2-RELEASE.jar!/:na]
	at org.directwebremoting.servlet.DwrServlet.init(DwrServlet.java:64) ~[dwr-3.0.2-RELEASE.jar!/:na]
	at org.apache.catalina.core.StandardWrapper.initServlet(StandardWrapper.java:1144) [tomcat-embed-core-8.5.29.jar!/:8.5.29]
	at org.apache.catalina.core.StandardWrapper.allocate(StandardWrapper.java:789) [tomcat-embed-core-8.5.29.jar!/:8.5.29]
	at org.apache.catalina.core.StandardWrapperValve.invoke(StandardWrapperValve.java:133) [tomcat-embed-core-8.5.29.jar!/:8.5.29]
	at org.apache.catalina.core.StandardContextValve.invoke(StandardContextValve.java:96) [tomcat-embed-core-8.5.29.jar!/:8.5.29]
	at org.apache.catalina.authenticator.AuthenticatorBase.invoke(AuthenticatorBase.java:496) [tomcat-embed-core-8.5.29.jar!/:8.5.29]
	at org.apache.catalina.core.StandardHostValve.invoke(StandardHostValve.java:140) [tomcat-embed-core-8.5.29.jar!/:8.5.29]
	at org.apache.catalina.valves.ErrorReportValve.invoke(ErrorReportValve.java:81) [tomcat-embed-core-8.5.29.jar!/:8.5.29]
	at org.apache.catalina.core.StandardEngineValve.invoke(StandardEngineValve.java:87) [tomcat-embed-core-8.5.29.jar!/:8.5.29]
	at org.apache.catalina.connector.CoyoteAdapter.service(CoyoteAdapter.java:342) [tomcat-embed-core-8.5.29.jar!/:8.5.29]
	at org.apache.coyote.http11.Http11Processor.service(Http11Processor.java:803) [tomcat-embed-core-8.5.29.jar!/:8.5.29]
	at org.apache.coyote.AbstractProcessorLight.process(AbstractProcessorLight.java:66) [tomcat-embed-core-8.5.29.jar!/:8.5.29]
	at org.apache.coyote.AbstractProtocol$ConnectionHandler.process(AbstractProtocol.java:790) [tomcat-embed-core-8.5.29.jar!/:8.5.29]
	at org.apache.tomcat.util.net.NioEndpoint$SocketProcessor.doRun(NioEndpoint.java:1459) [tomcat-embed-core-8.5.29.jar!/:8.5.29]
	at org.apache.tomcat.util.net.SocketProcessorBase.run(SocketProcessorBase.java:49) [tomcat-embed-core-8.5.29.jar!/:8.5.29]
	at java.util.concurrent.ThreadPoolExecutor.runWorker(ThreadPoolExecutor.java:1149) [na:1.8.0_181]
	at java.util.concurrent.ThreadPoolExecutor$Worker.run(ThreadPoolExecutor.java:624) [na:1.8.0_181]
	at org.apache.tomcat.util.threads.TaskThread$WrappingRunnable.run(TaskThread.java:61) [tomcat-embed-core-8.5.29.jar!/:8.5.29]
	at java.lang.Thread.run(Thread.java:748) [na:1.8.0_181]

2018-12-01 16:41:55.776 ERROR 94634 --- [nio-8321-exec-1] o.a.c.c.C.[.[.[.[dwrSpringServlet]       : Allocate exception for servlet [dwrSpringServlet]

java.lang.IllegalArgumentException: name
	at sun.misc.URLClassPath$Loader.getResource(URLClassPath.java:729) ~[na:1.8.0_181]
	at sun.misc.URLClassPath.getResource(URLClassPath.java:239) ~[na:1.8.0_181]
	at java.net.URLClassLoader$1.run(URLClassLoader.java:365) ~[na:1.8.0_181]
	at java.net.URLClassLoader$1.run(URLClassLoader.java:362) ~[na:1.8.0_181]
	at java.security.AccessController.doPrivileged(Native Method) ~[na:1.8.0_181]
	at java.net.URLClassLoader.findClass(URLClassLoader.java:361) ~[na:1.8.0_181]
	at java.lang.ClassLoader.loadClass(ClassLoader.java:424) ~[na:1.8.0_181]
	at org.springframework.boot.loader.LaunchedURLClassLoader.loadClass(LaunchedURLClassLoader.java:94) ~[lxt-chat-1.0-SNAPSHOT.war:1.0-SNAPSHOT]
	at java.lang.ClassLoader.loadClass(ClassLoader.java:357) ~[na:1.8.0_181]
	at java.lang.Class.forName0(Native Method) ~[na:1.8.0_181]
	at java.lang.Class.forName(Class.java:348) ~[na:1.8.0_181]
	at org.springframework.boot.web.embedded.tomcat.TomcatEmbeddedWebappClassLoader.loadFromParent(TomcatEmbeddedWebappClassLoader.java:112) ~[spring-boot-2.0.1.RELEASE.jar!/:2.0.1.RELEASE]
	at org.springframework.boot.web.embedded.tomcat.TomcatEmbeddedWebappClassLoader.doLoadClass(TomcatEmbeddedWebappClassLoader.java:85) ~[spring-boot-2.0.1.RELEASE.jar!/:2.0.1.RELEASE]
	at org.springframework.boot.web.embedded.tomcat.TomcatEmbeddedWebappClassLoader.loadClass(TomcatEmbeddedWebappClassLoader.java:68) ~[spring-boot-2.0.1.RELEASE.jar!/:2.0.1.RELEASE]
	at org.apache.catalina.loader.WebappClassLoaderBase.loadClass(WebappClassLoaderBase.java:1119) ~[tomcat-embed-core-8.5.29.jar!/:8.5.29]
	at org.springframework.util.ClassUtils.forName(ClassUtils.java:274) ~[spring-core-5.0.5.RELEASE.jar!/:5.0.5.RELEASE]
	at org.directwebremoting.spring.SpringContainer.addParameter(SpringContainer.java:63) ~[dwr-3.0.2-RELEASE.jar!/:na]
	at org.directwebremoting.impl.StartupUtil.setupDefaults(StartupUtil.java:565) ~[dwr-3.0.2-RELEASE.jar!/:na]
	at org.directwebremoting.impl.StartupUtil.setupDefaultContainer(StartupUtil.java:246) ~[dwr-3.0.2-RELEASE.jar!/:na]
	at org.directwebremoting.spring.DwrSpringServlet.createContainer(DwrSpringServlet.java:65) ~[dwr-3.0.2-RELEASE.jar!/:na]
	at org.directwebremoting.spring.DwrSpringServlet.createContainer(DwrSpringServlet.java:53) ~[dwr-3.0.2-RELEASE.jar!/:na]
	at org.directwebremoting.servlet.DwrServlet.init(DwrServlet.java:64) ~[dwr-3.0.2-RELEASE.jar!/:na]
	at org.apache.catalina.core.StandardWrapper.initServlet(StandardWrapper.java:1144) ~[tomcat-embed-core-8.5.29.jar!/:8.5.29]
	at org.apache.catalina.core.StandardWrapper.allocate(StandardWrapper.java:789) ~[tomcat-embed-core-8.5.29.jar!/:8.5.29]
	at org.apache.catalina.core.StandardWrapperValve.invoke(StandardWrapperValve.java:133) ~[tomcat-embed-core-8.5.29.jar!/:8.5.29]
	at org.apache.catalina.core.StandardContextValve.invoke(StandardContextValve.java:96) [tomcat-embed-core-8.5.29.jar!/:8.5.29]
	at org.apache.catalina.authenticator.AuthenticatorBase.invoke(AuthenticatorBase.java:496) [tomcat-embed-core-8.5.29.jar!/:8.5.29]
	at org.apache.catalina.core.StandardHostValve.invoke(StandardHostValve.java:140) [tomcat-embed-core-8.5.29.jar!/:8.5.29]
	at org.apache.catalina.valves.ErrorReportValve.invoke(ErrorReportValve.java:81) [tomcat-embed-core-8.5.29.jar!/:8.5.29]
	at org.apache.catalina.core.StandardEngineValve.invoke(StandardEngineValve.java:87) [tomcat-embed-core-8.5.29.jar!/:8.5.29]
	at org.apache.catalina.connector.CoyoteAdapter.service(CoyoteAdapter.java:342) [tomcat-embed-core-8.5.29.jar!/:8.5.29]
	at org.apache.coyote.http11.Http11Processor.service(Http11Processor.java:803) [tomcat-embed-core-8.5.29.jar!/:8.5.29]
	at org.apache.coyote.AbstractProcessorLight.process(AbstractProcessorLight.java:66) [tomcat-embed-core-8.5.29.jar!/:8.5.29]
	at org.apache.coyote.AbstractProtocol$ConnectionHandler.process(AbstractProtocol.java:790) [tomcat-embed-core-8.5.29.jar!/:8.5.29]
	at org.apache.tomcat.util.net.NioEndpoint$SocketProcessor.doRun(NioEndpoint.java:1459) [tomcat-embed-core-8.5.29.jar!/:8.5.29]
	at org.apache.tomcat.util.net.SocketProcessorBase.run(SocketProcessorBase.java:49) [tomcat-embed-core-8.5.29.jar!/:8.5.29]
	at java.util.concurrent.ThreadPoolExecutor.runWorker(ThreadPoolExecutor.java:1149) [na:1.8.0_181]
	at java.util.concurrent.ThreadPoolExecutor$Worker.run(ThreadPoolExecutor.java:624) [na:1.8.0_181]
	at org.apache.tomcat.util.threads.TaskThread$WrappingRunnable.run(TaskThread.java:61) [tomcat-embed-core-8.5.29.jar!/:8.5.29]
	at java.lang.Thread.run(Thread.java:748) [na:1.8.0_181]

2018-12-01 16:41:55.845  INFO 94634 --- [nio-8321-exec-1] o.a.c.c.C.[.[localhost].[/lxt-chat]      : Initializing Spring FrameworkServlet 'dispatcherServlet'
2018-12-01 16:41:55.847  INFO 94634 --- [nio-8321-exec-1] o.s.web.servlet.DispatcherServlet        : FrameworkServlet 'dispatcherServlet': initialization started
2018-12-01 16:41:58.395  INFO 94634 --- [nio-8321-exec-1] o.s.web.servlet.DispatcherServlet        : FrameworkServlet 'dispatcherServlet': initialization completed in 2547 ms
