2018-12-01 14:06:26.545  INFO 51992 --- [           main] s.c.a.AnnotationConfigApplicationContext : Refreshing org.springframework.context.annotation.AnnotationConfigApplicationContext@1c53fd30: startup date [Sat Dec 01 14:06:26 CST 2018]; root of context hierarchy
2018-12-01 14:06:27.327  INFO 51992 --- [           main] f.a.AutowiredAnnotationBeanPostProcessor : JSR-330 'javax.inject.Inject' annotation found and supported for autowiring
2018-12-01 14:06:27.411  INFO 51992 --- [           main] trationDelegate$BeanPostProcessorChecker : Bean 'configurationPropertiesRebinderAutoConfiguration' of type [org.springframework.cloud.autoconfigure.ConfigurationPropertiesRebinderAutoConfiguration$$EnhancerBySpringCGLIB$$b4f225e8] is not eligible for getting processed by all BeanPostProcessors (for example: not eligible for auto-proxying)

  .   ____          _            __ _ _
 /\\ / ___'_ __ _ _(_)_ __  __ _ \ \ \ \
( ( )\___ | '_ | '_| | '_ \/ _` | \ \ \ \
 \\/  ___)| |_)| | | | | || (_| |  ) ) ) )
  '  |____| .__|_| |_|_| |_\__, | / / / /
 =========|_|==============|___/=/_/_/_/
 :: Spring Boot ::        (v2.0.1.RELEASE)

2018-12-01 14:06:28.021  INFO 51992 --- [           main] com.lxt.ms.EurekaApplication             : The following profiles are active: dev
2018-12-01 14:06:28.071  INFO 51992 --- [           main] ConfigServletWebServerApplicationContext : Refreshing org.springframework.boot.web.servlet.context.AnnotationConfigServletWebServerApplicationContext@56ef9176: startup date [Sat Dec 01 14:06:28 CST 2018]; parent: org.springframework.context.annotation.AnnotationConfigApplicationContext@1c53fd30
2018-12-01 14:06:30.888  INFO 51992 --- [           main] o.s.cloud.context.scope.GenericScope     : BeanFactory id=9b513c2f-4ffd-31ef-a0f1-ff06052d3398
2018-12-01 14:06:30.928  INFO 51992 --- [           main] f.a.AutowiredAnnotationBeanPostProcessor : JSR-330 'javax.inject.Inject' annotation found and supported for autowiring
2018-12-01 14:06:31.158  INFO 51992 --- [           main] trationDelegate$BeanPostProcessorChecker : Bean 'org.springframework.cloud.autoconfigure.ConfigurationPropertiesRebinderAutoConfiguration' of type [org.springframework.cloud.autoconfigure.ConfigurationPropertiesRebinderAutoConfiguration$$EnhancerBySpringCGLIB$$b4f225e8] is not eligible for getting processed by all BeanPostProcessors (for example: not eligible for auto-proxying)
2018-12-01 14:06:32.092  INFO 51992 --- [           main] o.s.b.w.embedded.tomcat.TomcatWebServer  : Tomcat initialized with port(s): 8101 (http)
2018-12-01 14:06:32.129  INFO 51992 --- [           main] o.apache.catalina.core.StandardService   : Starting service [Tomcat]
2018-12-01 14:06:32.129  INFO 51992 --- [           main] org.apache.catalina.core.StandardEngine  : Starting Servlet Engine: Apache Tomcat/8.5.29
2018-12-01 14:06:32.146  INFO 51992 --- [ost-startStop-1] o.a.catalina.core.AprLifecycleListener   : The APR based Apache Tomcat Native library which allows optimal performance in production environments was not found on the java.library.path: [/Users/farben/Library/Java/Extensions:/Library/Java/Extensions:/Network/Library/Java/Extensions:/System/Library/Java/Extensions:/usr/lib/java:.]
2018-12-01 14:06:32.274  INFO 51992 --- [ost-startStop-1] o.a.c.c.C.[.[localhost].[/lxt-eureka]    : Initializing Spring embedded WebApplicationContext
2018-12-01 14:06:32.274  INFO 51992 --- [ost-startStop-1] o.s.web.context.ContextLoader            : Root WebApplicationContext: initialization completed in 4203 ms
2018-12-01 14:06:32.828  WARN 51992 --- [ost-startStop-1] c.n.c.sources.URLConfigurationSource     : No URLs will be polled as dynamic configuration sources.
2018-12-01 14:06:32.828  INFO 51992 --- [ost-startStop-1] c.n.c.sources.URLConfigurationSource     : To enable URLs as dynamic configuration sources, define System property archaius.configurationSource.additionalUrls or make config.properties available on classpath.
2018-12-01 14:06:32.872  INFO 51992 --- [ost-startStop-1] c.netflix.config.DynamicPropertyFactory  : DynamicPropertyFactory is initialized with configuration sources: com.netflix.config.ConcurrentCompositeConfiguration@35a2e019
2018-12-01 14:06:34.654  INFO 51992 --- [ost-startStop-1] o.s.b.w.servlet.FilterRegistrationBean   : Mapping filter: 'characterEncodingFilter' to: [/*]
2018-12-01 14:06:34.655  INFO 51992 --- [ost-startStop-1] o.s.b.w.servlet.FilterRegistrationBean   : Mapping filter: 'hiddenHttpMethodFilter' to: [/*]
2018-12-01 14:06:34.656  INFO 51992 --- [ost-startStop-1] o.s.b.w.servlet.FilterRegistrationBean   : Mapping filter: 'httpPutFormContentFilter' to: [/*]
2018-12-01 14:06:34.656  INFO 51992 --- [ost-startStop-1] o.s.b.w.servlet.FilterRegistrationBean   : Mapping filter: 'requestContextFilter' to: [/*]
2018-12-01 14:06:34.656  INFO 51992 --- [ost-startStop-1] o.s.b.w.servlet.FilterRegistrationBean   : Mapping filter: 'httpTraceFilter' to: [/*]
2018-12-01 14:06:34.656  INFO 51992 --- [ost-startStop-1] o.s.b.w.servlet.FilterRegistrationBean   : Mapping filter: 'webMvcMetricsFilter' to: [/*]
2018-12-01 14:06:34.656  INFO 51992 --- [ost-startStop-1] o.s.b.w.servlet.FilterRegistrationBean   : Mapping filter: 'servletContainer' to urls: [/eureka/*]
2018-12-01 14:06:34.656  INFO 51992 --- [ost-startStop-1] o.s.b.w.servlet.ServletRegistrationBean  : Servlet dispatcherServlet mapped to [/]
2018-12-01 14:06:34.911  INFO 51992 --- [ost-startStop-1] c.s.j.s.i.a.WebApplicationImpl           : Initiating Jersey application, version 'Jersey: 1.19.1 03/11/2016 02:08 PM'
2018-12-01 14:06:35.125  INFO 51992 --- [ost-startStop-1] c.n.d.provider.DiscoveryJerseyProvider   : Using JSON encoding codec LegacyJacksonJson
2018-12-01 14:06:35.128  INFO 51992 --- [ost-startStop-1] c.n.d.provider.DiscoveryJerseyProvider   : Using JSON decoding codec LegacyJacksonJson
2018-12-01 14:06:35.433  INFO 51992 --- [ost-startStop-1] c.n.d.provider.DiscoveryJerseyProvider   : Using XML encoding codec XStreamXml
2018-12-01 14:06:35.433  INFO 51992 --- [ost-startStop-1] c.n.d.provider.DiscoveryJerseyProvider   : Using XML decoding codec XStreamXml
2018-12-01 14:06:36.134  WARN 51992 --- [           main] c.n.c.sources.URLConfigurationSource     : No URLs will be polled as dynamic configuration sources.
2018-12-01 14:06:36.136  INFO 51992 --- [           main] c.n.c.sources.URLConfigurationSource     : To enable URLs as dynamic configuration sources, define System property archaius.configurationSource.additionalUrls or make config.properties available on classpath.
2018-12-01 14:06:36.261  INFO 51992 --- [           main] o.s.w.s.handler.SimpleUrlHandlerMapping  : Mapped URL path [/**/favicon.ico] onto handler of type [class org.springframework.web.servlet.resource.ResourceHttpRequestHandler]
2018-12-01 14:06:36.607  INFO 51992 --- [           main] s.w.s.m.m.a.RequestMappingHandlerAdapter : Looking for @ControllerAdvice: org.springframework.boot.web.servlet.context.AnnotationConfigServletWebServerApplicationContext@56ef9176: startup date [Sat Dec 01 14:06:28 CST 2018]; parent: org.springframework.context.annotation.AnnotationConfigApplicationContext@1c53fd30
2018-12-01 14:06:36.798  INFO 51992 --- [           main] s.w.s.m.m.a.RequestMappingHandlerMapping : Mapped "{[/error]}" onto public org.springframework.http.ResponseEntity<java.util.Map<java.lang.String, java.lang.Object>> org.springframework.boot.autoconfigure.web.servlet.error.BasicErrorController.error(javax.servlet.http.HttpServletRequest)
2018-12-01 14:06:36.800  INFO 51992 --- [           main] s.w.s.m.m.a.RequestMappingHandlerMapping : Mapped "{[/error],produces=[text/html]}" onto public org.springframework.web.servlet.ModelAndView org.springframework.boot.autoconfigure.web.servlet.error.BasicErrorController.errorHtml(javax.servlet.http.HttpServletRequest,javax.servlet.http.HttpServletResponse)
2018-12-01 14:06:36.809  INFO 51992 --- [           main] s.w.s.m.m.a.RequestMappingHandlerMapping : Mapped "{[/],methods=[GET]}" onto public java.lang.String org.springframework.cloud.netflix.eureka.server.EurekaController.status(javax.servlet.http.HttpServletRequest,java.util.Map<java.lang.String, java.lang.Object>)
2018-12-01 14:06:36.810  INFO 51992 --- [           main] s.w.s.m.m.a.RequestMappingHandlerMapping : Mapped "{[/lastn],methods=[GET]}" onto public java.lang.String org.springframework.cloud.netflix.eureka.server.EurekaController.lastn(javax.servlet.http.HttpServletRequest,java.util.Map<java.lang.String, java.lang.Object>)
2018-12-01 14:06:36.845  INFO 51992 --- [           main] o.s.w.s.handler.SimpleUrlHandlerMapping  : Mapped URL path [/webjars/**] onto handler of type [class org.springframework.web.servlet.resource.ResourceHttpRequestHandler]
2018-12-01 14:06:36.845  INFO 51992 --- [           main] o.s.w.s.handler.SimpleUrlHandlerMapping  : Mapped URL path [/**] onto handler of type [class org.springframework.web.servlet.resource.ResourceHttpRequestHandler]
2018-12-01 14:06:37.875  INFO 51992 --- [           main] o.s.ui.freemarker.SpringTemplateLoader   : SpringTemplateLoader for FreeMarker: using resource loader [org.springframework.boot.web.servlet.context.AnnotationConfigServletWebServerApplicationContext@56ef9176: startup date [Sat Dec 01 14:06:28 CST 2018]; parent: org.springframework.context.annotation.AnnotationConfigApplicationContext@1c53fd30] and template loader path [classpath:/templates/]
2018-12-01 14:06:37.879  INFO 51992 --- [           main] o.s.w.s.v.f.FreeMarkerConfigurer         : ClassTemplateLoader for Spring macros added to FreeMarker configuration
2018-12-01 14:06:38.421  INFO 51992 --- [           main] o.s.c.n.eureka.InstanceInfoFactory       : Setting initial instance status as: STARTING
2018-12-01 14:06:38.530  INFO 51992 --- [           main] com.netflix.discovery.DiscoveryClient    : Initializing Eureka in region us-east-1
2018-12-01 14:06:38.530  INFO 51992 --- [           main] com.netflix.discovery.DiscoveryClient    : Client configured to neither register nor query for data.
2018-12-01 14:06:38.552  INFO 51992 --- [           main] com.netflix.discovery.DiscoveryClient    : Discovery Client initialized at timestamp 1543644398551 with initial instances count: 0
2018-12-01 14:06:38.739  INFO 51992 --- [           main] c.n.eureka.DefaultEurekaServerContext    : Initializing ...
2018-12-01 14:06:38.744  WARN 51992 --- [           main] c.n.eureka.cluster.PeerEurekaNodes       : The replica size seems to be empty. Check the route 53 DNS Registry
2018-12-01 14:06:38.788  INFO 51992 --- [           main] c.n.e.registry.AbstractInstanceRegistry  : Finished initializing remote region registries. All known remote regions: []
2018-12-01 14:06:38.790  INFO 51992 --- [           main] c.n.eureka.DefaultEurekaServerContext    : Initialized
2018-12-01 14:06:38.918  INFO 51992 --- [           main] o.s.b.a.e.web.EndpointLinksResolver      : Exposing 2 endpoint(s) beneath base path '/actuator'
2018-12-01 14:06:39.025  INFO 51992 --- [           main] s.b.a.e.w.s.WebMvcEndpointHandlerMapping : Mapped "{[/actuator/health],methods=[GET],produces=[application/vnd.spring-boot.actuator.v2+json || application/json]}" onto public java.lang.Object org.springframework.boot.actuate.endpoint.web.servlet.AbstractWebMvcEndpointHandlerMapping$OperationHandler.handle(javax.servlet.http.HttpServletRequest,java.util.Map<java.lang.String, java.lang.String>)
2018-12-01 14:06:39.027  INFO 51992 --- [           main] s.b.a.e.w.s.WebMvcEndpointHandlerMapping : Mapped "{[/actuator/info],methods=[GET],produces=[application/vnd.spring-boot.actuator.v2+json || application/json]}" onto public java.lang.Object org.springframework.boot.actuate.endpoint.web.servlet.AbstractWebMvcEndpointHandlerMapping$OperationHandler.handle(javax.servlet.http.HttpServletRequest,java.util.Map<java.lang.String, java.lang.String>)
2018-12-01 14:06:39.029  INFO 51992 --- [           main] s.b.a.e.w.s.WebMvcEndpointHandlerMapping : Mapped "{[/actuator],methods=[GET],produces=[application/vnd.spring-boot.actuator.v2+json || application/json]}" onto protected java.util.Map<java.lang.String, java.util.Map<java.lang.String, org.springframework.boot.actuate.endpoint.web.Link>> org.springframework.boot.actuate.endpoint.web.servlet.WebMvcEndpointHandlerMapping.links(javax.servlet.http.HttpServletRequest,javax.servlet.http.HttpServletResponse)
2018-12-01 14:06:39.208  INFO 51992 --- [           main] o.s.j.e.a.AnnotationMBeanExporter        : Registering beans for JMX exposure on startup
2018-12-01 14:06:39.218  INFO 51992 --- [           main] o.s.j.e.a.AnnotationMBeanExporter        : Bean with name 'environmentManager' has been autodetected for JMX exposure
2018-12-01 14:06:39.221  INFO 51992 --- [           main] o.s.j.e.a.AnnotationMBeanExporter        : Bean with name 'configurationPropertiesRebinder' has been autodetected for JMX exposure
2018-12-01 14:06:39.221  INFO 51992 --- [           main] o.s.j.e.a.AnnotationMBeanExporter        : Bean with name 'refreshScope' has been autodetected for JMX exposure
2018-12-01 14:06:39.228  INFO 51992 --- [           main] o.s.j.e.a.AnnotationMBeanExporter        : Located managed bean 'environmentManager': registering with JMX server as MBean [org.springframework.cloud.context.environment:name=environmentManager,type=EnvironmentManager]
2018-12-01 14:06:39.313  INFO 51992 --- [           main] o.s.j.e.a.AnnotationMBeanExporter        : Located managed bean 'refreshScope': registering with JMX server as MBean [org.springframework.cloud.context.scope.refresh:name=refreshScope,type=RefreshScope]
2018-12-01 14:06:39.411  INFO 51992 --- [           main] o.s.j.e.a.AnnotationMBeanExporter        : Located managed bean 'configurationPropertiesRebinder': registering with JMX server as MBean [org.springframework.cloud.context.properties:name=configurationPropertiesRebinder,context=56ef9176,type=ConfigurationPropertiesRebinder]
2018-12-01 14:06:39.453  INFO 51992 --- [           main] o.s.c.support.DefaultLifecycleProcessor  : Starting beans in phase 0
2018-12-01 14:06:39.454  INFO 51992 --- [           main] o.s.c.n.e.s.EurekaServiceRegistry        : Registering application lxt-eureka with eureka with status UP
2018-12-01 14:06:39.461  INFO 51992 --- [      Thread-14] o.s.c.n.e.server.EurekaServerBootstrap   : Setting the eureka configuration..
2018-12-01 14:06:39.462  INFO 51992 --- [      Thread-14] o.s.c.n.e.server.EurekaServerBootstrap   : Eureka data center value eureka.datacenter is not set, defaulting to default
2018-12-01 14:06:39.462  INFO 51992 --- [      Thread-14] o.s.c.n.e.server.EurekaServerBootstrap   : Eureka environment value eureka.environment is not set, defaulting to test
2018-12-01 14:06:39.482  INFO 51992 --- [      Thread-14] o.s.c.n.e.server.EurekaServerBootstrap   : isAws returned false
2018-12-01 14:06:39.483  INFO 51992 --- [      Thread-14] o.s.c.n.e.server.EurekaServerBootstrap   : Initialized server context
2018-12-01 14:06:39.483  INFO 51992 --- [      Thread-14] c.n.e.r.PeerAwareInstanceRegistryImpl    : Got 1 instances from neighboring DS node
2018-12-01 14:06:39.483  INFO 51992 --- [      Thread-14] c.n.e.r.PeerAwareInstanceRegistryImpl    : Renew threshold is: 1
2018-12-01 14:06:39.483  INFO 51992 --- [      Thread-14] c.n.e.r.PeerAwareInstanceRegistryImpl    : Changing status to UP
2018-12-01 14:06:39.495  INFO 51992 --- [      Thread-14] e.s.EurekaServerInitializerConfiguration : Started Eureka Server
2018-12-01 14:06:39.724  INFO 51992 --- [           main] o.s.b.w.embedded.tomcat.TomcatWebServer  : Tomcat started on port(s): 8101 (http) with context path '/lxt-eureka'
2018-12-01 14:06:39.725  INFO 51992 --- [           main] .s.c.n.e.s.EurekaAutoServiceRegistration : Updating port to 8101
2018-12-01 14:06:39.731  INFO 51992 --- [           main] com.lxt.ms.EurekaApplication             : Started EurekaApplication in 14.394 seconds (JVM running for 15.413)
2018-12-01 14:07:01.845  INFO 51992 --- [nio-8101-exec-1] o.a.c.c.C.[.[localhost].[/lxt-eureka]    : Initializing Spring FrameworkServlet 'dispatcherServlet'
2018-12-01 14:07:01.848  INFO 51992 --- [nio-8101-exec-1] o.s.web.servlet.DispatcherServlet        : FrameworkServlet 'dispatcherServlet': initialization started
2018-12-01 14:07:01.924  INFO 51992 --- [nio-8101-exec-1] o.s.web.servlet.DispatcherServlet        : FrameworkServlet 'dispatcherServlet': initialization completed in 76 ms
2018-12-01 14:07:03.291  INFO 51992 --- [nio-8101-exec-2] c.n.e.registry.AbstractInstanceRegistry  : Registered instance LXT-CONFIG/192.168.1.104:lxt-config:8900 with status UP (replication=false)
2018-12-01 14:07:31.725  INFO 51992 --- [nio-8101-exec-4] c.n.e.registry.AbstractInstanceRegistry  : Registered instance LXT-CHAT/192.168.1.104:lxt-chat:8321 with status UP (replication=false)
2018-12-01 14:07:39.492  INFO 51992 --- [a-EvictionTimer] c.n.e.registry.AbstractInstanceRegistry  : Running the evict task with compensationTime 0ms
2018-12-01 14:08:39.490  INFO 51992 --- [a-EvictionTimer] c.n.e.registry.AbstractInstanceRegistry  : Running the evict task with compensationTime 0ms
2018-12-01 14:09:39.491  INFO 51992 --- [a-EvictionTimer] c.n.e.registry.AbstractInstanceRegistry  : Running the evict task with compensationTime 0ms
2018-12-01 14:10:39.496  INFO 51992 --- [a-EvictionTimer] c.n.e.registry.AbstractInstanceRegistry  : Running the evict task with compensationTime 5ms
2018-12-01 14:11:39.498  INFO 51992 --- [a-EvictionTimer] c.n.e.registry.AbstractInstanceRegistry  : Running the evict task with compensationTime 1ms
2018-12-01 14:12:39.500  INFO 51992 --- [a-EvictionTimer] c.n.e.registry.AbstractInstanceRegistry  : Running the evict task with compensationTime 1ms
2018-12-01 14:13:39.501  INFO 51992 --- [a-EvictionTimer] c.n.e.registry.AbstractInstanceRegistry  : Running the evict task with compensationTime 1ms
2018-12-01 14:14:39.503  INFO 51992 --- [a-EvictionTimer] c.n.e.registry.AbstractInstanceRegistry  : Running the evict task with compensationTime 0ms
2018-12-01 14:15:39.503  INFO 51992 --- [a-EvictionTimer] c.n.e.registry.AbstractInstanceRegistry  : Running the evict task with compensationTime 0ms
2018-12-01 14:16:38.786  WARN 51992 --- [eerNodesUpdater] c.n.eureka.cluster.PeerEurekaNodes       : The replica size seems to be empty. Check the route 53 DNS Registry
2018-12-01 14:16:39.507  INFO 51992 --- [a-EvictionTimer] c.n.e.registry.AbstractInstanceRegistry  : Running the evict task with compensationTime 3ms
2018-12-01 14:17:39.511  INFO 51992 --- [a-EvictionTimer] c.n.e.registry.AbstractInstanceRegistry  : Running the evict task with compensationTime 3ms
2018-12-01 14:18:39.511  INFO 51992 --- [a-EvictionTimer] c.n.e.registry.AbstractInstanceRegistry  : Running the evict task with compensationTime 0ms
2018-12-01 14:19:39.519  INFO 51992 --- [a-EvictionTimer] c.n.e.registry.AbstractInstanceRegistry  : Running the evict task with compensationTime 3ms
2018-12-01 14:20:39.526  INFO 51992 --- [a-EvictionTimer] c.n.e.registry.AbstractInstanceRegistry  : Running the evict task with compensationTime 2ms
2018-12-01 14:21:38.825  INFO 51992 --- [hresholdUpdater] c.n.e.r.PeerAwareInstanceRegistryImpl    : Current renewal threshold is : 5
2018-12-01 14:21:39.527  INFO 51992 --- [a-EvictionTimer] c.n.e.registry.AbstractInstanceRegistry  : Running the evict task with compensationTime 0ms
2018-12-01 14:22:39.532  INFO 51992 --- [a-EvictionTimer] c.n.e.registry.AbstractInstanceRegistry  : Running the evict task with compensationTime 5ms
2018-12-01 14:23:39.534  INFO 51992 --- [a-EvictionTimer] c.n.e.registry.AbstractInstanceRegistry  : Running the evict task with compensationTime 1ms
2018-12-01 14:24:39.540  INFO 51992 --- [a-EvictionTimer] c.n.e.registry.AbstractInstanceRegistry  : Running the evict task with compensationTime 4ms
2018-12-01 14:25:39.542  INFO 51992 --- [a-EvictionTimer] c.n.e.registry.AbstractInstanceRegistry  : Running the evict task with compensationTime 3ms
2018-12-01 14:26:38.804  WARN 51992 --- [eerNodesUpdater] c.n.eureka.cluster.PeerEurekaNodes       : The replica size seems to be empty. Check the route 53 DNS Registry
2018-12-01 14:26:39.545  INFO 51992 --- [a-EvictionTimer] c.n.e.registry.AbstractInstanceRegistry  : Running the evict task with compensationTime 2ms
2018-12-01 14:27:39.546  INFO 51992 --- [a-EvictionTimer] c.n.e.registry.AbstractInstanceRegistry  : Running the evict task with compensationTime 0ms
2018-12-01 14:28:39.549  INFO 51992 --- [a-EvictionTimer] c.n.e.registry.AbstractInstanceRegistry  : Running the evict task with compensationTime 3ms
2018-12-01 14:29:39.552  INFO 51992 --- [a-EvictionTimer] c.n.e.registry.AbstractInstanceRegistry  : Running the evict task with compensationTime 3ms
2018-12-01 14:30:39.553  INFO 51992 --- [a-EvictionTimer] c.n.e.registry.AbstractInstanceRegistry  : Running the evict task with compensationTime 0ms
2018-12-01 14:31:39.557  INFO 51992 --- [a-EvictionTimer] c.n.e.registry.AbstractInstanceRegistry  : Running the evict task with compensationTime 4ms
2018-12-01 14:32:39.559  INFO 51992 --- [a-EvictionTimer] c.n.e.registry.AbstractInstanceRegistry  : Running the evict task with compensationTime 1ms
2018-12-01 14:33:39.559  INFO 51992 --- [a-EvictionTimer] c.n.e.registry.AbstractInstanceRegistry  : Running the evict task with compensationTime 0ms
2018-12-01 14:34:39.561  INFO 51992 --- [a-EvictionTimer] c.n.e.registry.AbstractInstanceRegistry  : Running the evict task with compensationTime 0ms
2018-12-01 14:35:39.563  INFO 51992 --- [a-EvictionTimer] c.n.e.registry.AbstractInstanceRegistry  : Running the evict task with compensationTime 0ms
2018-12-01 14:36:38.816  INFO 51992 --- [hresholdUpdater] c.n.e.r.PeerAwareInstanceRegistryImpl    : Current renewal threshold is : 5
2018-12-01 14:36:38.824  WARN 51992 --- [eerNodesUpdater] c.n.eureka.cluster.PeerEurekaNodes       : The replica size seems to be empty. Check the route 53 DNS Registry
2018-12-01 14:36:39.564  INFO 51992 --- [a-EvictionTimer] c.n.e.registry.AbstractInstanceRegistry  : Running the evict task with compensationTime 0ms
2018-12-01 14:37:39.565  INFO 51992 --- [a-EvictionTimer] c.n.e.registry.AbstractInstanceRegistry  : Running the evict task with compensationTime 0ms
2018-12-01 14:38:39.570  INFO 51992 --- [a-EvictionTimer] c.n.e.registry.AbstractInstanceRegistry  : Running the evict task with compensationTime 5ms
2018-12-01 14:39:39.575  INFO 51992 --- [a-EvictionTimer] c.n.e.registry.AbstractInstanceRegistry  : Running the evict task with compensationTime 5ms
2018-12-01 14:40:39.576  INFO 51992 --- [a-EvictionTimer] c.n.e.registry.AbstractInstanceRegistry  : Running the evict task with compensationTime 0ms
2018-12-01 14:41:39.578  INFO 51992 --- [a-EvictionTimer] c.n.e.registry.AbstractInstanceRegistry  : Running the evict task with compensationTime 1ms
2018-12-01 14:42:39.588  INFO 51992 --- [a-EvictionTimer] c.n.e.registry.AbstractInstanceRegistry  : Running the evict task with compensationTime 10ms
2018-12-01 14:43:39.590  INFO 51992 --- [a-EvictionTimer] c.n.e.registry.AbstractInstanceRegistry  : Running the evict task with compensationTime 1ms
2018-12-01 14:44:39.590  INFO 51992 --- [a-EvictionTimer] c.n.e.registry.AbstractInstanceRegistry  : Running the evict task with compensationTime 0ms
2018-12-01 14:45:39.590  INFO 51992 --- [a-EvictionTimer] c.n.e.registry.AbstractInstanceRegistry  : Running the evict task with compensationTime 0ms
2018-12-01 14:46:38.829  WARN 51992 --- [eerNodesUpdater] c.n.eureka.cluster.PeerEurekaNodes       : The replica size seems to be empty. Check the route 53 DNS Registry
2018-12-01 14:46:39.592  INFO 51992 --- [a-EvictionTimer] c.n.e.registry.AbstractInstanceRegistry  : Running the evict task with compensationTime 1ms
2018-12-01 14:47:39.596  INFO 51992 --- [a-EvictionTimer] c.n.e.registry.AbstractInstanceRegistry  : Running the evict task with compensationTime 3ms
2018-12-01 14:48:39.601  INFO 51992 --- [a-EvictionTimer] c.n.e.registry.AbstractInstanceRegistry  : Running the evict task with compensationTime 5ms
2018-12-01 14:49:39.602  INFO 51992 --- [a-EvictionTimer] c.n.e.registry.AbstractInstanceRegistry  : Running the evict task with compensationTime 0ms
2018-12-01 14:50:39.603  INFO 51992 --- [a-EvictionTimer] c.n.e.registry.AbstractInstanceRegistry  : Running the evict task with compensationTime 0ms
2018-12-01 14:51:38.822  INFO 51992 --- [hresholdUpdater] c.n.e.r.PeerAwareInstanceRegistryImpl    : Current renewal threshold is : 5
2018-12-01 14:51:39.609  INFO 51992 --- [a-EvictionTimer] c.n.e.registry.AbstractInstanceRegistry  : Running the evict task with compensationTime 6ms
2018-12-01 14:52:39.610  INFO 51992 --- [a-EvictionTimer] c.n.e.registry.AbstractInstanceRegistry  : Running the evict task with compensationTime 4ms
2018-12-01 14:53:39.612  INFO 51992 --- [a-EvictionTimer] c.n.e.registry.AbstractInstanceRegistry  : Running the evict task with compensationTime 3ms
2018-12-01 14:54:39.611  INFO 51992 --- [a-EvictionTimer] c.n.e.registry.AbstractInstanceRegistry  : Running the evict task with compensationTime 0ms
2018-12-01 14:55:39.615  INFO 51992 --- [a-EvictionTimer] c.n.e.registry.AbstractInstanceRegistry  : Running the evict task with compensationTime 2ms
2018-12-01 14:56:38.843  WARN 51992 --- [eerNodesUpdater] c.n.eureka.cluster.PeerEurekaNodes       : The replica size seems to be empty. Check the route 53 DNS Registry
2018-12-01 14:56:39.616  INFO 51992 --- [a-EvictionTimer] c.n.e.registry.AbstractInstanceRegistry  : Running the evict task with compensationTime 1ms
2018-12-01 14:57:39.621  INFO 51992 --- [a-EvictionTimer] c.n.e.registry.AbstractInstanceRegistry  : Running the evict task with compensationTime 5ms
2018-12-01 14:58:39.626  INFO 51992 --- [a-EvictionTimer] c.n.e.registry.AbstractInstanceRegistry  : Running the evict task with compensationTime 4ms
2018-12-01 14:59:39.628  INFO 51992 --- [a-EvictionTimer] c.n.e.registry.AbstractInstanceRegistry  : Running the evict task with compensationTime 2ms
2018-12-01 15:00:39.634  INFO 51992 --- [a-EvictionTimer] c.n.e.registry.AbstractInstanceRegistry  : Running the evict task with compensationTime 5ms
2018-12-01 15:01:39.639  INFO 51992 --- [a-EvictionTimer] c.n.e.registry.AbstractInstanceRegistry  : Running the evict task with compensationTime 4ms
2018-12-01 15:02:39.641  INFO 51992 --- [a-EvictionTimer] c.n.e.registry.AbstractInstanceRegistry  : Running the evict task with compensationTime 1ms
2018-12-01 15:03:39.643  INFO 51992 --- [a-EvictionTimer] c.n.e.registry.AbstractInstanceRegistry  : Running the evict task with compensationTime 1ms
2018-12-01 15:04:39.644  INFO 51992 --- [a-EvictionTimer] c.n.e.registry.AbstractInstanceRegistry  : Running the evict task with compensationTime 0ms
2018-12-01 15:05:39.645  INFO 51992 --- [a-EvictionTimer] c.n.e.registry.AbstractInstanceRegistry  : Running the evict task with compensationTime 0ms
2018-12-01 15:06:38.821  INFO 51992 --- [hresholdUpdater] c.n.e.r.PeerAwareInstanceRegistryImpl    : Current renewal threshold is : 5
2018-12-01 15:06:38.848  WARN 51992 --- [eerNodesUpdater] c.n.eureka.cluster.PeerEurekaNodes       : The replica size seems to be empty. Check the route 53 DNS Registry
2018-12-01 15:06:39.644  INFO 51992 --- [a-EvictionTimer] c.n.e.registry.AbstractInstanceRegistry  : Running the evict task with compensationTime 0ms
2018-12-01 15:07:39.647  INFO 51992 --- [a-EvictionTimer] c.n.e.registry.AbstractInstanceRegistry  : Running the evict task with compensationTime 1ms
2018-12-01 15:08:39.648  INFO 51992 --- [a-EvictionTimer] c.n.e.registry.AbstractInstanceRegistry  : Running the evict task with compensationTime 0ms
2018-12-01 15:09:39.652  INFO 51992 --- [a-EvictionTimer] c.n.e.registry.AbstractInstanceRegistry  : Running the evict task with compensationTime 4ms
2018-12-01 15:10:39.654  INFO 51992 --- [a-EvictionTimer] c.n.e.registry.AbstractInstanceRegistry  : Running the evict task with compensationTime 1ms
2018-12-01 15:11:39.655  INFO 51992 --- [a-EvictionTimer] c.n.e.registry.AbstractInstanceRegistry  : Running the evict task with compensationTime 0ms
2018-12-01 15:12:39.656  INFO 51992 --- [a-EvictionTimer] c.n.e.registry.AbstractInstanceRegistry  : Running the evict task with compensationTime 1ms
2018-12-01 15:13:39.661  INFO 51992 --- [a-EvictionTimer] c.n.e.registry.AbstractInstanceRegistry  : Running the evict task with compensationTime 4ms
2018-12-01 15:14:39.663  INFO 51992 --- [a-EvictionTimer] c.n.e.registry.AbstractInstanceRegistry  : Running the evict task with compensationTime 1ms
2018-12-01 15:15:39.668  INFO 51992 --- [a-EvictionTimer] c.n.e.registry.AbstractInstanceRegistry  : Running the evict task with compensationTime 4ms
2018-12-01 15:16:38.859  WARN 51992 --- [eerNodesUpdater] c.n.eureka.cluster.PeerEurekaNodes       : The replica size seems to be empty. Check the route 53 DNS Registry
2018-12-01 15:16:39.668  INFO 51992 --- [a-EvictionTimer] c.n.e.registry.AbstractInstanceRegistry  : Running the evict task with compensationTime 0ms
2018-12-01 15:17:39.673  INFO 51992 --- [a-EvictionTimer] c.n.e.registry.AbstractInstanceRegistry  : Running the evict task with compensationTime 4ms
2018-12-01 15:18:39.677  INFO 51992 --- [a-EvictionTimer] c.n.e.registry.AbstractInstanceRegistry  : Running the evict task with compensationTime 3ms
2018-12-01 15:19:39.677  INFO 51992 --- [a-EvictionTimer] c.n.e.registry.AbstractInstanceRegistry  : Running the evict task with compensationTime 0ms
2018-12-01 15:20:19.823  INFO 51992 --- [nio-8101-exec-8] c.n.e.registry.AbstractInstanceRegistry  : Registered instance LXT-CHAT/192.168.1.104:lxt-chat:8321 with status UP (replication=false)
2018-12-01 15:20:39.679  INFO 51992 --- [a-EvictionTimer] c.n.e.registry.AbstractInstanceRegistry  : Running the evict task with compensationTime 1ms
2018-12-01 15:21:38.833  INFO 51992 --- [hresholdUpdater] c.n.e.r.PeerAwareInstanceRegistryImpl    : Current renewal threshold is : 5
2018-12-01 15:21:39.678  INFO 51992 --- [a-EvictionTimer] c.n.e.registry.AbstractInstanceRegistry  : Running the evict task with compensationTime 0ms
2018-12-01 15:22:39.680  INFO 51992 --- [a-EvictionTimer] c.n.e.registry.AbstractInstanceRegistry  : Running the evict task with compensationTime 0ms
2018-12-01 15:23:39.683  INFO 51992 --- [a-EvictionTimer] c.n.e.registry.AbstractInstanceRegistry  : Running the evict task with compensationTime 0ms
2018-12-01 15:24:39.685  INFO 51992 --- [a-EvictionTimer] c.n.e.registry.AbstractInstanceRegistry  : Running the evict task with compensationTime 1ms
2018-12-01 15:25:39.692  INFO 51992 --- [a-EvictionTimer] c.n.e.registry.AbstractInstanceRegistry  : Running the evict task with compensationTime 0ms
2018-12-01 15:26:38.874  WARN 51992 --- [eerNodesUpdater] c.n.eureka.cluster.PeerEurekaNodes       : The replica size seems to be empty. Check the route 53 DNS Registry
2018-12-01 15:26:39.685  INFO 51992 --- [a-EvictionTimer] c.n.e.registry.AbstractInstanceRegistry  : Running the evict task with compensationTime 0ms
2018-12-01 15:27:39.686  INFO 51992 --- [a-EvictionTimer] c.n.e.registry.AbstractInstanceRegistry  : Running the evict task with compensationTime 0ms
2018-12-01 15:28:39.687  INFO 51992 --- [a-EvictionTimer] c.n.e.registry.AbstractInstanceRegistry  : Running the evict task with compensationTime 0ms
2018-12-01 15:29:39.688  INFO 51992 --- [a-EvictionTimer] c.n.e.registry.AbstractInstanceRegistry  : Running the evict task with compensationTime 0ms
2018-12-01 15:30:39.689  INFO 51992 --- [a-EvictionTimer] c.n.e.registry.AbstractInstanceRegistry  : Running the evict task with compensationTime 0ms
2018-12-01 15:31:39.692  INFO 51992 --- [a-EvictionTimer] c.n.e.registry.AbstractInstanceRegistry  : Running the evict task with compensationTime 3ms
2018-12-01 15:32:39.694  INFO 51992 --- [a-EvictionTimer] c.n.e.registry.AbstractInstanceRegistry  : Running the evict task with compensationTime 1ms
2018-12-01 15:33:39.694  INFO 51992 --- [a-EvictionTimer] c.n.e.registry.AbstractInstanceRegistry  : Running the evict task with compensationTime 0ms
2018-12-01 15:34:39.697  INFO 51992 --- [a-EvictionTimer] c.n.e.registry.AbstractInstanceRegistry  : Running the evict task with compensationTime 2ms
2018-12-01 15:35:39.701  INFO 51992 --- [a-EvictionTimer] c.n.e.registry.AbstractInstanceRegistry  : Running the evict task with compensationTime 4ms
2018-12-01 15:36:38.836  INFO 51992 --- [hresholdUpdater] c.n.e.r.PeerAwareInstanceRegistryImpl    : Current renewal threshold is : 5
2018-12-01 15:36:38.880  WARN 51992 --- [eerNodesUpdater] c.n.eureka.cluster.PeerEurekaNodes       : The replica size seems to be empty. Check the route 53 DNS Registry
2018-12-01 15:36:39.701  INFO 51992 --- [a-EvictionTimer] c.n.e.registry.AbstractInstanceRegistry  : Running the evict task with compensationTime 0ms
2018-12-01 15:37:39.702  INFO 51992 --- [a-EvictionTimer] c.n.e.registry.AbstractInstanceRegistry  : Running the evict task with compensationTime 0ms
2018-12-01 15:38:39.708  INFO 51992 --- [a-EvictionTimer] c.n.e.registry.AbstractInstanceRegistry  : Running the evict task with compensationTime 4ms
2018-12-01 15:39:39.707  INFO 51992 --- [a-EvictionTimer] c.n.e.registry.AbstractInstanceRegistry  : Running the evict task with compensationTime 0ms
2018-12-01 15:40:39.708  INFO 51992 --- [a-EvictionTimer] c.n.e.registry.AbstractInstanceRegistry  : Running the evict task with compensationTime 0ms
2018-12-01 15:41:39.712  INFO 51992 --- [a-EvictionTimer] c.n.e.registry.AbstractInstanceRegistry  : Running the evict task with compensationTime 4ms
2018-12-01 15:42:39.712  INFO 51992 --- [a-EvictionTimer] c.n.e.registry.AbstractInstanceRegistry  : Running the evict task with compensationTime 0ms
2018-12-01 15:43:39.716  INFO 51992 --- [a-EvictionTimer] c.n.e.registry.AbstractInstanceRegistry  : Running the evict task with compensationTime 3ms
2018-12-01 15:44:39.720  INFO 51992 --- [a-EvictionTimer] c.n.e.registry.AbstractInstanceRegistry  : Running the evict task with compensationTime 3ms
2018-12-01 15:45:39.721  INFO 51992 --- [a-EvictionTimer] c.n.e.registry.AbstractInstanceRegistry  : Running the evict task with compensationTime 0ms
2018-12-01 15:46:38.897  WARN 51992 --- [eerNodesUpdater] c.n.eureka.cluster.PeerEurekaNodes       : The replica size seems to be empty. Check the route 53 DNS Registry
2018-12-01 15:46:39.722  INFO 51992 --- [a-EvictionTimer] c.n.e.registry.AbstractInstanceRegistry  : Running the evict task with compensationTime 1ms
2018-12-01 15:47:39.724  INFO 51992 --- [a-EvictionTimer] c.n.e.registry.AbstractInstanceRegistry  : Running the evict task with compensationTime 1ms
2018-12-01 15:48:39.729  INFO 51992 --- [a-EvictionTimer] c.n.e.registry.AbstractInstanceRegistry  : Running the evict task with compensationTime 3ms
2018-12-01 15:49:39.729  INFO 51992 --- [a-EvictionTimer] c.n.e.registry.AbstractInstanceRegistry  : Running the evict task with compensationTime 0ms
2018-12-01 15:50:39.731  INFO 51992 --- [a-EvictionTimer] c.n.e.registry.AbstractInstanceRegistry  : Running the evict task with compensationTime 2ms
2018-12-01 15:51:38.850  INFO 51992 --- [hresholdUpdater] c.n.e.r.PeerAwareInstanceRegistryImpl    : Current renewal threshold is : 5
2018-12-01 15:51:39.732  INFO 51992 --- [a-EvictionTimer] c.n.e.registry.AbstractInstanceRegistry  : Running the evict task with compensationTime 1ms
2018-12-01 15:52:17.544  INFO 51992 --- [nio-8101-exec-9] c.n.e.registry.AbstractInstanceRegistry  : Registered instance LXT-CHAT/192.168.1.104:lxt-chat:8321 with status UP (replication=false)
2018-12-01 15:52:39.734  INFO 51992 --- [a-EvictionTimer] c.n.e.registry.AbstractInstanceRegistry  : Running the evict task with compensationTime 0ms
2018-12-01 15:53:39.736  INFO 51992 --- [a-EvictionTimer] c.n.e.registry.AbstractInstanceRegistry  : Running the evict task with compensationTime 2ms
2018-12-01 15:54:39.738  INFO 51992 --- [a-EvictionTimer] c.n.e.registry.AbstractInstanceRegistry  : Running the evict task with compensationTime 0ms
2018-12-01 15:55:04.446  INFO 51992 --- [nio-8101-exec-8] c.n.e.registry.AbstractInstanceRegistry  : Registered instance LXT-CHAT/192.168.1.104:lxt-chat:8321 with status UP (replication=false)
2018-12-01 15:55:38.547  INFO 51992 --- [nio-8101-exec-2] c.n.e.registry.AbstractInstanceRegistry  : Registered instance LXT-CHAT/192.168.1.104:lxt-chat:8321 with status DOWN (replication=false)
2018-12-01 15:55:39.738  INFO 51992 --- [a-EvictionTimer] c.n.e.registry.AbstractInstanceRegistry  : Running the evict task with compensationTime 0ms
2018-12-01 15:55:41.593  INFO 51992 --- [nio-8101-exec-3] c.n.e.registry.AbstractInstanceRegistry  : Cancelled instance LXT-CHAT/192.168.1.104:lxt-chat:8321 (replication=false)
2018-12-01 15:55:52.259  INFO 51992 --- [nio-8101-exec-8] c.n.e.registry.AbstractInstanceRegistry  : Registered instance LXT-CHAT/192.168.1.104:lxt-chat:8321 with status UP (replication=false)
2018-12-01 15:56:38.916  WARN 51992 --- [eerNodesUpdater] c.n.eureka.cluster.PeerEurekaNodes       : The replica size seems to be empty. Check the route 53 DNS Registry
2018-12-01 15:56:39.738  INFO 51992 --- [a-EvictionTimer] c.n.e.registry.AbstractInstanceRegistry  : Running the evict task with compensationTime 0ms
2018-12-01 15:57:39.738  INFO 51992 --- [a-EvictionTimer] c.n.e.registry.AbstractInstanceRegistry  : Running the evict task with compensationTime 0ms
2018-12-01 15:58:39.741  INFO 51992 --- [a-EvictionTimer] c.n.e.registry.AbstractInstanceRegistry  : Running the evict task with compensationTime 2ms
2018-12-01 15:59:39.744  INFO 51992 --- [a-EvictionTimer] c.n.e.registry.AbstractInstanceRegistry  : Running the evict task with compensationTime 2ms
2018-12-01 16:00:39.746  INFO 51992 --- [a-EvictionTimer] c.n.e.registry.AbstractInstanceRegistry  : Running the evict task with compensationTime 1ms
2018-12-01 16:01:39.748  INFO 51992 --- [a-EvictionTimer] c.n.e.registry.AbstractInstanceRegistry  : Running the evict task with compensationTime 1ms
2018-12-01 16:01:48.119  INFO 51992 --- [nio-8101-exec-4] c.n.e.registry.AbstractInstanceRegistry  : Registered instance LXT-CHAT/192.168.1.104:lxt-chat:8321 with status DOWN (replication=false)
2018-12-01 16:01:51.196  INFO 51992 --- [nio-8101-exec-8] c.n.e.registry.AbstractInstanceRegistry  : Cancelled instance LXT-CHAT/192.168.1.104:lxt-chat:8321 (replication=false)
2018-12-01 16:02:39.751  INFO 51992 --- [a-EvictionTimer] c.n.e.registry.AbstractInstanceRegistry  : Running the evict task with compensationTime 3ms
2018-12-01 16:03:39.754  INFO 51992 --- [a-EvictionTimer] c.n.e.registry.AbstractInstanceRegistry  : Running the evict task with compensationTime 2ms
2018-12-01 16:04:39.759  INFO 51992 --- [a-EvictionTimer] c.n.e.registry.AbstractInstanceRegistry  : Running the evict task with compensationTime 4ms
2018-12-01 16:05:39.762  INFO 51992 --- [a-EvictionTimer] c.n.e.registry.AbstractInstanceRegistry  : Running the evict task with compensationTime 2ms
2018-12-01 16:06:38.846  INFO 51992 --- [hresholdUpdater] c.n.e.r.PeerAwareInstanceRegistryImpl    : Current renewal threshold is : 3
2018-12-01 16:06:38.930  WARN 51992 --- [eerNodesUpdater] c.n.eureka.cluster.PeerEurekaNodes       : The replica size seems to be empty. Check the route 53 DNS Registry
2018-12-01 16:06:39.765  INFO 51992 --- [a-EvictionTimer] c.n.e.registry.AbstractInstanceRegistry  : Running the evict task with compensationTime 3ms
2018-12-01 16:07:39.767  INFO 51992 --- [a-EvictionTimer] c.n.e.registry.AbstractInstanceRegistry  : Running the evict task with compensationTime 1ms
2018-12-01 16:08:39.767  INFO 51992 --- [a-EvictionTimer] c.n.e.registry.AbstractInstanceRegistry  : Running the evict task with compensationTime 0ms
2018-12-01 16:09:05.811  INFO 51992 --- [nio-8101-exec-5] c.n.e.registry.AbstractInstanceRegistry  : Registered instance LXT-CHAT/192.168.1.104:lxt-chat:8321 with status UP (replication=false)
2018-12-01 16:09:39.768  INFO 51992 --- [a-EvictionTimer] c.n.e.registry.AbstractInstanceRegistry  : Running the evict task with compensationTime 0ms
2018-12-01 16:10:39.768  INFO 51992 --- [a-EvictionTimer] c.n.e.registry.AbstractInstanceRegistry  : Running the evict task with compensationTime 0ms
2018-12-01 16:11:39.769  INFO 51992 --- [a-EvictionTimer] c.n.e.registry.AbstractInstanceRegistry  : Running the evict task with compensationTime 1ms
2018-12-01 16:12:39.773  INFO 51992 --- [a-EvictionTimer] c.n.e.registry.AbstractInstanceRegistry  : Running the evict task with compensationTime 3ms
2018-12-01 16:13:19.374  INFO 51992 --- [nio-8101-exec-6] c.n.e.registry.AbstractInstanceRegistry  : Registered instance LXT-CHAT/192.168.1.104:lxt-chat:8321 with status DOWN (replication=false)
2018-12-01 16:13:22.391  INFO 51992 --- [nio-8101-exec-4] c.n.e.registry.AbstractInstanceRegistry  : Cancelled instance LXT-CHAT/192.168.1.104:lxt-chat:8321 (replication=false)
2018-12-01 16:13:39.773  INFO 51992 --- [a-EvictionTimer] c.n.e.registry.AbstractInstanceRegistry  : Running the evict task with compensationTime 0ms
2018-12-01 16:14:23.488  INFO 51992 --- [io-8101-exec-10] c.n.e.registry.AbstractInstanceRegistry  : Registered instance LXT-CHAT/192.168.1.104:lxt-chat:8321 with status UP (replication=false)
2018-12-01 16:14:39.775  INFO 51992 --- [a-EvictionTimer] c.n.e.registry.AbstractInstanceRegistry  : Running the evict task with compensationTime 1ms
2018-12-01 16:15:39.777  INFO 51992 --- [a-EvictionTimer] c.n.e.registry.AbstractInstanceRegistry  : Running the evict task with compensationTime 1ms
2018-12-01 16:16:38.940  WARN 51992 --- [eerNodesUpdater] c.n.eureka.cluster.PeerEurekaNodes       : The replica size seems to be empty. Check the route 53 DNS Registry
2018-12-01 16:16:39.782  INFO 51992 --- [a-EvictionTimer] c.n.e.registry.AbstractInstanceRegistry  : Running the evict task with compensationTime 5ms
2018-12-01 16:17:39.785  INFO 51992 --- [a-EvictionTimer] c.n.e.registry.AbstractInstanceRegistry  : Running the evict task with compensationTime 2ms
2018-12-01 16:18:39.786  INFO 51992 --- [a-EvictionTimer] c.n.e.registry.AbstractInstanceRegistry  : Running the evict task with compensationTime 1ms
2018-12-01 16:19:39.788  INFO 51992 --- [a-EvictionTimer] c.n.e.registry.AbstractInstanceRegistry  : Running the evict task with compensationTime 1ms
2018-12-01 16:20:39.789  INFO 51992 --- [a-EvictionTimer] c.n.e.registry.AbstractInstanceRegistry  : Running the evict task with compensationTime 0ms
2018-12-01 16:21:38.859  INFO 51992 --- [hresholdUpdater] c.n.e.r.PeerAwareInstanceRegistryImpl    : Current renewal threshold is : 5
2018-12-01 16:21:39.791  INFO 51992 --- [a-EvictionTimer] c.n.e.registry.AbstractInstanceRegistry  : Running the evict task with compensationTime 1ms
2018-12-01 16:22:39.796  INFO 51992 --- [a-EvictionTimer] c.n.e.registry.AbstractInstanceRegistry  : Running the evict task with compensationTime 3ms
2018-12-01 16:22:59.507  INFO 51992 --- [nio-8101-exec-8] c.n.e.registry.AbstractInstanceRegistry  : Registered instance LXT-CHAT/192.168.1.104:lxt-chat:8321 with status UP (replication=false)
2018-12-01 16:23:39.798  INFO 51992 --- [a-EvictionTimer] c.n.e.registry.AbstractInstanceRegistry  : Running the evict task with compensationTime 2ms
2018-12-01 16:24:39.810  INFO 51992 --- [a-EvictionTimer] c.n.e.registry.AbstractInstanceRegistry  : Running the evict task with compensationTime 2ms
2018-12-01 16:25:39.813  INFO 51992 --- [a-EvictionTimer] c.n.e.registry.AbstractInstanceRegistry  : Running the evict task with compensationTime 1ms
2018-12-01 16:26:38.959  WARN 51992 --- [eerNodesUpdater] c.n.eureka.cluster.PeerEurekaNodes       : The replica size seems to be empty. Check the route 53 DNS Registry
2018-12-01 16:26:39.813  INFO 51992 --- [a-EvictionTimer] c.n.e.registry.AbstractInstanceRegistry  : Running the evict task with compensationTime 0ms
2018-12-01 16:27:39.816  INFO 51992 --- [a-EvictionTimer] c.n.e.registry.AbstractInstanceRegistry  : Running the evict task with compensationTime 2ms
2018-12-01 16:28:39.820  INFO 51992 --- [a-EvictionTimer] c.n.e.registry.AbstractInstanceRegistry  : Running the evict task with compensationTime 3ms
2018-12-01 16:29:39.821  INFO 51992 --- [a-EvictionTimer] c.n.e.registry.AbstractInstanceRegistry  : Running the evict task with compensationTime 1ms
2018-12-01 16:30:39.826  INFO 51992 --- [a-EvictionTimer] c.n.e.registry.AbstractInstanceRegistry  : Running the evict task with compensationTime 4ms
2018-12-01 16:31:39.826  INFO 51992 --- [a-EvictionTimer] c.n.e.registry.AbstractInstanceRegistry  : Running the evict task with compensationTime 0ms
2018-12-01 16:32:39.831  INFO 51992 --- [a-EvictionTimer] c.n.e.registry.AbstractInstanceRegistry  : Running the evict task with compensationTime 4ms
2018-12-01 16:33:39.833  INFO 51992 --- [a-EvictionTimer] c.n.e.registry.AbstractInstanceRegistry  : Running the evict task with compensationTime 1ms
2018-12-01 16:34:39.834  INFO 51992 --- [a-EvictionTimer] c.n.e.registry.AbstractInstanceRegistry  : Running the evict task with compensationTime 1ms
2018-12-01 16:35:39.837  INFO 51992 --- [a-EvictionTimer] c.n.e.registry.AbstractInstanceRegistry  : Running the evict task with compensationTime 1ms
2018-12-01 16:36:38.870  INFO 51992 --- [hresholdUpdater] c.n.e.r.PeerAwareInstanceRegistryImpl    : Current renewal threshold is : 5
2018-12-01 16:36:38.970  WARN 51992 --- [eerNodesUpdater] c.n.eureka.cluster.PeerEurekaNodes       : The replica size seems to be empty. Check the route 53 DNS Registry
2018-12-01 16:36:39.840  INFO 51992 --- [a-EvictionTimer] c.n.e.registry.AbstractInstanceRegistry  : Running the evict task with compensationTime 3ms
2018-12-01 16:37:39.844  INFO 51992 --- [a-EvictionTimer] c.n.e.registry.AbstractInstanceRegistry  : Running the evict task with compensationTime 3ms
2018-12-01 16:38:39.850  INFO 51992 --- [a-EvictionTimer] c.n.e.registry.AbstractInstanceRegistry  : Running the evict task with compensationTime 5ms
2018-12-01 16:39:39.850  INFO 51992 --- [a-EvictionTimer] c.n.e.registry.AbstractInstanceRegistry  : Running the evict task with compensationTime 0ms
2018-12-01 16:40:39.852  INFO 51992 --- [a-EvictionTimer] c.n.e.registry.AbstractInstanceRegistry  : Running the evict task with compensationTime 2ms
2018-12-01 16:41:39.855  INFO 51992 --- [a-EvictionTimer] c.n.e.registry.AbstractInstanceRegistry  : Running the evict task with compensationTime 1ms
2018-12-01 16:41:50.091  INFO 51992 --- [nio-8101-exec-8] c.n.e.registry.AbstractInstanceRegistry  : Registered instance LXT-CHAT/192.168.1.104:lxt-chat:8321 with status UP (replication=false)
2018-12-01 16:42:39.869  INFO 51992 --- [a-EvictionTimer] c.n.e.registry.AbstractInstanceRegistry  : Running the evict task with compensationTime 3ms
2018-12-01 16:43:39.870  INFO 51992 --- [a-EvictionTimer] c.n.e.registry.AbstractInstanceRegistry  : Running the evict task with compensationTime 1ms
2018-12-01 16:44:24.099  INFO 51992 --- [nio-8101-exec-1] c.n.e.registry.AbstractInstanceRegistry  : Registered instance LXT-CHAT/192.168.1.104:lxt-chat:8321 with status UP (replication=false)
2018-12-01 16:44:39.871  INFO 51992 --- [a-EvictionTimer] c.n.e.registry.AbstractInstanceRegistry  : Running the evict task with compensationTime 0ms
2018-12-01 16:45:14.719  INFO 51992 --- [nio-8101-exec-8] c.n.e.registry.AbstractInstanceRegistry  : Registered instance LXT-CHAT/192.168.1.104:lxt-chat:8321 with status DOWN (replication=false)
2018-12-01 16:45:17.851  INFO 51992 --- [nio-8101-exec-7] c.n.e.registry.AbstractInstanceRegistry  : Cancelled instance LXT-CHAT/192.168.1.104:lxt-chat:8321 (replication=false)
2018-12-01 16:45:39.871  INFO 51992 --- [a-EvictionTimer] c.n.e.registry.AbstractInstanceRegistry  : Running the evict task with compensationTime 0ms
2018-12-01 16:46:09.796  INFO 51992 --- [nio-8101-exec-2] c.n.e.registry.AbstractInstanceRegistry  : Registered instance LXT-CHAT/192.168.1.104:lxt-chat:8321 with status UP (replication=false)
2018-12-01 16:46:38.992  WARN 51992 --- [eerNodesUpdater] c.n.eureka.cluster.PeerEurekaNodes       : The replica size seems to be empty. Check the route 53 DNS Registry
2018-12-01 16:46:39.875  INFO 51992 --- [a-EvictionTimer] c.n.e.registry.AbstractInstanceRegistry  : Running the evict task with compensationTime 3ms
2018-12-01 16:47:39.877  INFO 51992 --- [a-EvictionTimer] c.n.e.registry.AbstractInstanceRegistry  : Running the evict task with compensationTime 1ms
2018-12-01 16:48:39.880  INFO 51992 --- [a-EvictionTimer] c.n.e.registry.AbstractInstanceRegistry  : Running the evict task with compensationTime 3ms
2018-12-01 16:49:39.881  INFO 51992 --- [a-EvictionTimer] c.n.e.registry.AbstractInstanceRegistry  : Running the evict task with compensationTime 0ms
2018-12-01 16:50:39.882  INFO 51992 --- [a-EvictionTimer] c.n.e.registry.AbstractInstanceRegistry  : Running the evict task with compensationTime 0ms
2018-12-01 16:51:38.888  INFO 51992 --- [hresholdUpdater] c.n.e.r.PeerAwareInstanceRegistryImpl    : Current renewal threshold is : 5
2018-12-01 16:51:39.887  INFO 51992 --- [a-EvictionTimer] c.n.e.registry.AbstractInstanceRegistry  : Running the evict task with compensationTime 4ms
2018-12-01 16:52:39.888  INFO 51992 --- [a-EvictionTimer] c.n.e.registry.AbstractInstanceRegistry  : Running the evict task with compensationTime 1ms
2018-12-01 16:53:39.888  INFO 51992 --- [a-EvictionTimer] c.n.e.registry.AbstractInstanceRegistry  : Running the evict task with compensationTime 0ms
2018-12-01 16:54:39.889  INFO 51992 --- [a-EvictionTimer] c.n.e.registry.AbstractInstanceRegistry  : Running the evict task with compensationTime 0ms
2018-12-01 16:55:39.894  INFO 51992 --- [a-EvictionTimer] c.n.e.registry.AbstractInstanceRegistry  : Running the evict task with compensationTime 5ms
2018-12-01 16:56:39.003  WARN 51992 --- [eerNodesUpdater] c.n.eureka.cluster.PeerEurekaNodes       : The replica size seems to be empty. Check the route 53 DNS Registry
2018-12-01 16:56:39.895  INFO 51992 --- [a-EvictionTimer] c.n.e.registry.AbstractInstanceRegistry  : Running the evict task with compensationTime 0ms
2018-12-01 16:57:39.895  INFO 51992 --- [a-EvictionTimer] c.n.e.registry.AbstractInstanceRegistry  : Running the evict task with compensationTime 2ms
2018-12-01 16:58:39.896  INFO 51992 --- [a-EvictionTimer] c.n.e.registry.AbstractInstanceRegistry  : Running the evict task with compensationTime 0ms
2018-12-01 16:59:39.901  INFO 51992 --- [a-EvictionTimer] c.n.e.registry.AbstractInstanceRegistry  : Running the evict task with compensationTime 4ms
2018-12-01 17:00:39.906  INFO 51992 --- [a-EvictionTimer] c.n.e.registry.AbstractInstanceRegistry  : Running the evict task with compensationTime 4ms
2018-12-01 17:01:39.911  INFO 51992 --- [a-EvictionTimer] c.n.e.registry.AbstractInstanceRegistry  : Running the evict task with compensationTime 5ms
2018-12-01 17:02:39.914  INFO 51992 --- [a-EvictionTimer] c.n.e.registry.AbstractInstanceRegistry  : Running the evict task with compensationTime 2ms
2018-12-01 17:03:39.916  INFO 51992 --- [a-EvictionTimer] c.n.e.registry.AbstractInstanceRegistry  : Running the evict task with compensationTime 1ms
2018-12-01 17:04:39.917  INFO 51992 --- [a-EvictionTimer] c.n.e.registry.AbstractInstanceRegistry  : Running the evict task with compensationTime 1ms
2018-12-01 17:05:39.918  INFO 51992 --- [a-EvictionTimer] c.n.e.registry.AbstractInstanceRegistry  : Running the evict task with compensationTime 0ms
2018-12-01 17:06:38.891  INFO 51992 --- [hresholdUpdater] c.n.e.r.PeerAwareInstanceRegistryImpl    : Current renewal threshold is : 5
2018-12-01 17:06:39.018  WARN 51992 --- [eerNodesUpdater] c.n.eureka.cluster.PeerEurekaNodes       : The replica size seems to be empty. Check the route 53 DNS Registry
2018-12-01 17:06:39.918  INFO 51992 --- [a-EvictionTimer] c.n.e.registry.AbstractInstanceRegistry  : Running the evict task with compensationTime 0ms
2018-12-01 17:07:39.918  INFO 51992 --- [a-EvictionTimer] c.n.e.registry.AbstractInstanceRegistry  : Running the evict task with compensationTime 0ms
2018-12-01 17:08:39.918  INFO 51992 --- [a-EvictionTimer] c.n.e.registry.AbstractInstanceRegistry  : Running the evict task with compensationTime 0ms
2018-12-01 17:09:39.918  INFO 51992 --- [a-EvictionTimer] c.n.e.registry.AbstractInstanceRegistry  : Running the evict task with compensationTime 0ms
2018-12-01 17:10:39.918  INFO 51992 --- [a-EvictionTimer] c.n.e.registry.AbstractInstanceRegistry  : Running the evict task with compensationTime 0ms
2018-12-01 17:11:39.920  INFO 51992 --- [a-EvictionTimer] c.n.e.registry.AbstractInstanceRegistry  : Running the evict task with compensationTime 1ms
2018-12-01 17:12:39.920  INFO 51992 --- [a-EvictionTimer] c.n.e.registry.AbstractInstanceRegistry  : Running the evict task with compensationTime 0ms
2018-12-01 17:13:39.921  INFO 51992 --- [a-EvictionTimer] c.n.e.registry.AbstractInstanceRegistry  : Running the evict task with compensationTime 0ms
2018-12-01 17:14:39.921  INFO 51992 --- [a-EvictionTimer] c.n.e.registry.AbstractInstanceRegistry  : Running the evict task with compensationTime 0ms
2018-12-01 17:15:39.922  INFO 51992 --- [a-EvictionTimer] c.n.e.registry.AbstractInstanceRegistry  : Running the evict task with compensationTime 1ms
2018-12-01 17:16:39.030  WARN 51992 --- [eerNodesUpdater] c.n.eureka.cluster.PeerEurekaNodes       : The replica size seems to be empty. Check the route 53 DNS Registry
2018-12-01 17:16:39.927  INFO 51992 --- [a-EvictionTimer] c.n.e.registry.AbstractInstanceRegistry  : Running the evict task with compensationTime 4ms
2018-12-01 17:17:39.928  INFO 51992 --- [a-EvictionTimer] c.n.e.registry.AbstractInstanceRegistry  : Running the evict task with compensationTime 0ms
2018-12-01 17:18:39.930  INFO 51992 --- [a-EvictionTimer] c.n.e.registry.AbstractInstanceRegistry  : Running the evict task with compensationTime 1ms
2018-12-01 17:19:39.933  INFO 51992 --- [a-EvictionTimer] c.n.e.registry.AbstractInstanceRegistry  : Running the evict task with compensationTime 2ms
2018-12-01 17:20:39.934  INFO 51992 --- [a-EvictionTimer] c.n.e.registry.AbstractInstanceRegistry  : Running the evict task with compensationTime 0ms
2018-12-01 17:21:38.895  INFO 51992 --- [hresholdUpdater] c.n.e.r.PeerAwareInstanceRegistryImpl    : Current renewal threshold is : 5
2018-12-01 17:21:39.937  INFO 51992 --- [a-EvictionTimer] c.n.e.registry.AbstractInstanceRegistry  : Running the evict task with compensationTime 2ms
2018-12-01 17:22:39.942  INFO 51992 --- [a-EvictionTimer] c.n.e.registry.AbstractInstanceRegistry  : Running the evict task with compensationTime 4ms
2018-12-01 17:23:39.943  INFO 51992 --- [a-EvictionTimer] c.n.e.registry.AbstractInstanceRegistry  : Running the evict task with compensationTime 0ms
2018-12-01 17:24:39.942  INFO 51992 --- [a-EvictionTimer] c.n.e.registry.AbstractInstanceRegistry  : Running the evict task with compensationTime 0ms
